{"meta": {"format": 3, "version": "7.13.5", "timestamp": "2026-05-14T04:52:18.780269", "branch_coverage": true, "show_contexts": false}, "files": {"src/chopper/__init__.py": {"executed_lines": [3, 5, 6, 8, 9, 10, 13, 14, 16, 17, 18, 19, 20], "summary": {"covered_lines": 13, "num_statements": 13, "percent_covered": 100.0, "percent_covered_display": "100", "missing_lines": 0, "excluded_lines": 0, "percent_statements_covered": 100.0, "percent_statements_covered_display": "100", "num_branches": 0, "num_partial_branches": 0, "covered_branches": 0, "missing_branches": 0, "percent_branches_covered": 100.0, "percent_branches_covered_display": "100"}, "missing_lines": [], "excluded_lines": [], "executed_branches": [], "missing_branches": [], "functions": {"": {"executed_lines": [3, 5, 6, 8, 9, 10, 13, 14, 16, 17, 18, 19, 20], "summary": {"covered_lines": 13, "num_statements": 13, "percent_covered": 100.0, "percent_covered_display": "100", "missing_lines": 0, "excluded_lines": 0, "percent_statements_covered": 100.0, "percent_statements_covered_display": "100", "num_branches": 0, "num_partial_branches": 0, "covered_branches": 0, "missing_branches": 0, "percent_branches_covered": 100.0, "percent_branches_covered_display": "100"}, "missing_lines": [], "excluded_lines": [], "start_line": 1, "executed_branches": [], "missing_branches": []}}, "classes": {"": {"executed_lines": [3, 5, 6, 8, 9, 10, 13, 14, 16, 17, 18, 19, 20], "summary": {"covered_lines": 13, "num_statements": 13, "percent_covered": 100.0, "percent_covered_display": "100", "missing_lines": 0, "excluded_lines": 0, "percent_statements_covered": 100.0, "percent_statements_covered_display": "100", "num_branches": 0, "num_partial_branches": 0, "covered_branches": 0, "missing_branches": 0, "percent_branches_covered": 100.0, "percent_branches_covered_display": "100"}, "missing_lines": [], "excluded_lines": [], "start_line": 1, "executed_branches": [], "missing_branches": []}}}, "src/chopper/__main__.py": {"executed_lines": [], "summary": {"covered_lines": 0, "num_statements": 3, "percent_covered": 0.0, "percent_covered_display": "0", "missing_lines": 3, "excluded_lines": 0, "percent_statements_covered": 0.0, "percent_statements_covered_display": "0", "num_branches": 0, "num_partial_branches": 0, "covered_branches": 0, "missing_branches": 0, "percent_branches_covered": 100.0, "percent_branches_covered_display": "100"}, "missing_lines": [10, 12, 14], "excluded_lines": [], "executed_branches": [], "missing_branches": [], "functions": {"": {"executed_lines": [], "summary": {"covered_lines": 0, "num_statements": 3, "percent_covered": 0.0, "percent_covered_display": "0", "missing_lines": 3, "excluded_lines": 0, "percent_statements_covered": 0.0, "percent_statements_covered_display": "0", "num_branches": 0, "num_partial_branches": 0, "covered_branches": 0, "missing_branches": 0, "percent_branches_covered": 100.0, "percent_branches_covered_display": "100"}, "missing_lines": [10, 12, 14], "excluded_lines": [], "start_line": 1, "executed_branches": [], "missing_branches": []}}, "classes": {"": {"executed_lines": [], "summary": {"covered_lines": 0, "num_statements": 3, "percent_covered": 0.0, "percent_covered_display": "0", "missing_lines": 3, "excluded_lines": 0, "percent_statements_covered": 0.0, "percent_statements_covered_display": "0", "num_branches": 0, "num_partial_branches": 0, "covered_branches": 0, "missing_branches": 0, "percent_branches_covered": 100.0, "percent_branches_covered_display": "100"}, "missing_lines": [10, 12, 14], "excluded_lines": [], "start_line": 1, "executed_branches": [], "missing_branches": []}}}, "src/chopper/adapters/__init__.py": {"executed_lines": [20, 22, 23, 24, 25, 26, 28], "summary": {"covered_lines": 7, "num_statements": 7, "percent_covered": 100.0, "percent_covered_display": "100", "missing_lines": 0, "excluded_lines": 0, "percent_statements_covered": 100.0, "percent_statements_covered_display": "100", "num_branches": 0, "num_partial_branches": 0, "covered_branches": 0, "missing_branches": 0, "percent_branches_covered": 100.0, "percent_branches_covered_display": "100"}, "missing_lines": [], "excluded_lines": [], "executed_branches": [], "missing_branches": [], "functions": {"": {"executed_lines": [20, 22, 23, 24, 25, 26, 28], "summary": {"covered_lines": 7, "num_statements": 7, "percent_covered": 100.0, "percent_covered_display": "100", "missing_lines": 0, "excluded_lines": 0, "percent_statements_covered": 100.0, "percent_statements_covered_display": "100", "num_branches": 0, "num_partial_branches": 0, "covered_branches": 0, "missing_branches": 0, "percent_branches_covered": 100.0, "percent_branches_covered_display": "100"}, "missing_lines": [], "excluded_lines": [], "start_line": 1, "executed_branches": [], "missing_branches": []}}, "classes": {"": {"executed_lines": [20, 22, 23, 24, 25, 26, 28], "summary": {"covered_lines": 7, "num_statements": 7, "percent_covered": 100.0, "percent_covered_display": "100", "missing_lines": 0, "excluded_lines": 0, "percent_statements_covered": 100.0, "percent_statements_covered_display": "100", "num_branches": 0, "num_partial_branches": 0, "covered_branches": 0, "missing_branches": 0, "percent_branches_covered": 100.0, "percent_branches_covered_display": "100"}, "missing_lines": [], "excluded_lines": [], "start_line": 1, "executed_branches": [], "missing_branches": []}}}, "src/chopper/adapters/fs_local.py": {"executed_lines": [13, 15, 16, 17, 19, 21, 24, 27, 28, 30, 31, 32, 34, 35, 37, 38, 39, 40, 41, 43, 44, 45, 47, 48, 50, 51, 52, 53, 55, 56, 57, 59, 60, 62, 63, 64, 66, 67, 69, 70, 71, 73], "summary": {"covered_lines": 42, "num_statements": 42, "percent_covered": 100.0, "percent_covered_display": "100", "missing_lines": 0, "excluded_lines": 0, "percent_statements_covered": 100.0, "percent_statements_covered_display": "100", "num_branches": 8, "num_partial_branches": 0, "covered_branches": 8, "missing_branches": 0, "percent_branches_covered": 100.0, "percent_branches_covered_display": "100"}, "missing_lines": [], "excluded_lines": [], "executed_branches": [[39, 40], [39, 41], [51, 52], [51, 57], [52, 53], [52, 55], [69, 70], [69, 71]], "missing_branches": [], "functions": {"LocalFS.read_text": {"executed_lines": [28], "summary": {"covered_lines": 1, "num_statements": 1, "percent_covered": 100.0, "percent_covered_display": "100", "missing_lines": 0, "excluded_lines": 0, "percent_statements_covered": 100.0, "percent_statements_covered_display": "100", "num_branches": 0, "num_partial_branches": 0, "covered_branches": 0, "missing_branches": 0, "percent_branches_covered": 100.0, "percent_branches_covered_display": "100"}, "missing_lines": [], "excluded_lines": [], "start_line": 27, "executed_branches": [], "missing_branches": []}, "LocalFS.write_text": {"executed_lines": [31, 32], "summary": {"covered_lines": 2, "num_statements": 2, "percent_covered": 100.0, "percent_covered_display": "100", "missing_lines": 0, "excluded_lines": 0, "percent_statements_covered": 100.0, "percent_statements_covered_display": "100", "num_branches": 0, "num_partial_branches": 0, "covered_branches": 0, "missing_branches": 0, "percent_branches_covered": 100.0, "percent_branches_covered_display": "100"}, "missing_lines": [], "excluded_lines": [], "start_line": 30, "executed_branches": [], "missing_branches": []}, "LocalFS.exists": {"executed_lines": [35], "summary": {"covered_lines": 1, "num_statements": 1, "percent_covered": 100.0, "percent_covered_display": "100", "missing_lines": 0, "excluded_lines": 0, "percent_statements_covered": 100.0, "percent_statements_covered_display": "100", "num_branches": 0, "num_partial_branches": 0, "covered_branches": 0, "missing_branches": 0, "percent_branches_covered": 100.0, "percent_branches_covered_display": "100"}, "missing_lines": [], "excluded_lines": [], "start_line": 34, "executed_branches": [], "missing_branches": []}, "LocalFS.list": {"executed_lines": [38, 39, 40, 41], "summary": {"covered_lines": 4, "num_statements": 4, "percent_covered": 100.0, "percent_covered_display": "100", "missing_lines": 0, "excluded_lines": 0, "percent_statements_covered": 100.0, "percent_statements_covered_display": "100", "num_branches": 2, "num_partial_branches": 0, "covered_branches": 2, "missing_branches": 0, "percent_branches_covered": 100.0, "percent_branches_covered_display": "100"}, "missing_lines": [], "excluded_lines": [], "start_line": 37, "executed_branches": [[39, 40], [39, 41]], "missing_branches": []}, "LocalFS.stat": {"executed_lines": [44, 45], "summary": {"covered_lines": 2, "num_statements": 2, "percent_covered": 100.0, "percent_covered_display": "100", "missing_lines": 0, "excluded_lines": 0, "percent_statements_covered": 100.0, "percent_statements_covered_display": "100", "num_branches": 0, "num_partial_branches": 0, "covered_branches": 0, "missing_branches": 0, "percent_branches_covered": 100.0, "percent_branches_covered_display": "100"}, "missing_lines": [], "excluded_lines": [], "start_line": 43, "executed_branches": [], "missing_branches": []}, "LocalFS.rename": {"executed_lines": [48], "summary": {"covered_lines": 1, "num_statements": 1, "percent_covered": 100.0, "percent_covered_display": "100", "missing_lines": 0, "excluded_lines": 0, "percent_statements_covered": 100.0, "percent_statements_covered_display": "100", "num_branches": 0, "num_partial_branches": 0, "covered_branches": 0, "missing_branches": 0, "percent_branches_covered": 100.0, "percent_branches_covered_display": "100"}, "missing_lines": [], "excluded_lines": [], "start_line": 47, "executed_branches": [], "missing_branches": []}, "LocalFS.remove": {"executed_lines": [51, 52, 53, 55, 56, 57], "summary": {"covered_lines": 6, "num_statements": 6, "percent_covered": 100.0, "percent_covered_display": "100", "missing_lines": 0, "excluded_lines": 0, "percent_statements_covered": 100.0, "percent_statements_covered_display": "100", "num_branches": 4, "num_partial_branches": 0, "covered_branches": 4, "missing_branches": 0, "percent_branches_covered": 100.0, "percent_branches_covered_display": "100"}, "missing_lines": [], "excluded_lines": [], "start_line": 50, "executed_branches": [[51, 52], [51, 57], [52, 53], [52, 55]], "missing_branches": []}, "LocalFS.mkdir": {"executed_lines": [60], "summary": {"covered_lines": 1, "num_statements": 1, "percent_covered": 100.0, "percent_covered_display": "100", "missing_lines": 0, "excluded_lines": 0, "percent_statements_covered": 100.0, "percent_statements_covered_display": "100", "num_branches": 0, "num_partial_branches": 0, "covered_branches": 0, "missing_branches": 0, "percent_branches_covered": 100.0, "percent_branches_covered_display": "100"}, "missing_lines": [], "excluded_lines": [], "start_line": 59, "executed_branches": [], "missing_branches": []}, "LocalFS.copy_file": {"executed_lines": [63, 64], "summary": {"covered_lines": 2, "num_statements": 2, "percent_covered": 100.0, "percent_covered_display": "100", "missing_lines": 0, "excluded_lines": 0, "percent_statements_covered": 100.0, "percent_statements_covered_display": "100", "num_branches": 0, "num_partial_branches": 0, "covered_branches": 0, "missing_branches": 0, "percent_branches_covered": 100.0, "percent_branches_covered_display": "100"}, "missing_lines": [], "excluded_lines": [], "start_line": 62, "executed_branches": [], "missing_branches": []}, "LocalFS.copy_tree": {"executed_lines": [67, 73], "summary": {"covered_lines": 2, "num_statements": 2, "percent_covered": 100.0, "percent_covered_display": "100", "missing_lines": 0, "excluded_lines": 0, "percent_statements_covered": 100.0, "percent_statements_covered_display": "100", "num_branches": 0, "num_partial_branches": 0, "covered_branches": 0, "missing_branches": 0, "percent_branches_covered": 100.0, "percent_branches_covered_display": "100"}, "missing_lines": [], "excluded_lines": [], "start_line": 66, "executed_branches": [], "missing_branches": []}, "LocalFS.copy_tree._ignore": {"executed_lines": [69, 70, 71], "summary": {"covered_lines": 3, "num_statements": 3, "percent_covered": 100.0, "percent_covered_display": "100", "missing_lines": 0, "excluded_lines": 0, "percent_statements_covered": 100.0, "percent_statements_covered_display": "100", "num_branches": 2, "num_partial_branches": 0, "covered_branches": 2, "missing_branches": 0, "percent_branches_covered": 100.0, "percent_branches_covered_display": "100"}, "missing_lines": [], "excluded_lines": [], "start_line": 67, "executed_branches": [[69, 70], [69, 71]], "missing_branches": []}, "": {"executed_lines": [13, 15, 16, 17, 19, 21, 24, 27, 30, 34, 37, 43, 47, 50, 59, 62, 66], "summary": {"covered_lines": 17, "num_statements": 17, "percent_covered": 100.0, "percent_covered_display": "100", "missing_lines": 0, "excluded_lines": 0, "percent_statements_covered": 100.0, "percent_statements_covered_display": "100", "num_branches": 0, "num_partial_branches": 0, "covered_branches": 0, "missing_branches": 0, "percent_branches_covered": 100.0, "percent_branches_covered_display": "100"}, "missing_lines": [], "excluded_lines": [], "start_line": 1, "executed_branches": [], "missing_branches": []}}, "classes": {"LocalFS": {"executed_lines": [28, 31, 32, 35, 38, 39, 40, 41, 44, 45, 48, 51, 52, 53, 55, 56, 57, 60, 63, 64, 67, 69, 70, 71, 73], "summary": {"covered_lines": 25, "num_statements": 25, "percent_covered": 100.0, "percent_covered_display": "100", "missing_lines": 0, "excluded_lines": 0, "percent_statements_covered": 100.0, "percent_statements_covered_display": "100", "num_branches": 8, "num_partial_branches": 0, "covered_branches": 8, "missing_branches": 0, "percent_branches_covered": 100.0, "percent_branches_covered_display": "100"}, "missing_lines": [], "excluded_lines": [], "start_line": 24, "executed_branches": [[39, 40], [39, 41], [51, 52], [51, 57], [52, 53], [52, 55], [69, 70], [69, 71]], "missing_branches": []}, "": {"executed_lines": [13, 15, 16, 17, 19, 21, 24, 27, 30, 34, 37, 43, 47, 50, 59, 62, 66], "summary": {"covered_lines": 17, "num_statements": 17, "percent_covered": 100.0, "percent_covered_display": "100", "missing_lines": 0, "excluded_lines": 0, "percent_statements_covered": 100.0, "percent_statements_covered_display": "100", "num_branches": 0, "num_partial_branches": 0, "covered_branches": 0, "missing_branches": 0, "percent_branches_covered": 100.0, "percent_branches_covered_display": "100"}, "missing_lines": [], "excluded_lines": [], "start_line": 1, "executed_branches": [], "missing_branches": []}}}, "src/chopper/adapters/fs_memory.py": {"executed_lines": [23, 25, 26, 27, 29, 31, 34, 37, 40, 51, 52, 53, 57, 58, 59, 64, 65, 66, 67, 68, 70, 71, 72, 74, 75, 76, 77, 78, 79, 80, 82, 83, 84, 85, 86, 88, 89, 90, 92, 93, 94, 95, 96, 97, 98, 103, 104, 105, 106, 107, 108, 109, 111, 112, 113, 114, 115, 116, 117, 119, 120, 121, 122, 123, 124, 125, 126, 127, 128, 129, 131, 132, 133, 135, 136, 137, 138, 139, 140, 142, 145, 146, 147, 148, 149, 150, 151, 152, 153, 154, 156, 157, 158, 159, 160, 161, 162, 163, 164, 166, 167, 168, 169, 170, 172, 173, 174, 175, 176, 177, 178, 179, 180, 181, 183, 184, 185, 186, 187, 189, 190, 191, 194, 195, 196, 198, 199, 200, 201, 202, 203, 204, 205, 206, 207, 208, 209, 210, 213, 216, 217, 218, 219, 220, 223, 226, 227, 228, 229], "summary": {"covered_lines": 149, "num_statements": 150, "percent_covered": 98.36065573770492, "percent_covered_display": "98", "missing_lines": 1, "excluded_lines": 0, "percent_statements_covered": 99.33333333333333, "percent_statements_covered_display": "99", "num_branches": 94, "num_partial_branches": 3, "covered_branches": 91, "missing_branches": 3, "percent_branches_covered": 96.80851063829788, "percent_branches_covered_display": "97"}, "missing_lines": [197], "excluded_lines": [], "executed_branches": [[57, -51], [57, 58], [58, 57], [58, 59], [66, 67], [66, 68], [76, 77], [76, 78], [78, 79], [78, 80], [84, 85], [84, 86], [88, 89], [88, 92], [89, 88], [89, 90], [92, 93], [92, 95], [93, 92], [93, 94], [96, 97], [96, 98], [105, 106], [105, 107], [107, 108], [107, 109], [114, 115], [114, 116], [116, 117], [116, 119], [120, 121], [120, 125], [121, 122], [125, 126], [125, 131], [126, 125], [126, 127], [131, -111], [131, 132], [132, 131], [132, 133], [137, 138], [137, 140], [140, 142], [140, 154], [145, 146], [145, 147], [147, 148], [147, 150], [148, 147], [148, 149], [150, 151], [150, 153], [151, 150], [151, 152], [158, 159], [158, 162], [159, 160], [159, 161], [162, 163], [162, 164], [164, 166], [164, 168], [166, 167], [168, 169], [168, 170], [175, 176], [175, 177], [177, 178], [177, 179], [179, 180], [179, 181], [186, 187], [186, 189], [189, 190], [189, 191], [195, 196], [195, 204], [196, 198], [198, 199], [198, 200], [202, 195], [202, 203], [204, -183], [204, 205], [205, 206], [205, 207], [207, 208], [207, 209], [226, 227], [226, 228]], "missing_branches": [[121, 120], [166, 168], [196, 197]], "functions": {"_key": {"executed_lines": [37], "summary": {"covered_lines": 1, "num_statements": 1, "percent_covered": 100.0, "percent_covered_display": "100", "missing_lines": 0, "excluded_lines": 0, "percent_statements_covered": 100.0, "percent_statements_covered_display": "100", "num_branches": 0, "num_partial_branches": 0, "covered_branches": 0, "missing_branches": 0, "percent_branches_covered": 100.0, "percent_branches_covered_display": "100"}, "missing_lines": [], "excluded_lines": [], "start_line": 34, "executed_branches": [], "missing_branches": []}, "InMemoryFS.__init__": {"executed_lines": [52, 53, 57, 58, 59], "summary": {"covered_lines": 5, "num_statements": 5, "percent_covered": 100.0, "percent_covered_display": "100", "missing_lines": 0, "excluded_lines": 0, "percent_statements_covered": 100.0, "percent_statements_covered_display": "100", "num_branches": 4, "num_partial_branches": 0, "covered_branches": 4, "missing_branches": 0, "percent_branches_covered": 100.0, "percent_branches_covered_display": "100"}, "missing_lines": [], "excluded_lines": [], "start_line": 51, "executed_branches": [[57, -51], [57, 58], [58, 57], [58, 59]], "missing_branches": []}, "InMemoryFS.read_text": {"executed_lines": [65, 66, 67, 68], "summary": {"covered_lines": 4, "num_statements": 4, "percent_covered": 100.0, "percent_covered_display": "100", "missing_lines": 0, "excluded_lines": 0, "percent_statements_covered": 100.0, "percent_statements_covered_display": "100", "num_branches": 2, "num_partial_branches": 0, "covered_branches": 2, "missing_branches": 0, "percent_branches_covered": 100.0, "percent_branches_covered_display": "100"}, "missing_lines": [], "excluded_lines": [], "start_line": 64, "executed_branches": [[66, 67], [66, 68]], "missing_branches": []}, "InMemoryFS.exists": {"executed_lines": [71, 72], "summary": {"covered_lines": 2, "num_statements": 2, "percent_covered": 100.0, "percent_covered_display": "100", "missing_lines": 0, "excluded_lines": 0, "percent_statements_covered": 100.0, "percent_statements_covered_display": "100", "num_branches": 0, "num_partial_branches": 0, "covered_branches": 0, "missing_branches": 0, "percent_branches_covered": 100.0, "percent_branches_covered_display": "100"}, "missing_lines": [], "excluded_lines": [], "start_line": 70, "executed_branches": [], "missing_branches": []}, "InMemoryFS.stat": {"executed_lines": [75, 76, 77, 78, 79, 80], "summary": {"covered_lines": 6, "num_statements": 6, "percent_covered": 100.0, "percent_covered_display": "100", "missing_lines": 0, "excluded_lines": 0, "percent_statements_covered": 100.0, "percent_statements_covered_display": "100", "num_branches": 4, "num_partial_branches": 0, "covered_branches": 4, "missing_branches": 0, "percent_branches_covered": 100.0, "percent_branches_covered_display": "100"}, "missing_lines": [], "excluded_lines": [], "start_line": 74, "executed_branches": [[76, 77], [76, 78], [78, 79], [78, 80]], "missing_branches": []}, "InMemoryFS.list": {"executed_lines": [83, 84, 85, 86, 88, 89, 90, 92, 93, 94, 95, 96, 97, 98], "summary": {"covered_lines": 14, "num_statements": 14, "percent_covered": 100.0, "percent_covered_display": "100", "missing_lines": 0, "excluded_lines": 0, "percent_statements_covered": 100.0, "percent_statements_covered_display": "100", "num_branches": 12, "num_partial_branches": 0, "covered_branches": 12, "missing_branches": 0, "percent_branches_covered": 100.0, "percent_branches_covered_display": "100"}, "missing_lines": [], "excluded_lines": [], "start_line": 82, "executed_branches": [[84, 85], [84, 86], [88, 89], [88, 92], [89, 88], [89, 90], [92, 93], [92, 95], [93, 92], [93, 94], [96, 97], [96, 98]], "missing_branches": []}, "InMemoryFS.write_text": {"executed_lines": [104, 105, 106, 107, 108, 109], "summary": {"covered_lines": 6, "num_statements": 6, "percent_covered": 100.0, "percent_covered_display": "100", "missing_lines": 0, "excluded_lines": 0, "percent_statements_covered": 100.0, "percent_statements_covered_display": "100", "num_branches": 4, "num_partial_branches": 0, "covered_branches": 4, "missing_branches": 0, "percent_branches_covered": 100.0, "percent_branches_covered_display": "100"}, "missing_lines": [], "excluded_lines": [], "start_line": 103, "executed_branches": [[105, 106], [105, 107], [107, 108], [107, 109]], "missing_branches": []}, "InMemoryFS.rename": {"executed_lines": [112, 113, 114, 115, 116, 117, 119, 120, 121, 122, 123, 124, 125, 126, 127, 128, 129, 131, 132, 133], "summary": {"covered_lines": 20, "num_statements": 20, "percent_covered": 97.22222222222223, "percent_covered_display": "97", "missing_lines": 0, "excluded_lines": 0, "percent_statements_covered": 100.0, "percent_statements_covered_display": "100", "num_branches": 16, "num_partial_branches": 1, "covered_branches": 15, "missing_branches": 1, "percent_branches_covered": 93.75, "percent_branches_covered_display": "94"}, "missing_lines": [], "excluded_lines": [], "start_line": 111, "executed_branches": [[114, 115], [114, 116], [116, 117], [116, 119], [120, 121], [120, 125], [121, 122], [125, 126], [125, 131], [126, 125], [126, 127], [131, -111], [131, 132], [132, 131], [132, 133]], "missing_branches": [[121, 120]]}, "InMemoryFS.remove": {"executed_lines": [136, 137, 138, 139, 140, 142, 145, 146, 147, 148, 149, 150, 151, 152, 153, 154], "summary": {"covered_lines": 16, "num_statements": 16, "percent_covered": 100.0, "percent_covered_display": "100", "missing_lines": 0, "excluded_lines": 0, "percent_statements_covered": 100.0, "percent_statements_covered_display": "100", "num_branches": 14, "num_partial_branches": 0, "covered_branches": 14, "missing_branches": 0, "percent_branches_covered": 100.0, "percent_branches_covered_display": "100"}, "missing_lines": [], "excluded_lines": [], "start_line": 135, "executed_branches": [[137, 138], [137, 140], [140, 142], [140, 154], [145, 146], [145, 147], [147, 148], [147, 150], [148, 147], [148, 149], [150, 151], [150, 153], [151, 150], [151, 152]], "missing_branches": []}, "InMemoryFS.mkdir": {"executed_lines": [157, 158, 159, 160, 161, 162, 163, 164, 166, 167, 168, 169, 170], "summary": {"covered_lines": 13, "num_statements": 13, "percent_covered": 96.0, "percent_covered_display": "96", "missing_lines": 0, "excluded_lines": 0, "percent_statements_covered": 100.0, "percent_statements_covered_display": "100", "num_branches": 12, "num_partial_branches": 1, "covered_branches": 11, "missing_branches": 1, "percent_branches_covered": 91.66666666666667, "percent_branches_covered_display": "92"}, "missing_lines": [], "excluded_lines": [], "start_line": 156, "executed_branches": [[158, 159], [158, 162], [159, 160], [159, 161], [162, 163], [162, 164], [164, 166], [164, 168], [166, 167], [168, 169], [168, 170]], "missing_branches": [[166, 168]]}, "InMemoryFS.copy_file": {"executed_lines": [173, 174, 175, 176, 177, 178, 179, 180, 181], "summary": {"covered_lines": 9, "num_statements": 9, "percent_covered": 100.0, "percent_covered_display": "100", "missing_lines": 0, "excluded_lines": 0, "percent_statements_covered": 100.0, "percent_statements_covered_display": "100", "num_branches": 6, "num_partial_branches": 0, "covered_branches": 6, "missing_branches": 0, "percent_branches_covered": 100.0, "percent_branches_covered_display": "100"}, "missing_lines": [], "excluded_lines": [], "start_line": 172, "executed_branches": [[175, 176], [175, 177], [177, 178], [177, 179], [179, 180], [179, 181]], "missing_branches": []}, "InMemoryFS.copy_tree": {"executed_lines": [184, 185, 186, 187, 189, 190, 191, 194, 195, 196, 198, 199, 200, 201, 202, 203, 204, 205, 206, 207, 208, 209, 210], "summary": {"covered_lines": 23, "num_statements": 24, "percent_covered": 95.23809523809524, "percent_covered_display": "95", "missing_lines": 1, "excluded_lines": 0, "percent_statements_covered": 95.83333333333333, "percent_statements_covered_display": "96", "num_branches": 18, "num_partial_branches": 1, "covered_branches": 17, "missing_branches": 1, "percent_branches_covered": 94.44444444444444, "percent_branches_covered_display": "94"}, "missing_lines": [197], "excluded_lines": [], "start_line": 183, "executed_branches": [[186, 187], [186, 189], [189, 190], [189, 191], [195, 196], [195, 204], [196, 198], [198, 199], [198, 200], [202, 195], [202, 203], [204, -183], [204, 205], [205, 206], [205, 207], [207, 208], [207, 209]], "missing_branches": [[196, 197]]}, "_is_descendant": {"executed_lines": [216, 217, 218, 219, 220], "summary": {"covered_lines": 5, "num_statements": 5, "percent_covered": 100.0, "percent_covered_display": "100", "missing_lines": 0, "excluded_lines": 0, "percent_statements_covered": 100.0, "percent_statements_covered_display": "100", "num_branches": 0, "num_partial_branches": 0, "covered_branches": 0, "missing_branches": 0, "percent_branches_covered": 100.0, "percent_branches_covered_display": "100"}, "missing_lines": [], "excluded_lines": [], "start_line": 213, "executed_branches": [], "missing_branches": []}, "_rebase": {"executed_lines": [226, 227, 228, 229], "summary": {"covered_lines": 4, "num_statements": 4, "percent_covered": 100.0, "percent_covered_display": "100", "missing_lines": 0, "excluded_lines": 0, "percent_statements_covered": 100.0, "percent_statements_covered_display": "100", "num_branches": 2, "num_partial_branches": 0, "covered_branches": 2, "missing_branches": 0, "percent_branches_covered": 100.0, "percent_branches_covered_display": "100"}, "missing_lines": [], "excluded_lines": [], "start_line": 223, "executed_branches": [[226, 227], [226, 228]], "missing_branches": []}, "": {"executed_lines": [23, 25, 26, 27, 29, 31, 34, 40, 51, 64, 70, 74, 82, 103, 111, 135, 156, 172, 183, 213, 223], "summary": {"covered_lines": 21, "num_statements": 21, "percent_covered": 100.0, "percent_covered_display": "100", "missing_lines": 0, "excluded_lines": 0, "percent_statements_covered": 100.0, "percent_statements_covered_display": "100", "num_branches": 0, "num_partial_branches": 0, "covered_branches": 0, "missing_branches": 0, "percent_branches_covered": 100.0, "percent_branches_covered_display": "100"}, "missing_lines": [], "excluded_lines": [], "start_line": 1, "executed_branches": [], "missing_branches": []}}, "classes": {"InMemoryFS": {"executed_lines": [52, 53, 57, 58, 59, 65, 66, 67, 68, 71, 72, 75, 76, 77, 78, 79, 80, 83, 84, 85, 86, 88, 89, 90, 92, 93, 94, 95, 96, 97, 98, 104, 105, 106, 107, 108, 109, 112, 113, 114, 115, 116, 117, 119, 120, 121, 122, 123, 124, 125, 126, 127, 128, 129, 131, 132, 133, 136, 137, 138, 139, 140, 142, 145, 146, 147, 148, 149, 150, 151, 152, 153, 154, 157, 158, 159, 160, 161, 162, 163, 164, 166, 167, 168, 169, 170, 173, 174, 175, 176, 177, 178, 179, 180, 181, 184, 185, 186, 187, 189, 190, 191, 194, 195, 196, 198, 199, 200, 201, 202, 203, 204, 205, 206, 207, 208, 209, 210], "summary": {"covered_lines": 118, "num_statements": 119, "percent_covered": 98.10426540284361, "percent_covered_display": "98", "missing_lines": 1, "excluded_lines": 0, "percent_statements_covered": 99.15966386554622, "percent_statements_covered_display": "99", "num_branches": 92, "num_partial_branches": 3, "covered_branches": 89, "missing_branches": 3, "percent_branches_covered": 96.73913043478261, "percent_branches_covered_display": "97"}, "missing_lines": [197], "excluded_lines": [], "start_line": 40, "executed_branches": [[57, -51], [57, 58], [58, 57], [58, 59], [66, 67], [66, 68], [76, 77], [76, 78], [78, 79], [78, 80], [84, 85], [84, 86], [88, 89], [88, 92], [89, 88], [89, 90], [92, 93], [92, 95], [93, 92], [93, 94], [96, 97], [96, 98], [105, 106], [105, 107], [107, 108], [107, 109], [114, 115], [114, 116], [116, 117], [116, 119], [120, 121], [120, 125], [121, 122], [125, 126], [125, 131], [126, 125], [126, 127], [131, -111], [131, 132], [132, 131], [132, 133], [137, 138], [137, 140], [140, 142], [140, 154], [145, 146], [145, 147], [147, 148], [147, 150], [148, 147], [148, 149], [150, 151], [150, 153], [151, 150], [151, 152], [158, 159], [158, 162], [159, 160], [159, 161], [162, 163], [162, 164], [164, 166], [164, 168], [166, 167], [168, 169], [168, 170], [175, 176], [175, 177], [177, 178], [177, 179], [179, 180], [179, 181], [186, 187], [186, 189], [189, 190], [189, 191], [195, 196], [195, 204], [196, 198], [198, 199], [198, 200], [202, 195], [202, 203], [204, -183], [204, 205], [205, 206], [205, 207], [207, 208], [207, 209]], "missing_branches": [[121, 120], [166, 168], [196, 197]]}, "": {"executed_lines": [23, 25, 26, 27, 29, 31, 34, 37, 40, 51, 64, 70, 74, 82, 103, 111, 135, 156, 172, 183, 213, 216, 217, 218, 219, 220, 223, 226, 227, 228, 229], "summary": {"covered_lines": 31, "num_statements": 31, "percent_covered": 100.0, "percent_covered_display": "100", "missing_lines": 0, "excluded_lines": 0, "percent_statements_covered": 100.0, "percent_statements_covered_display": "100", "num_branches": 2, "num_partial_branches": 0, "covered_branches": 2, "missing_branches": 0, "percent_branches_covered": 100.0, "percent_branches_covered_display": "100"}, "missing_lines": [], "excluded_lines": [], "start_line": 1, "executed_branches": [[226, 227], [226, 228]], "missing_branches": []}}}, "src/chopper/adapters/progress_rich.py": {"executed_lines": [14, 16, 18, 21, 29, 38, 39, 40, 46, 47, 54, 55, 57, 58, 60, 61, 63, 64], "summary": {"covered_lines": 18, "num_statements": 18, "percent_covered": 100.0, "percent_covered_display": "100", "missing_lines": 0, "excluded_lines": 2, "percent_statements_covered": 100.0, "percent_statements_covered_display": "100", "num_branches": 2, "num_partial_branches": 0, "covered_branches": 2, "missing_branches": 0, "percent_branches_covered": 100.0, "percent_branches_covered_display": "100"}, "missing_lines": [], "excluded_lines": [41, 42], "executed_branches": [[46, 47], [46, 54]], "missing_branches": [], "functions": {"RichProgress.__init__": {"executed_lines": [39, 40, 46, 47, 54, 55], "summary": {"covered_lines": 6, "num_statements": 6, "percent_covered": 100.0, "percent_covered_display": "100", "missing_lines": 0, "excluded_lines": 2, "percent_statements_covered": 100.0, "percent_statements_covered_display": "100", "num_branches": 2, "num_partial_branches": 0, "covered_branches": 2, "missing_branches": 0, "percent_branches_covered": 100.0, "percent_branches_covered_display": "100"}, "missing_lines": [], "excluded_lines": [41, 42], "start_line": 38, "executed_branches": [[46, 47], [46, 54]], "missing_branches": []}, "RichProgress.phase_started": {"executed_lines": [58], "summary": {"covered_lines": 1, "num_statements": 1, "percent_covered": 100.0, "percent_covered_display": "100", "missing_lines": 0, "excluded_lines": 0, "percent_statements_covered": 100.0, "percent_statements_covered_display": "100", "num_branches": 0, "num_partial_branches": 0, "covered_branches": 0, "missing_branches": 0, "percent_branches_covered": 100.0, "percent_branches_covered_display": "100"}, "missing_lines": [], "excluded_lines": [], "start_line": 57, "executed_branches": [], "missing_branches": []}, "RichProgress.phase_done": {"executed_lines": [61], "summary": {"covered_lines": 1, "num_statements": 1, "percent_covered": 100.0, "percent_covered_display": "100", "missing_lines": 0, "excluded_lines": 0, "percent_statements_covered": 100.0, "percent_statements_covered_display": "100", "num_branches": 0, "num_partial_branches": 0, "covered_branches": 0, "missing_branches": 0, "percent_branches_covered": 100.0, "percent_branches_covered_display": "100"}, "missing_lines": [], "excluded_lines": [], "start_line": 60, "executed_branches": [], "missing_branches": []}, "RichProgress.step": {"executed_lines": [64], "summary": {"covered_lines": 1, "num_statements": 1, "percent_covered": 100.0, "percent_covered_display": "100", "missing_lines": 0, "excluded_lines": 0, "percent_statements_covered": 100.0, "percent_statements_covered_display": "100", "num_branches": 0, "num_partial_branches": 0, "covered_branches": 0, "missing_branches": 0, "percent_branches_covered": 100.0, "percent_branches_covered_display": "100"}, "missing_lines": [], "excluded_lines": [], "start_line": 63, "executed_branches": [], "missing_branches": []}, "": {"executed_lines": [14, 16, 18, 21, 29, 38, 57, 60, 63], "summary": {"covered_lines": 9, "num_statements": 9, "percent_covered": 100.0, "percent_covered_display": "100", "missing_lines": 0, "excluded_lines": 0, "percent_statements_covered": 100.0, "percent_statements_covered_display": "100", "num_branches": 0, "num_partial_branches": 0, "covered_branches": 0, "missing_branches": 0, "percent_branches_covered": 100.0, "percent_branches_covered_display": "100"}, "missing_lines": [], "excluded_lines": [], "start_line": 1, "executed_branches": [], "missing_branches": []}}, "classes": {"RichUnavailableError": {"executed_lines": [], "summary": {"covered_lines": 0, "num_statements": 0, "percent_covered": 100.0, "percent_covered_display": "100", "missing_lines": 0, "excluded_lines": 0, "percent_statements_covered": 100.0, "percent_statements_covered_display": "100", "num_branches": 0, "num_partial_branches": 0, "covered_branches": 0, "missing_branches": 0, "percent_branches_covered": 100.0, "percent_branches_covered_display": "100"}, "missing_lines": [], "excluded_lines": [], "start_line": 21, "executed_branches": [], "missing_branches": []}, "RichProgress": {"executed_lines": [39, 40, 46, 47, 54, 55, 58, 61, 64], "summary": {"covered_lines": 9, "num_statements": 9, "percent_covered": 100.0, "percent_covered_display": "100", "missing_lines": 0, "excluded_lines": 2, "percent_statements_covered": 100.0, "percent_statements_covered_display": "100", "num_branches": 2, "num_partial_branches": 0, "covered_branches": 2, "missing_branches": 0, "percent_branches_covered": 100.0, "percent_branches_covered_display": "100"}, "missing_lines": [], "excluded_lines": [41, 42], "start_line": 29, "executed_branches": [[46, 47], [46, 54]], "missing_branches": []}, "": {"executed_lines": [14, 16, 18, 21, 29, 38, 57, 60, 63], "summary": {"covered_lines": 9, "num_statements": 9, "percent_covered": 100.0, "percent_covered_display": "100", "missing_lines": 0, "excluded_lines": 0, "percent_statements_covered": 100.0, "percent_statements_covered_display": "100", "num_branches": 0, "num_partial_branches": 0, "covered_branches": 0, "missing_branches": 0, "percent_branches_covered": 100.0, "percent_branches_covered_display": "100"}, "missing_lines": [], "excluded_lines": [], "start_line": 1, "executed_branches": [], "missing_branches": []}}}, "src/chopper/adapters/progress_silent.py": {"executed_lines": [7, 9, 11, 14], "summary": {"covered_lines": 4, "num_statements": 4, "percent_covered": 100.0, "percent_covered_display": "100", "missing_lines": 0, "excluded_lines": 6, "percent_statements_covered": 100.0, "percent_statements_covered_display": "100", "num_branches": 0, "num_partial_branches": 0, "covered_branches": 0, "missing_branches": 0, "percent_branches_covered": 100.0, "percent_branches_covered_display": "100"}, "missing_lines": [], "excluded_lines": [17, 18, 20, 21, 23, 24], "executed_branches": [], "missing_branches": [], "functions": {"SilentProgress.phase_started": {"executed_lines": [], "summary": {"covered_lines": 0, "num_statements": 0, "percent_covered": 100.0, "percent_covered_display": "100", "missing_lines": 0, "excluded_lines": 1, "percent_statements_covered": 100.0, "percent_statements_covered_display": "100", "num_branches": 0, "num_partial_branches": 0, "covered_branches": 0, "missing_branches": 0, "percent_branches_covered": 100.0, "percent_branches_covered_display": "100"}, "missing_lines": [], "excluded_lines": [18], "start_line": 17, "executed_branches": [], "missing_branches": []}, "SilentProgress.phase_done": {"executed_lines": [], "summary": {"covered_lines": 0, "num_statements": 0, "percent_covered": 100.0, "percent_covered_display": "100", "missing_lines": 0, "excluded_lines": 1, "percent_statements_covered": 100.0, "percent_statements_covered_display": "100", "num_branches": 0, "num_partial_branches": 0, "covered_branches": 0, "missing_branches": 0, "percent_branches_covered": 100.0, "percent_branches_covered_display": "100"}, "missing_lines": [], "excluded_lines": [21], "start_line": 20, "executed_branches": [], "missing_branches": []}, "SilentProgress.step": {"executed_lines": [], "summary": {"covered_lines": 0, "num_statements": 0, "percent_covered": 100.0, "percent_covered_display": "100", "missing_lines": 0, "excluded_lines": 1, "percent_statements_covered": 100.0, "percent_statements_covered_display": "100", "num_branches": 0, "num_partial_branches": 0, "covered_branches": 0, "missing_branches": 0, "percent_branches_covered": 100.0, "percent_branches_covered_display": "100"}, "missing_lines": [], "excluded_lines": [24], "start_line": 23, "executed_branches": [], "missing_branches": []}, "": {"executed_lines": [7, 9, 11, 14], "summary": {"covered_lines": 4, "num_statements": 4, "percent_covered": 100.0, "percent_covered_display": "100", "missing_lines": 0, "excluded_lines": 3, "percent_statements_covered": 100.0, "percent_statements_covered_display": "100", "num_branches": 0, "num_partial_branches": 0, "covered_branches": 0, "missing_branches": 0, "percent_branches_covered": 100.0, "percent_branches_covered_display": "100"}, "missing_lines": [], "excluded_lines": [17, 20, 23], "start_line": 1, "executed_branches": [], "missing_branches": []}}, "classes": {"SilentProgress": {"executed_lines": [], "summary": {"covered_lines": 0, "num_statements": 0, "percent_covered": 100.0, "percent_covered_display": "100", "missing_lines": 0, "excluded_lines": 3, "percent_statements_covered": 100.0, "percent_statements_covered_display": "100", "num_branches": 0, "num_partial_branches": 0, "covered_branches": 0, "missing_branches": 0, "percent_branches_covered": 100.0, "percent_branches_covered_display": "100"}, "missing_lines": [], "excluded_lines": [18, 21, 24], "start_line": 14, "executed_branches": [], "missing_branches": []}, "": {"executed_lines": [7, 9, 11, 14], "summary": {"covered_lines": 4, "num_statements": 4, "percent_covered": 100.0, "percent_covered_display": "100", "missing_lines": 0, "excluded_lines": 3, "percent_statements_covered": 100.0, "percent_statements_covered_display": "100", "num_branches": 0, "num_partial_branches": 0, "covered_branches": 0, "missing_branches": 0, "percent_branches_covered": 100.0, "percent_branches_covered_display": "100"}, "missing_lines": [], "excluded_lines": [17, 20, 23], "start_line": 1, "executed_branches": [], "missing_branches": []}}}, "src/chopper/adapters/sink_collecting.py": {"executed_lines": [8, 10, 12, 15, 24, 25, 27, 29, 30, 31, 32, 33, 34, 36, 38, 39, 41, 42, 43, 44, 45], "summary": {"covered_lines": 21, "num_statements": 21, "percent_covered": 100.0, "percent_covered_display": "100", "missing_lines": 0, "excluded_lines": 0, "percent_statements_covered": 100.0, "percent_statements_covered_display": "100", "num_branches": 2, "num_partial_branches": 0, "covered_branches": 2, "missing_branches": 0, "percent_branches_covered": 100.0, "percent_branches_covered_display": "100"}, "missing_lines": [], "excluded_lines": [], "executed_branches": [[32, 33], [32, 36]], "missing_branches": [], "functions": {"CollectingSink.__init__": {"executed_lines": [25, 27], "summary": {"covered_lines": 2, "num_statements": 2, "percent_covered": 100.0, "percent_covered_display": "100", "missing_lines": 0, "excluded_lines": 0, "percent_statements_covered": 100.0, "percent_statements_covered_display": "100", "num_branches": 0, "num_partial_branches": 0, "covered_branches": 0, "missing_branches": 0, "percent_branches_covered": 100.0, "percent_branches_covered_display": "100"}, "missing_lines": [], "excluded_lines": [], "start_line": 24, "executed_branches": [], "missing_branches": []}, "CollectingSink.emit": {"executed_lines": [30, 31, 32, 33, 34, 36], "summary": {"covered_lines": 6, "num_statements": 6, "percent_covered": 100.0, "percent_covered_display": "100", "missing_lines": 0, "excluded_lines": 0, "percent_statements_covered": 100.0, "percent_statements_covered_display": "100", "num_branches": 2, "num_partial_branches": 0, "covered_branches": 2, "missing_branches": 0, "percent_branches_covered": 100.0, "percent_branches_covered_display": "100"}, "missing_lines": [], "excluded_lines": [], "start_line": 29, "executed_branches": [[32, 33], [32, 36]], "missing_branches": []}, "CollectingSink.snapshot": {"executed_lines": [39], "summary": {"covered_lines": 1, "num_statements": 1, "percent_covered": 100.0, "percent_covered_display": "100", "missing_lines": 0, "excluded_lines": 0, "percent_statements_covered": 100.0, "percent_statements_covered_display": "100", "num_branches": 0, "num_partial_branches": 0, "covered_branches": 0, "missing_branches": 0, "percent_branches_covered": 100.0, "percent_branches_covered_display": "100"}, "missing_lines": [], "excluded_lines": [], "start_line": 38, "executed_branches": [], "missing_branches": []}, "CollectingSink.finalize": {"executed_lines": [42, 43, 44, 45], "summary": {"covered_lines": 4, "num_statements": 4, "percent_covered": 100.0, "percent_covered_display": "100", "missing_lines": 0, "excluded_lines": 0, "percent_statements_covered": 100.0, "percent_statements_covered_display": "100", "num_branches": 0, "num_partial_branches": 0, "covered_branches": 0, "missing_branches": 0, "percent_branches_covered": 100.0, "percent_branches_covered_display": "100"}, "missing_lines": [], "excluded_lines": [], "start_line": 41, "executed_branches": [], "missing_branches": []}, "": {"executed_lines": [8, 10, 12, 15, 24, 29, 38, 41], "summary": {"covered_lines": 8, "num_statements": 8, "percent_covered": 100.0, "percent_covered_display": "100", "missing_lines": 0, "excluded_lines": 0, "percent_statements_covered": 100.0, "percent_statements_covered_display": "100", "num_branches": 0, "num_partial_branches": 0, "covered_branches": 0, "missing_branches": 0, "percent_branches_covered": 100.0, "percent_branches_covered_display": "100"}, "missing_lines": [], "excluded_lines": [], "start_line": 1, "executed_branches": [], "missing_branches": []}}, "classes": {"CollectingSink": {"executed_lines": [25, 27, 30, 31, 32, 33, 34, 36, 39, 42, 43, 44, 45], "summary": {"covered_lines": 13, "num_statements": 13, "percent_covered": 100.0, "percent_covered_display": "100", "missing_lines": 0, "excluded_lines": 0, "percent_statements_covered": 100.0, "percent_statements_covered_display": "100", "num_branches": 2, "num_partial_branches": 0, "covered_branches": 2, "missing_branches": 0, "percent_branches_covered": 100.0, "percent_branches_covered_display": "100"}, "missing_lines": [], "excluded_lines": [], "start_line": 15, "executed_branches": [[32, 33], [32, 36]], "missing_branches": []}, "": {"executed_lines": [8, 10, 12, 15, 24, 29, 38, 41], "summary": {"covered_lines": 8, "num_statements": 8, "percent_covered": 100.0, "percent_covered_display": "100", "missing_lines": 0, "excluded_lines": 0, "percent_statements_covered": 100.0, "percent_statements_covered_display": "100", "num_branches": 0, "num_partial_branches": 0, "covered_branches": 0, "missing_branches": 0, "percent_branches_covered": 100.0, "percent_branches_covered_display": "100"}, "missing_lines": [], "excluded_lines": [], "start_line": 1, "executed_branches": [], "missing_branches": []}}}, "src/chopper/audit/__init__.py": {"executed_lines": [10, 12, 14], "summary": {"covered_lines": 3, "num_statements": 3, "percent_covered": 100.0, "percent_covered_display": "100", "missing_lines": 0, "excluded_lines": 0, "percent_statements_covered": 100.0, "percent_statements_covered_display": "100", "num_branches": 0, "num_partial_branches": 0, "covered_branches": 0, "missing_branches": 0, "percent_branches_covered": 100.0, "percent_branches_covered_display": "100"}, "missing_lines": [], "excluded_lines": [], "executed_branches": [], "missing_branches": [], "functions": {"": {"executed_lines": [10, 12, 14], "summary": {"covered_lines": 3, "num_statements": 3, "percent_covered": 100.0, "percent_covered_display": "100", "missing_lines": 0, "excluded_lines": 0, "percent_statements_covered": 100.0, "percent_statements_covered_display": "100", "num_branches": 0, "num_partial_branches": 0, "covered_branches": 0, "missing_branches": 0, "percent_branches_covered": 100.0, "percent_branches_covered_display": "100"}, "missing_lines": [], "excluded_lines": [], "start_line": 1, "executed_branches": [], "missing_branches": []}}, "classes": {"": {"executed_lines": [10, 12, 14], "summary": {"covered_lines": 3, "num_statements": 3, "percent_covered": 100.0, "percent_covered_display": "100", "missing_lines": 0, "excluded_lines": 0, "percent_statements_covered": 100.0, "percent_statements_covered_display": "100", "num_branches": 0, "num_partial_branches": 0, "covered_branches": 0, "missing_branches": 0, "percent_branches_covered": 100.0, "percent_branches_covered_display": "100"}, "missing_lines": [], "excluded_lines": [], "start_line": 1, "executed_branches": [], "missing_branches": []}}}, "src/chopper/audit/cloc_backend.py": {"executed_lines": [25, 27, 28, 29, 30, 31, 32, 33, 34, 36, 46, 51, 54, 55, 57, 60, 61, 69, 70, 73, 78, 79, 80, 81, 87, 88, 90, 93, 108, 111, 112, 119, 122, 123, 124, 131, 132, 136, 137, 138, 148, 151, 152, 156, 157, 158, 159, 160, 162, 164, 165, 170, 189, 190, 192, 195, 196, 202, 203, 204, 205, 209, 210, 214, 215, 216, 217, 218, 220, 221, 222, 223, 226, 228, 229, 232, 233, 234, 235, 244, 246, 247, 250, 258, 259, 260, 261, 262, 263, 264, 266, 267, 269, 270, 271, 272, 273, 275], "summary": {"covered_lines": 98, "num_statements": 132, "percent_covered": 72.72727272727273, "percent_covered_display": "73", "missing_lines": 34, "excluded_lines": 18, "percent_statements_covered": 74.24242424242425, "percent_statements_covered_display": "74", "num_branches": 44, "num_partial_branches": 14, "covered_branches": 30, "missing_branches": 14, "percent_branches_covered": 68.18181818181819, "percent_branches_covered_display": "68"}, "missing_lines": [71, 72, 82, 83, 84, 109, 120, 133, 134, 145, 146, 149, 153, 154, 161, 166, 167, 191, 193, 206, 207, 211, 212, 219, 224, 225, 230, 242, 243, 245, 248, 249, 251, 268], "excluded_lines": [113, 114, 197, 198, 278, 279, 280, 281, 282, 283, 284, 285, 286, 287, 288, 289, 292, 293], "executed_branches": [[80, 81], [108, 111], [119, 122], [148, 151], [157, 158], [157, 159], [160, 162], [190, 192], [192, 195], [204, 205], [204, 209], [205, 204], [217, 218], [217, 228], [218, 220], [229, 232], [244, 246], [250, 258], [259, 260], [259, 266], [260, 261], [260, 262], [262, 263], [266, 267], [266, 275], [267, 269], [270, 271], [270, 272], [272, 266], [272, 273]], "missing_branches": [[80, 84], [108, 109], [119, 120], [148, 149], [160, 161], [190, 191], [192, 193], [205, 206], [218, 219], [229, 230], [244, 245], [250, 251], [262, 259], [267, 268]], "functions": {"_perl_executable": {"executed_lines": [57], "summary": {"covered_lines": 1, "num_statements": 1, "percent_covered": 100.0, "percent_covered_display": "100", "missing_lines": 0, "excluded_lines": 0, "percent_statements_covered": 100.0, "percent_statements_covered_display": "100", "num_branches": 0, "num_partial_branches": 0, "covered_branches": 0, "missing_branches": 0, "percent_branches_covered": 100.0, "percent_branches_covered_display": "100"}, "missing_lines": [], "excluded_lines": [], "start_line": 55, "executed_branches": [], "missing_branches": []}, "cloc_script_path": {"executed_lines": [69, 70, 73, 78, 79, 80, 81], "summary": {"covered_lines": 7, "num_statements": 12, "percent_covered": 57.142857142857146, "percent_covered_display": "57", "missing_lines": 5, "excluded_lines": 0, "percent_statements_covered": 58.333333333333336, "percent_statements_covered_display": "58", "num_branches": 2, "num_partial_branches": 1, "covered_branches": 1, "missing_branches": 1, "percent_branches_covered": 50.0, "percent_branches_covered_display": "50"}, "missing_lines": [71, 72, 82, 83, 84], "excluded_lines": [], "start_line": 61, "executed_branches": [[80, 81]], "missing_branches": [[80, 84]]}, "is_available": {"executed_lines": [90], "summary": {"covered_lines": 1, "num_statements": 1, "percent_covered": 100.0, "percent_covered_display": "100", "missing_lines": 0, "excluded_lines": 0, "percent_statements_covered": 100.0, "percent_statements_covered_display": "100", "num_branches": 0, "num_partial_branches": 0, "covered_branches": 0, "missing_branches": 0, "percent_branches_covered": 100.0, "percent_branches_covered_display": "100"}, "missing_lines": [], "excluded_lines": [], "start_line": 88, "executed_branches": [], "missing_branches": []}, "count_sloc_via_cloc": {"executed_lines": [108, 111, 112, 119, 122, 123, 124, 131, 132, 136, 137, 138, 148, 151, 152, 156, 157, 158, 159, 160, 162, 164, 165], "summary": {"covered_lines": 23, "num_statements": 35, "percent_covered": 64.44444444444444, "percent_covered_display": "64", "missing_lines": 12, "excluded_lines": 2, "percent_statements_covered": 65.71428571428571, "percent_statements_covered_display": "66", "num_branches": 10, "num_partial_branches": 4, "covered_branches": 6, "missing_branches": 4, "percent_branches_covered": 60.0, "percent_branches_covered_display": "60"}, "missing_lines": [109, 120, 133, 134, 145, 146, 149, 153, 154, 161, 166, 167], "excluded_lines": [113, 114], "start_line": 93, "executed_branches": [[108, 111], [119, 122], [148, 151], [157, 158], [157, 159], [160, 162]], "missing_branches": [[108, 109], [119, 120], [148, 149], [160, 161]]}, "count_sloc_via_cloc_batch": {"executed_lines": [189, 190, 192, 195, 196, 202, 203, 204, 205, 209, 210, 214, 215, 216, 217, 218, 220, 221, 222, 223, 226, 228, 229, 232, 233, 234, 235, 244, 246, 247, 250, 258, 259, 260, 261, 262, 263, 264, 266, 267, 269, 270, 271, 272, 273, 275], "summary": {"covered_lines": 46, "num_statements": 63, "percent_covered": 72.63157894736842, "percent_covered_display": "73", "missing_lines": 17, "excluded_lines": 2, "percent_statements_covered": 73.01587301587301, "percent_statements_covered_display": "73", "num_branches": 32, "num_partial_branches": 9, "covered_branches": 23, "missing_branches": 9, "percent_branches_covered": 71.875, "percent_branches_covered_display": "72"}, "missing_lines": [191, 193, 206, 207, 211, 212, 219, 224, 225, 230, 242, 243, 245, 248, 249, 251, 268], "excluded_lines": [197, 198], "start_line": 170, "executed_branches": [[190, 192], [192, 195], [204, 205], [204, 209], [205, 204], [217, 218], [217, 228], [218, 220], [229, 232], [244, 246], [250, 258], [259, 260], [259, 266], [260, 261], [260, 262], [262, 263], [266, 267], [266, 275], [267, 269], [270, 271], [270, 272], [272, 266], [272, 273]], "missing_branches": [[190, 191], [192, 193], [205, 206], [218, 219], [229, 230], [244, 245], [250, 251], [262, 259], [267, 268]]}, "_selftest": {"executed_lines": [], "summary": {"covered_lines": 0, "num_statements": 0, "percent_covered": 100.0, "percent_covered_display": "100", "missing_lines": 0, "excluded_lines": 11, "percent_statements_covered": 100.0, "percent_statements_covered_display": "100", "num_branches": 0, "num_partial_branches": 0, "covered_branches": 0, "missing_branches": 0, "percent_branches_covered": 100.0, "percent_branches_covered_display": "100"}, "missing_lines": [], "excluded_lines": [279, 280, 281, 282, 283, 284, 285, 286, 287, 288, 289], "start_line": 278, "executed_branches": [], "missing_branches": []}, "": {"executed_lines": [25, 27, 28, 29, 30, 31, 32, 33, 34, 36, 46, 51, 54, 55, 60, 61, 87, 88, 93, 170], "summary": {"covered_lines": 20, "num_statements": 20, "percent_covered": 100.0, "percent_covered_display": "100", "missing_lines": 0, "excluded_lines": 3, "percent_statements_covered": 100.0, "percent_statements_covered_display": "100", "num_branches": 0, "num_partial_branches": 0, "covered_branches": 0, "missing_branches": 0, "percent_branches_covered": 100.0, "percent_branches_covered_display": "100"}, "missing_lines": [], "excluded_lines": [278, 292, 293], "start_line": 1, "executed_branches": [], "missing_branches": []}}, "classes": {"": {"executed_lines": [25, 27, 28, 29, 30, 31, 32, 33, 34, 36, 46, 51, 54, 55, 57, 60, 61, 69, 70, 73, 78, 79, 80, 81, 87, 88, 90, 93, 108, 111, 112, 119, 122, 123, 124, 131, 132, 136, 137, 138, 148, 151, 152, 156, 157, 158, 159, 160, 162, 164, 165, 170, 189, 190, 192, 195, 196, 202, 203, 204, 205, 209, 210, 214, 215, 216, 217, 218, 220, 221, 222, 223, 226, 228, 229, 232, 233, 234, 235, 244, 246, 247, 250, 258, 259, 260, 261, 262, 263, 264, 266, 267, 269, 270, 271, 272, 273, 275], "summary": {"covered_lines": 98, "num_statements": 132, "percent_covered": 72.72727272727273, "percent_covered_display": "73", "missing_lines": 34, "excluded_lines": 18, "percent_statements_covered": 74.24242424242425, "percent_statements_covered_display": "74", "num_branches": 44, "num_partial_branches": 14, "covered_branches": 30, "missing_branches": 14, "percent_branches_covered": 68.18181818181819, "percent_branches_covered_display": "68"}, "missing_lines": [71, 72, 82, 83, 84, 109, 120, 133, 134, 145, 146, 149, 153, 154, 161, 166, 167, 191, 193, 206, 207, 211, 212, 219, 224, 225, 230, 242, 243, 245, 248, 249, 251, 268], "excluded_lines": [113, 114, 197, 198, 278, 279, 280, 281, 282, 283, 284, 285, 286, 287, 288, 289, 292, 293], "start_line": 1, "executed_branches": [[80, 81], [108, 111], [119, 122], [148, 151], [157, 158], [157, 159], [160, 162], [190, 192], [192, 195], [204, 205], [204, 209], [205, 204], [217, 218], [217, 228], [218, 220], [229, 232], [244, 246], [250, 258], [259, 260], [259, 266], [260, 261], [260, 262], [262, 263], [266, 267], [266, 275], [267, 269], [270, 271], [270, 272], [272, 266], [272, 273]], "missing_branches": [[80, 84], [108, 109], [119, 120], [148, 149], [160, 161], [190, 191], [192, 193], [205, 206], [218, 219], [229, 230], [244, 245], [250, 251], [262, 259], [267, 268]]}}}, "src/chopper/audit/hashing.py": {"executed_lines": [7, 9, 11, 14, 17], "summary": {"covered_lines": 5, "num_statements": 5, "percent_covered": 100.0, "percent_covered_display": "100", "missing_lines": 0, "excluded_lines": 0, "percent_statements_covered": 100.0, "percent_statements_covered_display": "100", "num_branches": 0, "num_partial_branches": 0, "covered_branches": 0, "missing_branches": 0, "percent_branches_covered": 100.0, "percent_branches_covered_display": "100"}, "missing_lines": [], "excluded_lines": [], "executed_branches": [], "missing_branches": [], "functions": {"sha256_hex": {"executed_lines": [17], "summary": {"covered_lines": 1, "num_statements": 1, "percent_covered": 100.0, "percent_covered_display": "100", "missing_lines": 0, "excluded_lines": 0, "percent_statements_covered": 100.0, "percent_statements_covered_display": "100", "num_branches": 0, "num_partial_branches": 0, "covered_branches": 0, "missing_branches": 0, "percent_branches_covered": 100.0, "percent_branches_covered_display": "100"}, "missing_lines": [], "excluded_lines": [], "start_line": 14, "executed_branches": [], "missing_branches": []}, "": {"executed_lines": [7, 9, 11, 14], "summary": {"covered_lines": 4, "num_statements": 4, "percent_covered": 100.0, "percent_covered_display": "100", "missing_lines": 0, "excluded_lines": 0, "percent_statements_covered": 100.0, "percent_statements_covered_display": "100", "num_branches": 0, "num_partial_branches": 0, "covered_branches": 0, "missing_branches": 0, "percent_branches_covered": 100.0, "percent_branches_covered_display": "100"}, "missing_lines": [], "excluded_lines": [], "start_line": 1, "executed_branches": [], "missing_branches": []}}, "classes": {"": {"executed_lines": [7, 9, 11, 14, 17], "summary": {"covered_lines": 5, "num_statements": 5, "percent_covered": 100.0, "percent_covered_display": "100", "missing_lines": 0, "excluded_lines": 0, "percent_statements_covered": 100.0, "percent_statements_covered_display": "100", "num_branches": 0, "num_partial_branches": 0, "covered_branches": 0, "missing_branches": 0, "percent_branches_covered": 100.0, "percent_branches_covered_display": "100"}, "missing_lines": [], "excluded_lines": [], "start_line": 1, "executed_branches": [], "missing_branches": []}}}, "src/chopper/audit/internal_error.py": {"executed_lines": [17, 19, 20, 21, 22, 23, 24, 26, 27, 32, 34, 37, 73, 74, 76, 77, 79, 81, 82, 83, 84, 89, 90, 92, 100, 101, 102, 103, 104, 105, 106, 115, 118, 119, 120, 121, 122, 123, 124, 125, 126, 127, 128, 130, 131, 132, 134, 135, 136, 138, 141, 142, 145, 146, 147, 148, 149, 152, 153, 154, 155, 156, 157, 158, 159, 160, 161, 162, 165, 166, 167, 168, 169, 172, 173, 182, 183, 184], "summary": {"covered_lines": 78, "num_statements": 81, "percent_covered": 94.94949494949495, "percent_covered_display": "95", "missing_lines": 3, "excluded_lines": 6, "percent_statements_covered": 96.29629629629629, "percent_statements_covered_display": "96", "num_branches": 18, "num_partial_branches": 2, "covered_branches": 16, "missing_branches": 2, "percent_branches_covered": 88.88888888888889, "percent_branches_covered_display": "89"}, "missing_lines": [107, 110, 112], "excluded_lines": [29, 30, 150, 151, 170, 171], "executed_branches": [[101, 102], [101, 103], [103, 104], [103, 105], [146, 147], [146, 148], [152, 153], [152, 154], [155, 156], [155, 162], [157, 158], [159, 160], [166, 167], [166, 168], [173, 182], [173, 184]], "missing_branches": [[157, 161], [159, 161]], "functions": {"write_internal_error_log": {"executed_lines": [73, 74, 76, 77, 79, 81, 82, 83, 84, 89, 90, 92], "summary": {"covered_lines": 12, "num_statements": 12, "percent_covered": 100.0, "percent_covered_display": "100", "missing_lines": 0, "excluded_lines": 0, "percent_statements_covered": 100.0, "percent_statements_covered_display": "100", "num_branches": 0, "num_partial_branches": 0, "covered_branches": 0, "missing_branches": 0, "percent_branches_covered": 100.0, "percent_branches_covered_display": "100"}, "missing_lines": [], "excluded_lines": [], "start_line": 37, "executed_branches": [], "missing_branches": []}, "_resolve_audit_root": {"executed_lines": [101, 102, 103, 104, 105, 106], "summary": {"covered_lines": 6, "num_statements": 9, "percent_covered": 76.92307692307692, "percent_covered_display": "77", "missing_lines": 3, "excluded_lines": 0, "percent_statements_covered": 66.66666666666667, "percent_statements_covered_display": "67", "num_branches": 4, "num_partial_branches": 0, "covered_branches": 4, "missing_branches": 0, "percent_branches_covered": 100.0, "percent_branches_covered_display": "100"}, "missing_lines": [107, 110, 112], "excluded_lines": [], "start_line": 100, "executed_branches": [[101, 102], [101, 103], [103, 104], [103, 105]], "missing_branches": []}, "_render": {"executed_lines": [118, 119, 120, 121, 122, 123, 124, 125, 126, 127, 128, 130, 131, 132, 134, 135, 136, 138], "summary": {"covered_lines": 18, "num_statements": 18, "percent_covered": 100.0, "percent_covered_display": "100", "missing_lines": 0, "excluded_lines": 0, "percent_statements_covered": 100.0, "percent_statements_covered_display": "100", "num_branches": 0, "num_partial_branches": 0, "covered_branches": 0, "missing_branches": 0, "percent_branches_covered": 100.0, "percent_branches_covered_display": "100"}, "missing_lines": [], "excluded_lines": [], "start_line": 115, "executed_branches": [], "missing_branches": []}, "_format_traceback": {"executed_lines": [142], "summary": {"covered_lines": 1, "num_statements": 1, "percent_covered": 100.0, "percent_covered_display": "100", "missing_lines": 0, "excluded_lines": 0, "percent_statements_covered": 100.0, "percent_statements_covered_display": "100", "num_branches": 0, "num_partial_branches": 0, "covered_branches": 0, "missing_branches": 0, "percent_branches_covered": 100.0, "percent_branches_covered_display": "100"}, "missing_lines": [], "excluded_lines": [], "start_line": 141, "executed_branches": [], "missing_branches": []}, "_format_diagnostics": {"executed_lines": [146, 147, 148, 149, 152, 153, 154, 155, 156, 157, 158, 159, 160, 161, 162], "summary": {"covered_lines": 15, "num_statements": 15, "percent_covered": 92.0, "percent_covered_display": "92", "missing_lines": 0, "excluded_lines": 2, "percent_statements_covered": 100.0, "percent_statements_covered_display": "100", "num_branches": 10, "num_partial_branches": 2, "covered_branches": 8, "missing_branches": 2, "percent_branches_covered": 80.0, "percent_branches_covered_display": "80"}, "missing_lines": [], "excluded_lines": [150, 151], "start_line": 145, "executed_branches": [[146, 147], [146, 148], [152, 153], [152, 154], [155, 156], [155, 162], [157, 158], [159, 160]], "missing_branches": [[157, 161], [159, 161]]}, "_format_runconfig": {"executed_lines": [166, 167, 168, 169, 172, 173, 182, 183, 184], "summary": {"covered_lines": 9, "num_statements": 9, "percent_covered": 100.0, "percent_covered_display": "100", "missing_lines": 0, "excluded_lines": 2, "percent_statements_covered": 100.0, "percent_statements_covered_display": "100", "num_branches": 4, "num_partial_branches": 0, "covered_branches": 4, "missing_branches": 0, "percent_branches_covered": 100.0, "percent_branches_covered_display": "100"}, "missing_lines": [], "excluded_lines": [170, 171], "start_line": 165, "executed_branches": [[166, 167], [166, 168], [173, 182], [173, 184]], "missing_branches": []}, "": {"executed_lines": [17, 19, 20, 21, 22, 23, 24, 26, 27, 32, 34, 37, 100, 115, 141, 145, 165], "summary": {"covered_lines": 17, "num_statements": 17, "percent_covered": 100.0, "percent_covered_display": "100", "missing_lines": 0, "excluded_lines": 2, "percent_statements_covered": 100.0, "percent_statements_covered_display": "100", "num_branches": 0, "num_partial_branches": 0, "covered_branches": 0, "missing_branches": 0, "percent_branches_covered": 100.0, "percent_branches_covered_display": "100"}, "missing_lines": [], "excluded_lines": [29, 30], "start_line": 1, "executed_branches": [], "missing_branches": []}}, "classes": {"": {"executed_lines": [17, 19, 20, 21, 22, 23, 24, 26, 27, 32, 34, 37, 73, 74, 76, 77, 79, 81, 82, 83, 84, 89, 90, 92, 100, 101, 102, 103, 104, 105, 106, 115, 118, 119, 120, 121, 122, 123, 124, 125, 126, 127, 128, 130, 131, 132, 134, 135, 136, 138, 141, 142, 145, 146, 147, 148, 149, 152, 153, 154, 155, 156, 157, 158, 159, 160, 161, 162, 165, 166, 167, 168, 169, 172, 173, 182, 183, 184], "summary": {"covered_lines": 78, "num_statements": 81, "percent_covered": 94.94949494949495, "percent_covered_display": "95", "missing_lines": 3, "excluded_lines": 6, "percent_statements_covered": 96.29629629629629, "percent_statements_covered_display": "96", "num_branches": 18, "num_partial_branches": 2, "covered_branches": 16, "missing_branches": 2, "percent_branches_covered": 88.88888888888889, "percent_branches_covered_display": "89"}, "missing_lines": [107, 110, 112], "excluded_lines": [29, 30, 150, 151, 170, 171], "start_line": 1, "executed_branches": [[101, 102], [101, 103], [103, 104], [103, 105], [146, 147], [146, 148], [152, 153], [152, 154], [155, 156], [155, 162], [157, 158], [159, 160], [166, 167], [166, 168], [173, 182], [173, 184]], "missing_branches": [[157, 161], [159, 161]]}}}, "src/chopper/audit/service.py": {"executed_lines": [12, 14, 15, 17, 18, 30, 31, 32, 34, 37, 38, 41, 44, 45, 50, 51, 52, 53, 54, 55, 56, 57, 58, 59, 62, 63, 67, 68, 71, 72, 73, 74, 75, 76, 81, 90, 91, 92, 101, 102, 103, 114, 118, 120, 128, 129, 130, 131, 133, 134, 135, 137, 138, 139, 143, 144, 146, 148, 149, 150, 151, 152, 154, 155, 156, 157, 158, 159, 160, 162, 163], "summary": {"covered_lines": 71, "num_statements": 72, "percent_covered": 97.72727272727273, "percent_covered_display": "98", "missing_lines": 1, "excluded_lines": 0, "percent_statements_covered": 98.61111111111111, "percent_statements_covered_display": "99", "num_branches": 16, "num_partial_branches": 1, "covered_branches": 15, "missing_branches": 1, "percent_branches_covered": 93.75, "percent_branches_covered_display": "94"}, "missing_lines": [140], "excluded_lines": [], "executed_branches": [[71, 72], [71, 101], [130, 131], [130, 133], [134, 135], [134, 137], [137, 138], [137, 146], [139, 143], [156, 157], [156, 163], [157, 158], [157, 159], [159, 160], [159, 162]], "missing_branches": [[139, 140]], "functions": {"AuditService.run": {"executed_lines": [44, 45, 50, 51, 52, 53, 54, 55, 56, 57, 58, 59, 62, 63, 67, 68, 71, 72, 73, 74, 75, 76, 81, 90, 91, 92, 101, 102, 103], "summary": {"covered_lines": 29, "num_statements": 29, "percent_covered": 100.0, "percent_covered_display": "100", "missing_lines": 0, "excluded_lines": 0, "percent_statements_covered": 100.0, "percent_statements_covered_display": "100", "num_branches": 2, "num_partial_branches": 0, "covered_branches": 2, "missing_branches": 0, "percent_branches_covered": 100.0, "percent_branches_covered_display": "100"}, "missing_lines": [], "excluded_lines": [], "start_line": 41, "executed_branches": [[71, 72], [71, 101]], "missing_branches": []}, "AuditService._target_path": {"executed_lines": [118], "summary": {"covered_lines": 1, "num_statements": 1, "percent_covered": 100.0, "percent_covered_display": "100", "missing_lines": 0, "excluded_lines": 0, "percent_statements_covered": 100.0, "percent_statements_covered_display": "100", "num_branches": 0, "num_partial_branches": 0, "covered_branches": 0, "missing_branches": 0, "percent_branches_covered": 100.0, "percent_branches_covered_display": "100"}, "missing_lines": [], "excluded_lines": [], "start_line": 114, "executed_branches": [], "missing_branches": []}, "AuditService._copy_inputs": {"executed_lines": [128, 129, 130, 131, 133, 134, 135, 137, 138, 139, 143, 144, 146], "summary": {"covered_lines": 13, "num_statements": 14, "percent_covered": 90.9090909090909, "percent_covered_display": "91", "missing_lines": 1, "excluded_lines": 0, "percent_statements_covered": 92.85714285714286, "percent_statements_covered_display": "93", "num_branches": 8, "num_partial_branches": 1, "covered_branches": 7, "missing_branches": 1, "percent_branches_covered": 87.5, "percent_branches_covered_display": "88"}, "missing_lines": [140], "excluded_lines": [], "start_line": 120, "executed_branches": [[130, 131], [130, 133], [134, 135], [134, 137], [137, 138], [137, 146], [139, 143]], "missing_branches": [[139, 140]]}, "AuditService._safe_read": {"executed_lines": [149, 150, 151, 152], "summary": {"covered_lines": 4, "num_statements": 4, "percent_covered": 100.0, "percent_covered_display": "100", "missing_lines": 0, "excluded_lines": 0, "percent_statements_covered": 100.0, "percent_statements_covered_display": "100", "num_branches": 0, "num_partial_branches": 0, "covered_branches": 0, "missing_branches": 0, "percent_branches_covered": 100.0, "percent_branches_covered_display": "100"}, "missing_lines": [], "excluded_lines": [], "start_line": 148, "executed_branches": [], "missing_branches": []}, "AuditService._severity_counts": {"executed_lines": [155, 156, 157, 158, 159, 160, 162, 163], "summary": {"covered_lines": 8, "num_statements": 8, "percent_covered": 100.0, "percent_covered_display": "100", "missing_lines": 0, "excluded_lines": 0, "percent_statements_covered": 100.0, "percent_statements_covered_display": "100", "num_branches": 6, "num_partial_branches": 0, "covered_branches": 6, "missing_branches": 0, "percent_branches_covered": 100.0, "percent_branches_covered_display": "100"}, "missing_lines": [], "excluded_lines": [], "start_line": 154, "executed_branches": [[156, 157], [156, 163], [157, 158], [157, 159], [159, 160], [159, 162]], "missing_branches": []}, "": {"executed_lines": [12, 14, 15, 17, 18, 30, 31, 32, 34, 37, 38, 41, 114, 120, 148, 154], "summary": {"covered_lines": 16, "num_statements": 16, "percent_covered": 100.0, "percent_covered_display": "100", "missing_lines": 0, "excluded_lines": 0, "percent_statements_covered": 100.0, "percent_statements_covered_display": "100", "num_branches": 0, "num_partial_branches": 0, "covered_branches": 0, "missing_branches": 0, "percent_branches_covered": 100.0, "percent_branches_covered_display": "100"}, "missing_lines": [], "excluded_lines": [], "start_line": 1, "executed_branches": [], "missing_branches": []}}, "classes": {"AuditService": {"executed_lines": [44, 45, 50, 51, 52, 53, 54, 55, 56, 57, 58, 59, 62, 63, 67, 68, 71, 72, 73, 74, 75, 76, 81, 90, 91, 92, 101, 102, 103, 118, 128, 129, 130, 131, 133, 134, 135, 137, 138, 139, 143, 144, 146, 149, 150, 151, 152, 155, 156, 157, 158, 159, 160, 162, 163], "summary": {"covered_lines": 55, "num_statements": 56, "percent_covered": 97.22222222222223, "percent_covered_display": "97", "missing_lines": 1, "excluded_lines": 0, "percent_statements_covered": 98.21428571428571, "percent_statements_covered_display": "98", "num_branches": 16, "num_partial_branches": 1, "covered_branches": 15, "missing_branches": 1, "percent_branches_covered": 93.75, "percent_branches_covered_display": "94"}, "missing_lines": [140], "excluded_lines": [], "start_line": 38, "executed_branches": [[71, 72], [71, 101], [130, 131], [130, 133], [134, 135], [134, 137], [137, 138], [137, 146], [139, 143], [156, 157], [156, 163], [157, 158], [157, 159], [159, 160], [159, 162]], "missing_branches": [[139, 140]]}, "": {"executed_lines": [12, 14, 15, 17, 18, 30, 31, 32, 34, 37, 38, 41, 114, 120, 148, 154], "summary": {"covered_lines": 16, "num_statements": 16, "percent_covered": 100.0, "percent_covered_display": "100", "missing_lines": 0, "excluded_lines": 0, "percent_statements_covered": 100.0, "percent_statements_covered_display": "100", "num_branches": 0, "num_partial_branches": 0, "covered_branches": 0, "missing_branches": 0, "percent_branches_covered": 100.0, "percent_branches_covered_display": "100"}, "missing_lines": [], "excluded_lines": [], "start_line": 1, "executed_branches": [], "missing_branches": []}}}, "src/chopper/audit/sloc.py": {"executed_lines": [37, 39, 40, 41, 43, 45, 48, 52, 66, 67, 68, 71, 79, 82, 90, 91, 92, 93, 95, 98, 113, 116, 119, 120, 121, 122, 123, 126, 135, 137, 140, 141, 144, 145, 146, 149, 170, 173, 174, 175, 176, 177], "summary": {"covered_lines": 42, "num_statements": 57, "percent_covered": 69.41176470588235, "percent_covered_display": "69", "missing_lines": 15, "excluded_lines": 0, "percent_statements_covered": 73.6842105263158, "percent_statements_covered_display": "74", "num_branches": 28, "num_partial_branches": 3, "covered_branches": 17, "missing_branches": 11, "percent_branches_covered": 60.714285714285715, "percent_branches_covered_display": "61"}, "missing_lines": [114, 117, 138, 156, 157, 158, 159, 160, 161, 162, 163, 164, 165, 166, 167], "excluded_lines": [], "executed_branches": [[90, 91], [90, 95], [92, 93], [92, 95], [113, 116], [116, 119], [121, 122], [121, 123], [137, 140], [140, 141], [140, 144], [144, 145], [144, 146], [174, 175], [174, 177], [175, 174], [175, 176]], "missing_branches": [[113, 114], [116, 117], [137, 138], [157, 158], [157, 167], [159, 160], [159, 161], [161, 162], [161, 166], [162, 163], [162, 165]], "functions": {"count_raw": {"executed_lines": [79], "summary": {"covered_lines": 1, "num_statements": 1, "percent_covered": 100.0, "percent_covered_display": "100", "missing_lines": 0, "excluded_lines": 0, "percent_statements_covered": 100.0, "percent_statements_covered_display": "100", "num_branches": 0, "num_partial_branches": 0, "covered_branches": 0, "missing_branches": 0, "percent_branches_covered": 100.0, "percent_branches_covered_display": "100"}, "missing_lines": [], "excluded_lines": [], "start_line": 71, "executed_branches": [], "missing_branches": []}, "count_sloc": {"executed_lines": [90, 91, 92, 93, 95], "summary": {"covered_lines": 5, "num_statements": 5, "percent_covered": 100.0, "percent_covered_display": "100", "missing_lines": 0, "excluded_lines": 0, "percent_statements_covered": 100.0, "percent_statements_covered_display": "100", "num_branches": 4, "num_partial_branches": 0, "covered_branches": 4, "missing_branches": 0, "percent_branches_covered": 100.0, "percent_branches_covered_display": "100"}, "missing_lines": [], "excluded_lines": [], "start_line": 82, "executed_branches": [[90, 91], [90, 95], [92, 93], [92, 95]], "missing_branches": []}, "count_sloc_many": {"executed_lines": [113, 116, 119, 120, 121, 122, 123], "summary": {"covered_lines": 7, "num_statements": 9, "percent_covered": 73.33333333333333, "percent_covered_display": "73", "missing_lines": 2, "excluded_lines": 0, "percent_statements_covered": 77.77777777777777, "percent_statements_covered_display": "78", "num_branches": 6, "num_partial_branches": 2, "covered_branches": 4, "missing_branches": 2, "percent_branches_covered": 66.66666666666667, "percent_branches_covered_display": "67"}, "missing_lines": [114, 117], "excluded_lines": [], "start_line": 98, "executed_branches": [[113, 116], [116, 119], [121, 122], [121, 123]], "missing_branches": [[113, 114], [116, 117]]}, "_count_sloc_python": {"executed_lines": [135, 137, 140, 141, 144, 145, 146], "summary": {"covered_lines": 7, "num_statements": 8, "percent_covered": 85.71428571428571, "percent_covered_display": "86", "missing_lines": 1, "excluded_lines": 0, "percent_statements_covered": 87.5, "percent_statements_covered_display": "88", "num_branches": 6, "num_partial_branches": 1, "covered_branches": 5, "missing_branches": 1, "percent_branches_covered": 83.33333333333333, "percent_branches_covered_display": "83"}, "missing_lines": [138], "excluded_lines": [], "start_line": 126, "executed_branches": [[137, 140], [140, 141], [140, 144], [144, 145], [144, 146]], "missing_branches": [[137, 138]]}, "_count_hash_comment": {"executed_lines": [], "summary": {"covered_lines": 0, "num_statements": 12, "percent_covered": 0.0, "percent_covered_display": "0", "missing_lines": 12, "excluded_lines": 0, "percent_statements_covered": 0.0, "percent_statements_covered_display": "0", "num_branches": 8, "num_partial_branches": 0, "covered_branches": 0, "missing_branches": 8, "percent_branches_covered": 0.0, "percent_branches_covered_display": "0"}, "missing_lines": [156, 157, 158, 159, 160, 161, 162, 163, 164, 165, 166, 167], "excluded_lines": [], "start_line": 149, "executed_branches": [], "missing_branches": [[157, 158], [157, 167], [159, 160], [159, 161], [161, 162], [161, 166], [162, 163], [162, 165]]}, "_count_csv": {"executed_lines": [173, 174, 175, 176, 177], "summary": {"covered_lines": 5, "num_statements": 5, "percent_covered": 100.0, "percent_covered_display": "100", "missing_lines": 0, "excluded_lines": 0, "percent_statements_covered": 100.0, "percent_statements_covered_display": "100", "num_branches": 4, "num_partial_branches": 0, "covered_branches": 4, "missing_branches": 0, "percent_branches_covered": 100.0, "percent_branches_covered_display": "100"}, "missing_lines": [], "excluded_lines": [], "start_line": 170, "executed_branches": [[174, 175], [174, 177], [175, 174], [175, 176]], "missing_branches": []}, "": {"executed_lines": [37, 39, 40, 41, 43, 45, 48, 52, 66, 67, 68, 71, 82, 98, 126, 149, 170], "summary": {"covered_lines": 17, "num_statements": 17, "percent_covered": 100.0, "percent_covered_display": "100", "missing_lines": 0, "excluded_lines": 0, "percent_statements_covered": 100.0, "percent_statements_covered_display": "100", "num_branches": 0, "num_partial_branches": 0, "covered_branches": 0, "missing_branches": 0, "percent_branches_covered": 100.0, "percent_branches_covered_display": "100"}, "missing_lines": [], "excluded_lines": [], "start_line": 1, "executed_branches": [], "missing_branches": []}}, "classes": {"": {"executed_lines": [37, 39, 40, 41, 43, 45, 48, 52, 66, 67, 68, 71, 79, 82, 90, 91, 92, 93, 95, 98, 113, 116, 119, 120, 121, 122, 123, 126, 135, 137, 140, 141, 144, 145, 146, 149, 170, 173, 174, 175, 176, 177], "summary": {"covered_lines": 42, "num_statements": 57, "percent_covered": 69.41176470588235, "percent_covered_display": "69", "missing_lines": 15, "excluded_lines": 0, "percent_statements_covered": 73.6842105263158, "percent_statements_covered_display": "74", "num_branches": 28, "num_partial_branches": 3, "covered_branches": 17, "missing_branches": 11, "percent_branches_covered": 60.714285714285715, "percent_branches_covered_display": "61"}, "missing_lines": [114, 117, 138, 156, 157, 158, 159, 160, 161, 162, 163, 164, 165, 166, 167], "excluded_lines": [], "start_line": 1, "executed_branches": [[90, 91], [90, 95], [92, 93], [92, 95], [113, 116], [116, 119], [121, 122], [121, 123], [137, 140], [140, 141], [140, 144], [144, 145], [144, 146], [174, 175], [174, 177], [175, 174], [175, 176]], "missing_branches": [[113, 114], [116, 117], [137, 138], [157, 158], [157, 167], [159, 160], [159, 161], [161, 162], [161, 166], [162, 163], [162, 165]]}}}, "src/chopper/audit/vendor/__init__.py": {"executed_lines": [], "summary": {"covered_lines": 0, "num_statements": 0, "percent_covered": 100.0, "percent_covered_display": "100", "missing_lines": 0, "excluded_lines": 0, "percent_statements_covered": 100.0, "percent_statements_covered_display": "100", "num_branches": 0, "num_partial_branches": 0, "covered_branches": 0, "missing_branches": 0, "percent_branches_covered": 100.0, "percent_branches_covered_display": "100"}, "missing_lines": [], "excluded_lines": [], "executed_branches": [], "missing_branches": [], "functions": {"": {"executed_lines": [], "summary": {"covered_lines": 0, "num_statements": 0, "percent_covered": 100.0, "percent_covered_display": "100", "missing_lines": 0, "excluded_lines": 0, "percent_statements_covered": 100.0, "percent_statements_covered_display": "100", "num_branches": 0, "num_partial_branches": 0, "covered_branches": 0, "missing_branches": 0, "percent_branches_covered": 100.0, "percent_branches_covered_display": "100"}, "missing_lines": [], "excluded_lines": [], "start_line": 1, "executed_branches": [], "missing_branches": []}}, "classes": {"": {"executed_lines": [], "summary": {"covered_lines": 0, "num_statements": 0, "percent_covered": 100.0, "percent_covered_display": "100", "missing_lines": 0, "excluded_lines": 0, "percent_statements_covered": 100.0, "percent_statements_covered_display": "100", "num_branches": 0, "num_partial_branches": 0, "covered_branches": 0, "missing_branches": 0, "percent_branches_covered": 100.0, "percent_branches_covered_display": "100"}, "missing_lines": [], "excluded_lines": [], "start_line": 1, "executed_branches": [], "missing_branches": []}}}, "src/chopper/audit/writers.py": {"executed_lines": [13, 15, 16, 17, 19, 20, 21, 22, 23, 24, 25, 26, 27, 29, 48, 51, 59, 64, 65, 66, 67, 68, 69, 70, 71, 76, 77, 79, 81, 82, 83, 85, 108, 116, 117, 118, 119, 129, 131, 132, 138, 139, 140, 141, 152, 153, 154, 156, 157, 158, 160, 169, 170, 171, 172, 173, 179, 181, 183, 199, 209, 217, 218, 219, 220, 229, 231, 232, 242, 251, 259, 260, 262, 263, 264, 265, 279, 284, 292, 293, 294, 295, 296, 297, 307, 310, 311, 312, 313, 314, 315, 316, 317, 318, 319, 320, 322, 323, 324, 325, 326, 327, 328, 329, 330, 331, 333, 334, 335, 336, 337, 338, 339, 340, 341, 342, 343, 344, 345, 347, 348, 349, 350, 358, 361, 376, 377, 378, 379, 380, 381, 382, 385, 394, 396, 397, 398, 401, 402, 403, 404, 405, 408, 409, 411, 413, 414, 417, 4
[...]
"88", "num_branches": 16, "num_partial_branches": 1, "covered_branches": 15, "missing_branches": 1, "percent_branches_covered": 93.75, "percent_branches_covered_display": "94"}, "missing_lines": [269, 270, 274, 275], "excluded_lines": [], "start_line": 244, "executed_branches": [[261, 262], [261, 264], [265, 266], [265, 291], [271, 265], [271, 272], [277, 278], [277, 279], [283, 284], [283, 286], [286, 287], [286, 289], [287, 271], [287, 288], [289, 290]], "missing_branches": [[289, 271]]}, "_validation_source_root": {"executed_lines": [301, 302, 303], "summary": {"covered_lines": 3, "num_statements": 3, "percent_covered": 100.0, "percent_covered_display": "100", "missing_lines": 0, "excluded_lines": 0, "percent_statements_covered": 100.0, "percent_statements_covered_display": "100", "num_branches": 2, "num_partial_branches": 0, "covered_branches": 2, "missing_branches": 0, "percent_branches_covered": 100.0, "percent_branches_covered_display": "100"}, "missing_lines": [], "excluded_lines": [], "start_line": 294, "executed_branches": [[301, 302], [301, 303]], "missing_branches": []}, "validate_post": {"executed_lines": [331, 332, 333, 334, 335, 336], "summary": {"covered_lines": 6, "num_statements": 6, "percent_covered": 100.0, "percent_covered_display": "100", "missing_lines": 0, "excluded_lines": 0, "percent_statements_covered": 100.0, "percent_statements_covered_display": "100", "num_branches": 0, "num_partial_branches": 0, "covered_branches": 0, "missing_branches": 0, "percent_branches_covered": 100.0, "percent_branches_covered_display": "100"}, "missing_lines": [], "excluded_lines": [], "start_line": 311, "executed_branches": [], "missing_branches": []}, "_check_manifest_vs_trim": {"executed_lines": [346, 347, 349, 354, 355, 357, 358, 359, 360, 367, 369, 370, 381, 382, 383, 384, 385, 386, 387, 399, 400, 401, 402], "summary": {"covered_lines": 23, "num_statements": 23, "percent_covered": 100.0, "percent_covered_display": "100", "missing_lines": 0, "excluded_lines": 0, "percent_statements_covered": 100.0, "percent_statements_covered_display": "100", "num_branches": 14, "num_partial_branches": 0, "covered_branches": 14, "missing_branches": 0, "percent_branches_covered": 100.0, "percent_branches_covered_display": "100"}, "missing_lines": [], "excluded_lines": [], "start_line": 339, "executed_branches": [[346, 347], [346, 349], [357, 358], [357, 399], [359, 360], [359, 369], [369, 370], [369, 381], [381, 357], [381, 382], [384, 357], [384, 385], [400, -339], [400, 401]], "missing_branches": []}, "_expected_keep_by_file": {"executed_lines": [417, 418, 419, 420], "summary": {"covered_lines": 4, "num_statements": 4, "percent_covered": 100.0, "percent_covered_display": "100", "missing_lines": 0, "excluded_lines": 0, "percent_statements_covered": 100.0, "percent_statements_covered_display": "100", "num_branches": 2, "num_partial_branches": 0, "covered_branches": 2, "missing_branches": 0, "percent_branches_covered": 100.0, "percent_branches_covered_display": "100"}, "missing_lines": [], "excluded_lines": [], "start_line": 414, "executed_branches": [[418, 419], [418, 420]], "missing_branches": []}, "_check_trim_outputs": {"executed_lines": [426, 427, 429, 430, 431, 432, 433, 443, 445, 446, 447, 457, 459, 460, 461, 462, 472, 474, 475, 486, 488, 500, 501, 503, 504, 505], "summary": {"covered_lines": 26, "num_statements": 26, "percent_covered": 97.61904761904762, "percent_covered_display": "98", "missing_lines": 0, "excluded_lines": 0, "percent_statements_covered": 100.0, "percent_statements_covered_display": "100", "num_branches": 16, "num_partial_branches": 1, "covered_branches": 15, "missing_branches": 1, "percent_branches_covered": 93.75, "percent_branches_covered_display": "94"}, "missing_lines": [], "excluded_lines": [], "start_line": 423, "executed_branches": [[426, 427], [426, 429], [429, -423], [429, 430], [430, 431], [430, 445], [432, 433], [446, 447], [446, 459], [474, 475], [474, 488], [488, 500], [488, 503], [504, 429], [504, 505]], "missing_branches": [[432, 443]]}, "_logical_text_size": {"executed_lines": [526, 527, 528, 529, 530], "summary": {"covered_lines": 5, "num_statements": 5, "percent_covered": 100.0, "percent_covered_display": "100", "missing_lines": 0, "excluded_lines": 0, "percent_statements_covered": 100.0, "percent_statements_covered_display": "100", "num_branches": 0, "num_partial_branches": 0, "covered_branches": 0, "missing_branches": 0, "percent_branches_covered": 100.0, "percent_branches_covered_display": "100"}, "missing_lines": [], "excluded_lines": [], "start_line": 518, "executed_branches": [], "missing_branches": []}, "_emit_trim_output_mismatch": {"executed_lines": [542, 543, 544, 545], "summary": {"covered_lines": 4, "num_statements": 4, "percent_covered": 100.0, "percent_covered_display": "100", "missing_lines": 0, "excluded_lines": 0, "percent_statements_covered": 100.0, "percent_statements_covered_display": "100", "num_branches": 2, "num_partial_branches": 0, "covered_branches": 2, "missing_branches": 0, "percent_branches_covered": 100.0, "percent_branches_covered_display": "100"}, "missing_lines": [], "excluded_lines": [], "start_line": 533, "executed_branches": [[543, 544], [543, 545]], "missing_branches": []}, "_check_trimmed_proc_sets": {"executed_lines": [559, 560, 562, 563, 564, 566, 567, 568, 569, 570, 572, 573, 574, 575, 576, 577], "summary": {"covered_lines": 16, "num_statements": 16, "percent_covered": 100.0, "percent_covered_display": "100", "missing_lines": 0, "excluded_lines": 0, "percent_statements_covered": 100.0, "percent_statements_covered_display": "100", "num_branches": 8, "num_partial_branches": 0, "covered_branches": 8, "missing_branches": 0, "percent_branches_covered": 100.0, "percent_branches_covered_display": "100"}, "missing_lines": [], "excluded_lines": [], "start_line": 556, "executed_branches": [[559, 560], [559, 562], [562, -556], [562, 563], [563, 564], [563, 566], [574, 562], [574, 575]], "missing_branches": []}, "_proc_mismatch_message": {"executed_lines": [587, 588, 589, 590, 591, 592], "summary": {"covered_lines": 6, "num_statements": 6, "percent_covered": 100.0, "percent_covered_display": "100", "missing_lines": 0, "excluded_lines": 0, "percent_statements_covered": 100.0, "percent_statements_covered_display": "100", "num_branches": 4, "num_partial_branches": 0, "covered_branches": 4, "missing_branches": 0, "percent_branches_covered": 100.0, "percent_branches_covered_display": "100"}, "missing_lines": [], "excluded_lines": [], "start_line": 586, "executed_branches": [[588, 589], [588, 590], [590, 591], [590, 592]], "missing_branches": []}, "_check_brace_balance": {"executed_lines": [603, 604, 605, 606, 611, 612, 613], "summary": {"covered_lines": 7, "num_statements": 7, "percent_covered": 100.0, "percent_covered_display": "100", "missing_lines": 0, "excluded_lines": 0, "percent_statements_covered": 100.0, "percent_statements_covered_display": "100", "num_branches": 4, "num_partial_branches": 0, "covered_branches": 4, "missing_branches": 0, "percent_branches_covered": 100.0, "percent_branches_covered_display": "100"}, "missing_lines": [], "excluded_lines": [], "start_line": 595, "executed_branches": [[603, -595], [603, 604], [612, 603], [612, 613]], "missing_branches": []}, "_brace_delta": {"executed_lines": [648, 649, 650, 651, 652, 653, 656, 657, 658, 661, 662, 663, 664, 669, 670, 671, 672, 682, 683, 684, 688, 689, 690, 691, 694, 695, 696, 697, 698, 699, 703, 704, 706, 707, 708, 709, 710, 711], "summary": {"covered_lines": 38, "num_statements": 43, "percent_covered": 88.40579710144928, "percent_covered_display": "88", "missing_lines": 5, "excluded_lines": 0, "percent_statements_covered": 88.37209302325581, "percent_statements_covered_display": "88", "num_branches": 26, "num_partial_branches": 3, "covered_branches": 23, "missing_branches": 3, "percent_branches_covered": 88.46153846153847, "percent_branches_covered_display": "88"}, "missing_lines": [685, 686, 687, 692, 693], "excluded_lines": [], "start_line": 623, "executed_branches": [[652, 653], [652, 711], [656, 657], [656, 661], [661, 662], [661, 669], [669, 670], [669, 682], [670, 671], [670, 672], [682, 683], [682, 703], [684, 688], [689, 690], [691, 694], [694, 695], [694, 697], [703, 704], [703, 706], [706, 707], [706, 708], [708, 709], [708, 710]], "missing_branches": [[684, 685], [689, 698], [691, 692]]}, "_check_dangling_refs": {"executed_lines": [725, 726, 728, 729, 733, 734, 737, 738, 739, 740, 750, 751, 752], "summary": {"covered_lines": 13, "num_statements": 13, "percent_covered": 100.0, "percent_covered_display": "100", "missing_lines": 0, "excluded_lines": 0, "percent_statements_covered": 100.0, "percent_statements_covered_display": "100", "num_branches": 12, "num_partial_branches": 0, "covered_branches": 12, "missing_branches": 0, "percent_branches_covered": 100.0, "percent_branches_covered_display": "100"}, "missing_lines": [], "excluded_lines": [], "start_line": 714, "executed_branches": [[728, -714], [728, 729], [729, 733], [729, 734], [734, 737], [734, 738], [738, 739], [738, 750], [739, 728], [739, 740], [751, 728], [751, 752]], "missing_branches": []}, "_source_matches_surviving_file": {"executed_lines": [777, 778, 779], "summary": {"covered_lines": 3, "num_statements": 3, "percent_covered": 100.0, "percent_covered_display": "100", "missing_lines": 0, "excluded_lines": 0, "percent_statements_covered": 100.0, "percent_statements_covered_display": "100", "num_branches": 0, "num_partial_branches": 0, "covered_branches": 0, "missing_branches": 0, "percent_branches_covered": 100.0, "percent_branches_covered_display": "100"}, "missing_lines": [], "excluded_lines": [], "start_line": 763, "executed_branches": [], "missing_branches": []}, "_path_from_canonical": {"executed_lines": [789, 790, 791, 792], "summary": {"covered_lines": 4, "num_statements": 4, "percent_covered": 100.0, "percent_covered_display": "100", "missing_lines": 0, "excluded_lines": 0, "percent_statements_covered": 100.0, "percent_statements_covered_display": "100", "num_branches": 2, "num_partial_branches": 0, "covered_branches": 2, "missing_branches": 0, "percent_branches_covered": 100.0, "percent_branches_covered_display": "100"}, "missing_lines": [], "excluded_lines": [], "start_line": 782, "executed_branches": [[790, 791], [790, 792]], "missing_branches": []}, "_check_stage_steps": {"executed_lines": [805, 806, 808, 809, 811, 812, 813], "summary": {"covered_lines": 7, "num_statements": 7, "percent_covered": 100.0, "percent_covered_display": "100", "missing_lines": 0, "excluded_lines": 0, "percent_statements_covered": 100.0, "percent_statements_covered_display": "100", "num_branches": 6, "num_partial_branches": 0, "covered_branches": 6, "missing_branches": 0, "percent_branches_covered": 100.0, "percent_branches_covered_display": "100"}, "missing_lines": [], "excluded_lines": [], "start_line": 804, "executed_branches": [[805, 806], [805, 808], [811, -804], [811, 812], [812, 811], [812, 813]], "missing_branches": []}, "_surviving_proc_shorts": {"executed_lines": [830, 831, 832, 833, 834, 835], "summary": {"covered_lines": 6, "num_statements": 6, "percent_covered": 100.0, "percent_covered_display": "100", "missing_lines": 0, "excluded_lines": 0, "percent_statements_covered": 100.0, "percent_statements_covered_display": "100", "num_branches": 2, "num_partial_branches": 0, "covered_branches": 2, "missing_branches": 0, "percent_branches_covered": 100.0, "percent_branches_covered_display": "100"}, "missing_lines": [], "excluded_lines": [], "start_line": 822, "executed_branches": [[831, 832], [831, 835]], "missing_branches": []}, "_classify_and_emit": {"executed_lines": [846, 847, 848, 851, 852, 859, 862, 863, 864, 865, 866, 873, 876, 877, 878, 879, 886, 889, 890, 891, 892], "summary": {"covered_lines": 21, "num_statements": 21, "percent_covered": 100.0, "percent_covered_display": "100", "missing_lines": 0, "excluded_lines": 0, "percent_statements_covered": 100.0, "percent_statements_covered_display": "100", "num_branches": 16, "num_partial_branches": 0, "covered_branches": 16, "missing_branches": 0, "percent_branches_covered": 100.0, "percent_branches_covered_display": "100"}, "missing_lines": [], "excluded_lines": [], "start_line": 838, "executed_branches": [[847, 848], [847, 851], [851, 852], [851, 862], [863, 864], [863, 876], [865, 866], [865, 873], [876, 877], [876, 889], [878, 879], [878, 886], [889, -838], [889, 890], [891, -838], [891, 892]], "missing_branches": []}, "_is_external_reference": {"executed_lines": [902, 903, 904, 905, 906], "summary": {"covered_lines": 5, "num_statements": 5, "percent_covered": 100.0, "percent_covered_display": "100", "missing_lines": 0, "excluded_lines": 0, "percent_statements_covered": 100.0, "percent_statements_covered_display": "100", "num_branches": 2, "num_partial_branches": 0, "covered_branches": 2, "missing_branches": 0, "percent_branches_covered": 100.0, "percent_branches_covered_display": "100"}, "missing_lines": [], "excluded_lines": [], "start_line": 901, "executed_branches": [[903, 904], [903, 905]], "missing_branches": []}, "_looks_like_file_literal": {"executed_lines": [910, 911], "summary": {"covered_lines": 2, "num_statements": 2, "percent_covered": 100.0, "percent_covered_display": "100", "missing_lines": 0, "excluded_lines": 0, "percent_statements_covered": 100.0, "percent_statements_covered_display": "100", "num_branches": 0, "num_partial_branches": 0, "covered_branches": 0, "missing_branches": 0, "percent_branches_covered": 100.0, "percent_branches_covered_display": "100"}, "missing_lines": [], "excluded_lines": [], "start_line": 909, "executed_branches": [], "missing_branches": []}, "_looks_like_bare_proc": {"executed_lines": [915, 916, 917, 918, 920], "summary": {"covered_lines": 5, "num_statements": 6, "percent_covered": 80.0, "percent_covered_display": "80", "missing_lines": 1, "excluded_lines": 0, "percent_statements_covered": 83.33333333333333, "percent_statements_covered_display": "83", "num_branches": 4, "num_partial_branches": 1, "covered_branches": 3, "missing_branches": 1, "percent_branches_covered": 75.0, "percent_branches_covered_display": "75"}, "missing_lines": [919], "excluded_lines": [], "start_line": 914, "executed_branches": [[916, 917], [916, 918], [918, 920]], "missing_branches": [[918, 919]]}, "": {"executed_lines": [32, 34, 35, 36, 38, 39, 40, 41, 42, 43, 44, 46, 54, 70, 86, 119, 137, 163, 212, 215, 219, 244, 294, 311, 339, 414, 423, 518, 533, 556, 586, 595, 623, 714, 763, 782, 800, 801, 804, 822, 838, 901, 909, 914, 928], "summary": {"covered_lines": 45, "num_statements": 45, "percent_covered": 100.0, "percent_covered_display": "100", "missing_lines": 0, "excluded_lines": 0, "percent_statements_covered": 100.0, "percent_statements_covered_display": "100", "num_branches": 0, "num_partial_branches": 0, "covered_branches": 0, "missing_branches": 0, "percent_branches_covered": 100.0, "percent_branches_covered_display": "100"}, "missing_lines": [], "excluded_lines": [], "start_line": 1, "executed_branches": [], "missing_branches": []}}, "classes": {"": {"executed_lines": [32, 34, 35, 36, 38, 39, 40, 41, 42, 43, 44, 46, 54, 62, 63, 64, 65, 66, 67, 70, 71, 72, 73, 74, 75, 76, 86, 87, 88, 89, 92, 93, 94, 104, 105, 106, 107, 108, 116, 119, 120, 121, 122, 123, 124, 125, 137, 151, 152, 157, 158, 160, 163, 173, 174, 175, 182, 183, 184, 191, 194, 195, 196, 197, 212, 215, 216, 219, 228, 229, 230, 231, 232, 233, 234, 235, 236, 237, 238, 239, 240, 241, 244, 254, 255, 257, 259, 260, 261, 262, 264, 265, 266, 267, 268, 271, 272, 273, 276, 277, 278, 279, 280, 281, 282, 283, 284, 286, 287, 288, 289, 290, 291, 294, 301, 302, 303, 311, 331, 332, 333, 334, 335, 336, 339, 346, 347, 349, 354, 355, 357, 358, 359, 360, 367, 369, 370, 381, 382, 383, 384, 385, 386, 387, 399, 400, 401, 402, 414, 417, 418, 419, 420, 423, 426, 427, 429, 430, 431, 432, 433, 443, 445, 446, 447, 457, 459, 460, 461, 462, 472, 474, 475, 486, 488, 500, 501, 503, 504, 505, 518, 526, 527, 528, 529, 530, 533, 542, 543, 544, 545, 556, 559, 560, 562, 563, 564, 566, 567, 568, 569, 570, 572, 573, 574, 575, 576, 577, 586, 587, 588, 589, 590, 591, 592, 595, 603, 604, 605, 606, 611, 612, 613, 623, 648, 649, 650, 651, 652, 653, 656, 657, 658, 661, 662, 663, 664, 669, 670, 671, 672, 682, 683, 684, 688, 689, 690, 691, 694, 695, 696, 697, 698, 699, 703, 704, 706, 707, 708, 709, 710, 711, 714, 725, 726, 728, 729, 733, 734, 737, 738, 739, 740, 750, 751, 752, 763, 777, 778, 779, 782, 789, 790, 791, 792, 800, 801, 804, 805, 806, 808, 809, 811, 812, 813, 822, 830, 831, 832, 833, 834, 835, 838, 846, 847, 848, 851, 852, 859, 862, 863, 864, 865, 866, 873, 876, 877, 878, 879, 886, 889, 890, 891, 892, 901, 902, 903, 904, 905, 906, 909, 910, 911, 914, 915, 916, 917, 918, 920, 928], "summary": {"covered_lines": 340, "num_statements": 350, "percent_covered": 96.78030303030303, "percent_covered_display": "97", "missing_lines": 10, "excluded_lines": 0, "percent_statements_covered": 97.14285714285714, "percent_statements_covered_display": "97", "num_branches": 178, "num_partial_branches": 7, "covered_branches": 171, "missing_branches": 7, "percent_branches_covered": 96.06741573033707, "percent_branches_covered_display": "96"}, "missing_lines": [269, 270, 274, 275, 685, 686, 687, 692, 693, 919], "excluded_lines": [], "start_line": 1, "executed_branches": [[66, -54], [66, 67], [75, -70], [75, 76], [88, 89], [88, 92], [93, 94], [93, 104], [105, -86], [105, 106], [107, 108], [107, 116], [121, -119], [121, 122], [122, 123], [122, 124], [124, 125], [151, 152], [151, 157], [157, 158], [157, 160], [173, 174], [173, 194], [174, 175], [174, 183], [183, 184], [183, 191], [196, -163], [196, 197], [230, 231], [230, 241], [232, 233], [232, 236], [233, 234], [233, 235], [236, 237], [236, 240], [237, 238], [237, 239], [261, 262], [261, 264], [265, 266], [265, 291], [271, 265], [271, 272], [277, 278], [277, 279], [283, 284], [283, 286], [286, 287], [286, 289], [287, 271], [287, 288], [289, 290], [301, 302], [301, 303], [346, 347], [346, 349], [357, 358], [357, 399], [359, 360], [359, 369], [369, 370], [369, 381], [381, 357], [381, 382], [384, 357], [384, 385], [400, -339], [400, 401], [418, 419], [418, 420], [426, 427], [426, 429], [429, -423], [429, 430], [430, 431], [430, 445], [432, 433], [446, 447], [446, 459], [474, 475], [474, 488], [488, 500], [488, 503], [504, 429], [504, 505], [543, 544], [543, 545], [559, 560], [559, 562], [562, -556], [562, 563], [563, 564], [563, 566], [574, 562], [574, 575], [588, 589], [588, 590], [590, 591], [590, 592], [603, -595], [603, 604], [612, 603], [612, 613], [652, 653], [652, 711], [656, 657], [656, 661], [661, 662], [661, 669], [669, 670], [669, 682], [670, 671], [670, 672], [682, 683], [682, 703], [684, 688], [689, 690], [691, 694], [694, 695], [694, 697], [703, 704], [703, 706], [706, 707], [706, 708], [708, 709], [708, 710], [728, -714], [728, 729], [729, 733], [729, 734], [734, 737], [734, 738], [738, 739], [738, 750], [739, 728], [739, 740], [751, 728], [751, 752], [790, 791], [790, 792], [805, 806], [805, 808], [811, -804], [811, 812], [812, 811], [812, 813], [831, 832], [831, 835], [847, 848], [847, 851], [851, 852], [851, 862], [863, 864], [863, 876], [865, 866], [865, 873], [876, 877], [876, 889], [878, 879], [878, 886], [889, -838], [889, 890], [891, -838], [891, 892], [903, 904], [903, 905], [916, 917], [916, 918], [918, 920]], "missing_branches": [[124, 121], [289, 271], [432, 443], [684, 685], [689, 698], [691, 692], [918, 919]]}}}}, "totals": {"covered_lines": 5266, "num_statements": 5478, "percent_covered": 95.45208446128858, "percent_covered_display": "95", "missing_lines": 212, "excluded_lines": 81, "percent_statements_covered": 96.12997444322745, "percent_statements_covered_display": "96", "num_branches": 1910, "num_partial_branches": 104, "covered_branches": 1786, "missing_branches": 124, "percent_branches_covered": 93.50785340314137, "percent_branches_covered_display": "94"}}