============================= test session starts =============================
platform win32 -- Python 3.14.4, pytest-8.4.2, pluggy-1.6.0 -- C:\personal\projects\chopper_v2\.venv\Scripts\python.exe
cachedir: .pytest_cache
hypothesis profile 'default'
benchmark: 4.0.0 (defaults: timer=time.perf_counter disable_gc=False min_rounds=5 min_time=0.000005 max_time=1.0 calibration_precision=10 warmup=False warmup_iterations=100000)
rootdir: C:\personal\projects\chopper_v2
configfile: pyproject.toml
plugins: anyio-4.13.0, hypothesis-6.152.1, benchmark-4.0.0, cov-5.0.0, datadir-1.8.0, regressions-2.10.0
collecting ... collected 778 items

tests/unit/adapters/test_fs_local.py::test_write_read_roundtrip PASSED   [  0%]
tests/unit/adapters/test_fs_local.py::test_exists_and_stat PASSED        [  0%]
tests/unit/adapters/test_fs_local.py::test_list_sorted_with_pattern PASSED [  0%]
tests/unit/adapters/test_fs_local.py::test_rename_and_remove PASSED      [  0%]
tests/unit/adapters/test_fs_local.py::test_remove_file PASSED            [  0%]
tests/unit/adapters/test_fs_local.py::test_mkdir_parents_exist_ok PASSED [  0%]
tests/unit/adapters/test_fs_local.py::test_copy_tree_excludes_top_level_dot_chopper PASSED [  0%]
tests/unit/adapters/test_fs_local.py::test_remove_dir_nonrecursive_raises_if_nonempty PASSED [  1%]
tests/unit/adapters/test_fs_memory.py::test_read_text_returns_stored_content PASSED [  1%]
tests/unit/adapters/test_fs_memory.py::test_read_text_missing_raises PASSED [  1%]
tests/unit/adapters/test_fs_memory.py::test_exists_reports_files_and_implicit_dirs PASSED [  1%]
tests/unit/adapters/test_fs_memory.py::test_write_text_creates_file_and_implicit_dirs PASSED [  1%]
tests/unit/adapters/test_fs_memory.py::test_list_returns_sorted_children PASSED [  1%]
tests/unit/adapters/test_fs_memory.py::test_list_pattern_filters PASSED  [  1%]
tests/unit/adapters/test_fs_memory.py::test_mkdir_and_remove_recursive PASSED [  1%]
tests/unit/adapters/test_fs_memory.py::test_mkdir_exist_ok PASSED        [  2%]
tests/unit/adapters/test_fs_memory.py::test_rename_moves_subtree PASSED  [  2%]
tests/unit/adapters/test_fs_memory.py::test_copy_tree_excludes_dot_chopper_at_top PASSED [  2%]
tests/unit/adapters/test_fs_memory.py::test_remove_non_empty_dir_requires_recursive PASSED [  2%]
tests/unit/adapters/test_fs_memory.py::test_stat_reports_size_for_file_and_dir PASSED [  2%]
tests/unit/adapters/test_fs_memory.py::test_read_text_missing_raises_filenotfound PASSED [  2%]
tests/unit/adapters/test_fs_memory.py::test_stat_returns_is_dir_for_directory PASSED [  2%]
tests/unit/adapters/test_fs_memory.py::test_stat_missing_raises_filenotfound PASSED [  2%]
tests/unit/adapters/test_fs_memory.py::test_list_missing_directory_raises_filenotfound PASSED [  3%]
tests/unit/adapters/test_fs_memory.py::test_list_pattern_filters_results PASSED [  3%]
tests/unit/adapters/test_fs_memory.py::test_rename_missing_source_raises_filenotfound PASSED [  3%]
tests/unit/adapters/test_fs_memory.py::test_rename_existing_target_raises_fileexists PASSED [  3%]
tests/unit/adapters/test_fs_memory.py::test_remove_nonempty_directory_without_recursive_raises PASSED [  3%]
tests/unit/adapters/test_fs_memory.py::test_remove_missing_path_raises_filenotfound PASSED [  3%]
tests/unit/adapters/test_fs_memory.py::test_remove_recursive_deletes_subtree PASSED [  3%]
tests/unit/adapters/test_fs_memory.py::test_mkdir_over_existing_file_raises_fileexists PASSED [  3%]
tests/unit/adapters/test_fs_memory.py::test_mkdir_existing_dir_without_exist_ok_raises PASSED [  4%]
tests/unit/adapters/test_fs_memory.py::test_mkdir_missing_parent_without_parents_raises_filenotfound PASSED [  4%]
tests/unit/adapters/test_fs_memory.py::test_copy_tree_missing_source_raises_filenotfound PASSED [  4%]
tests/unit/adapters/test_fs_memory.py::test_copy_tree_excludes_dot_chopper_subtree PASSED [  4%]
tests/unit/adapters/test_progress_rich.py::TestRichProgressAvailable::test_styled_mode_constructs PASSED [  4%]
tests/unit/adapters/test_progress_rich.py::TestRichProgressAvailable::test_plain_mode_constructs PASSED [  4%]
tests/unit/adapters/test_progress_rich.py::TestRichProgressAvailable::test_phase_lines_emitted_to_stderr PASSED [  4%]
tests/unit/adapters/test_progress_rich.py::TestRichUnavailableFallback::test_unavailable_error_propagates PASSED [  5%]
tests/unit/adapters/test_sink_collecting.py::test_emit_preserves_insertion_order PASSED [  5%]
tests/unit/adapters/test_sink_collecting.py::test_emit_dedupe_replaces_in_place PASSED [  5%]
tests/unit/adapters/test_sink_collecting.py::test_finalize_returns_severity_counts PASSED [  5%]
tests/unit/adapters/test_sink_collecting.py::test_finalize_counts_by_severity_enum PASSED [  5%]
tests/unit/audit/test_audit.py::test_sha256_hex_is_64_char_hex PASSED    [  5%]
tests/unit/audit/test_audit.py::test_count_sloc_tcl_skips_full_line_comments_and_blanks PASSED [  5%]
tests/unit/audit/test_audit.py::test_count_sloc_shell_preserves_shebang PASSED [  5%]
tests/unit/audit/test_audit.py::test_count_sloc_csv_ignores_comma_only_lines PASSED [  6%]
tests/unit/audit/test_audit.py::test_count_sloc_unknown_extension_counts_all_nonblank PASSED [  6%]
tests/unit/audit/test_audit.py::test_count_raw_is_nonblank_count PASSED  [  6%]
tests/unit/audit/test_audit.py::test_render_compiled_manifest_empty_record_is_valid_json PASSED [  6%]
tests/unit/audit/test_audit.py::test_render_dependency_graph_empty_record_is_valid_json PASSED [  6%]
tests/unit/audit/test_audit.py::test_render_diagnostics_captures_sink_snapshot PASSED [  6%]
tests/unit/audit/test_audit.py::test_render_trim_report_json_has_required_top_level_keys PASSED [  6%]
tests/unit/audit/test_audit.py::test_render_trim_report_txt_is_human_readable PASSED [  6%]
tests/unit/audit/test_audit.py::test_render_trim_stats_empty_record_has_zeros PASSED [  7%]
tests/unit/audit/test_audit.py::test_render_chopper_run_includes_mode_and_counts PASSED [  7%]
tests/unit/audit/test_audit.py::test_audit_service_writes_bundle_with_empty_record PASSED [  7%]
tests/unit/audit/test_audit.py::test_audit_service_copies_inputs_when_loaded_present PASSED [  7%]
tests/unit/audit/test_audit.py::test_audit_service_tolerates_missing_input_file PASSED [  7%]
tests/unit/audit/test_audit.py::test_audit_service_records_trim_state_first_vs_retrim PASSED [  7%]
tests/unit/audit/test_audit.py::test_audit_service_renders_manifest_files_section PASSED [  7%]
tests/unit/audit/test_audit.py::test_compiled_manifest_includes_proc_trim_surviving_procs PASSED [  7%]
tests/unit/audit/test_audit.py::test_dependency_graph_renders_resolved_and_unresolved PASSED [  8%]
tests/unit/audit/test_audit.py::test_trim_report_json_populates_summary_and_reports PASSED [  8%]
tests/unit/audit/test_audit.py::test_trim_report_txt_emits_treatment_breakdown_and_dry_run_notice PASSED [  8%]
tests/unit/audit/test_audit.py::test_trim_stats_reflects_rich_record_with_fs_reads PASSED [  8%]
tests/unit/audit/test_audit.py::test_audit_service_end_to_end_writes_full_bundle PASSED [  8%]
tests/unit/cli/test_commands.py::test_resolve_domain_root_falls_back_to_cwd_when_args_domain_is_none PASSED [  8%]
tests/unit/cli/test_commands.py::test_make_progress_falls_back_to_silent_when_rich_unavailable PASSED [  8%]
tests/unit/cli/test_commands.py::test_make_progress_returns_silent_when_quiet_set PASSED [  8%]
tests/unit/cli/test_commands.py::test_build_run_config_parses_comma_separated_features PASSED [  9%]
tests/unit/cli/test_commands.py::test_build_run_config_skips_empty_feature_segments PASSED [  9%]
tests/unit/cli/test_commands.py::test_build_run_config_with_project_ignores_base_and_features PASSED [  9%]
tests/unit/cli/test_main.py::test_build_parser_has_three_subcommands PASSED [  9%]
tests/unit/cli/test_main.py::test_trim_accepts_dry_run_flag PASSED       [  9%]
tests/unit/cli/test_main.py::test_global_flags_are_parsed_before_subcommand PASSED [  9%]
tests/unit/cli/test_main.py::test_repeated_verbose_increments_count PASSED [  9%]
tests/unit/cli/test_main.py::test_missing_subcommand_is_error PASSED     [ 10%]
tests/unit/cli/test_main.py::test_project_mutually_exclusive_with_base_enforced_in_main PASSED [ 10%]
tests/unit/cli/test_main.py::test_trim_requires_base_or_project PASSED   [ 10%]
tests/unit/compiler/test_aggregate.py::TestWholeAlwaysWins::test_whole_base_beats_feature_fe PASSED [ 10%]
tests/unit/compiler/test_aggregate.py::TestWholeAlwaysWins::test_feature_whole_beats_base_pe PASSED [ 10%]
tests/unit/compiler/test_aggregate.py::TestWholeAlwaysWins::test_feature_fi_glob_also_produces_full_copy PASSED [ 10%]
tests/unit/compiler/test_aggregate.py::TestTrimUnion::test_pi_union_across_sources PASSED [ 10%]
tests/unit/compiler/test_aggregate.py::TestTrimUnion::test_feature_pe_vetoed_by_base_pi PASSED [ 10%]
tests/unit/compiler/test_aggregate.py::TestTrimUnion::test_first_source_wins_selection_source PASSED [ 11%]
tests/unit/compiler/test_aggregate.py::TestOrderIndependence::test_two_features_same_result_regardless_of_order PASSED [ 11%]
tests/unit/compiler/test_aggregate.py::TestFEVetoSurfacing::test_feature_fe_vetoed_by_base_pi PASSED [ 11%]
tests/unit/compiler/test_aggregate.py::TestFEVetoSurfacing::test_no_veto_when_every_source_excludes PASSED [ 11%]
tests/unit/compiler/test_aggregate.py::TestDefaultExclude::test_untouched_parsed_file_removed_by_default PASSED [ 11%]
tests/unit/compiler/test_aggregate.py::TestUnparsedLiteralFile::test_unparsed_literal_fi_appears_as_full_copy_without_procs PASSED [ 11%]
tests/unit/compiler/test_flow_resolver.py::test_base_only_returns_stages_unchanged PASSED [ 11%]
tests/unit/compiler/test_flow_resolver.py::test_add_step_before_and_after PASSED [ 11%]
tests/unit/compiler/test_flow_resolver.py::test_remove_step PASSED       [ 12%]
tests/unit/compiler/test_flow_resolver.py::test_replace_step PASSED      [ 12%]
tests/unit/compiler/test_flow_resolver.py::test_add_stage_before_and_after PASSED [ 12%]
tests/unit/compiler/test_flow_resolver.py::test_remove_stage PASSED      [ 12%]
tests/unit/compiler/test_flow_resolver.py::test_replace_stage_rewrites_load_from PASSED [ 12%]
tests/unit/compiler/test_flow_resolver.py::test_load_from_action PASSED  [ 12%]
tests/unit/compiler/test_flow_resolver.py::test_features_applied_in_selection_order PASSED [ 12%]
tests/unit/compiler/test_flow_resolver.py::test_actions_within_feature_applied_top_to_bottom PASSED [ 12%]
tests/unit/compiler/test_flow_resolver.py::test_at_one_equivalent_to_no_suffix PASSED [ 13%]
tests/unit/compiler/test_flow_resolver.py::test_at_n_selects_nth_occurrence PASSED [ 13%]
tests/unit/compiler/test_flow_resolver.py::test_at_zero_emits_ve19_and_skips PASSED [ 13%]
tests/unit/compiler/test_flow_resolver.py::test_at_overflow_emits_ve10_and_skips PASSED [ 13%]
tests/unit/compiler/test_flow_resolver.py::test_ambiguous_target_without_suffix_emits_ve20 PASSED [ 13%]
tests/unit/compiler/test_flow_resolver.py::test_missing_stage_reference_raises PASSED [ 13%]
tests/unit/compiler/test_flow_resolver.py::test_missing_step_reference_raises PASSED [ 13%]
tests/unit/compiler/test_flow_resolver.py::test_duplicate_stage_names_in_base_raises PASSED [ 14%]
tests/unit/compiler/test_flow_resolver.py::test_add_stage_that_already_exists_raises PASSED [ 14%]
tests/unit/compiler/test_merge_service.py::test_stage_definition_emits_generated_file_with_base_contributor PASSED [ 14%]
tests/unit/compiler/test_merge_service.py::test_stage_collision_with_existing_file_decision_raises PASSED [ 14%]
tests/unit/compiler/test_merge_service.py::test_feature_flow_action_appears_in_stage_input_sources PASSED [ 14%]
tests/unit/compiler/test_merge_service.py::test_vw13_emitted_when_pe_excludes_every_proc_in_include PASSED [ 14%]
tests/unit/compiler/test_merge_service.py::test_vw13_with_pi_redundant_emits_vw09_too PASSED [ 14%]
tests/unit/compiler/test_merge_service.py::test_pe_on_unparsed_file_does_not_crash_aggregation PASSED [ 14%]
tests/unit/compiler/test_merge_service.py::test_vw18_emitted_when_feature_pi_blocks_base_pe PASSED [ 15%]
tests/unit/compiler/test_per_source.py::TestRow1Nothing::test_file_with_no_selection_is_removed PASSED [ 15%]
tests/unit/compiler/test_per_source.py::TestRow2FullCopy::test_fi_literal_produces_full_copy PASSED [ 15%]
tests/unit/compiler/test_per_source.py::TestRow2FullCopy::test_fi_glob_produces_full_copy_with_glob_reason PASSED [ 15%]
tests/unit/compiler/test_per_source.py::TestRow2FullCopy::test_double_star_glob_across_directories PASSED [ 15%]
tests/unit/compiler/test_per_source.py::TestRow2FullCopy::test_empty_glob_expansion_silently_ignored PASSED [ 15%]
tests/unit/compiler/test_per_source.py::TestRow3AndRow4FE::test_fe_alone_leaves_file_removed PASSED [ 15%]
tests/unit/compiler/test_per_source.py::TestRow3AndRow4FE::test_same_source_fi_literal_survives_fe PASSED [ 15%]
tests/unit/compiler/test_per_source.py::TestRow3AndRow4FE::test_same_source_fi_glob_pruned_by_fe PASSED [ 16%]
tests/unit/compiler/test_per_source.py::TestRow5PIOnly::test_pi_produces_proc_trim_with_listed_procs PASSED [ 16%]
tests/unit/compiler/test_per_source.py::TestRow6PEOnly::test_pe_produces_proc_trim_with_complement PASSED [ 16%]
tests/unit/compiler/test_per_source.py::TestRow6PEOnly::test_pe_covering_all_procs_emits_vw13 PASSED [ 16%]
tests/unit/compiler/test_per_source.py::TestRow7PIAndPE::test_pi_wins_pe_ignored_emits_vw12 PASSED [ 16%]
tests/unit/compiler/test_per_source.py::TestRow8FIAndPI::test_full_copy_wins_pi_redundant_emits_vw09 PASSED [ 16%]
tests/unit/compiler/test_per_source.py::TestRow9FIAndPE::test_fi_literal_and_pe_trims_to_complement PASSED [ 16%]
tests/unit/compiler/test_per_source.py::TestRow10FIPIPE::test_emits_vw09_trims_to_all_minus_pe PASSED [ 16%]
tests/unit/compiler/test_per_source.py::TestRow11FEAndPI::test_pi_contributes_despite_same_source_fe PASSED [ 17%]
tests/unit/compiler/test_per_source.py::TestRow12FEAndPE::test_fe_and_pe_alone_emits_vw11_and_removes PASSED [ 17%]
tests/unit/compiler/test_per_source.py::TestRow13FEPIPE::test_fe_pi_pe_emits_vw12_only PASSED [ 17%]
tests/unit/compiler/test_per_source.py::TestRows14Through16::test_row14_fi_literal_fe_pi_emits_vw09_full_copy PASSED [ 17%]
tests/unit/compiler/test_per_source.py::TestRows14Through16::test_row14_fi_glob_fe_pi_same_source_pruned PASSED [ 17%]
tests/unit/compiler/test_per_source.py::TestRows14Through16::test_row15_fi_literal_fe_pe_trims PASSED [ 17%]
tests/unit/compiler/test_per_source.py::TestRows14Through16::test_row16_fi_literal_fe_pi_pe_emits_vw09_trims PASSED [ 17%]
tests/unit/compiler/test_per_source.py::TestQualifiedNameResolution::test_namespaced_proc_matched_by_short_name PASSED [ 17%]
tests/unit/compiler/test_per_source.py::TestQualifiedNameResolution::test_namespaced_proc_matched_by_qualified_name PASSED [ 18%]
tests/unit/compiler/test_per_source.py::test_proc_decisions_and_file_decisions_are_lex_sorted PASSED [ 18%]
tests/unit/compiler/test_per_source.py::test_default_state_fixture_exposed PASSED [ 18%]
tests/unit/compiler/test_service.py::TestServiceContract::test_run_returns_frozen_manifest PASSED [ 18%]
tests/unit/compiler/test_service.py::TestServiceContract::test_stages_empty_in_stage_2b PASSED [ 18%]
tests/unit/compiler/test_service.py::TestServiceContract::test_provenance_covers_every_file_decision PASSED [ 18%]
tests/unit/compiler/test_service.py::TestDeterminism::test_same_inputs_yield_identical_manifests PASSED [ 18%]
tests/unit/compiler/test_service.py::TestDeterminism::test_diagnostic_emission_order_is_stable PASSED [ 19%]
tests/unit/compiler/test_service.py::TestRealisticScenario::test_base_plus_two_features_full_pipeline PASSED [ 19%]
tests/unit/compiler/test_service.py::TestRealisticScenario::test_input_sources_tag_includes_winning_json_field PASSED [ 19%]
tests/unit/compiler/test_tracer.py::TestEmptySeeds::test_no_seeds_returns_empty_graph PASSED [ 19%]
tests/unit/compiler/test_tracer.py::TestEmptySeeds::test_seed_with_no_calls_yields_single_node PASSED [ 19%]
tests/unit/compiler/test_tracer.py::TestResolvedCalls::test_single_resolved_call PASSED [ 19%]
tests/unit/compiler/test_tracer.py::TestResolvedCalls::test_transitive_chain_three_deep PASSED [ 19%]
tests/unit/compiler/test_tracer.py::TestResolvedCalls::test_multiple_seeds_explored_in_lex_order PASSED [ 19%]
tests/unit/compiler/test_tracer.py::TestAmbiguousMatch::test_same_qualified_name_in_two_files_emits_tw01 PASSED [ 20%]
tests/unit/compiler/test_tracer.py::TestUnresolvedMatch::test_bare_name_with_no_match_emits_tw02 PASSED [ 20%]
tests/unit/compiler/test_tracer.py::TestDynamicCall::test_dollar_variable_token_emits_tw03 PASSED [ 20%]
tests/unit/compiler/test_tracer.py::TestDynamicCall::test_bracketed_command_substitution_emits_tw03 PASSED [ 20%]
tests/unit/compiler/test_tracer.py::TestCycleDetection::test_self_recursion_emits_tw04 PASSED [ 20%]
tests/unit/compiler/test_tracer.py::TestCycleDetection::test_two_proc_cycle_emits_single_tw04 PASSED [ 20%]
tests/unit/compiler/test_tracer.py::TestNamespaceResolution::test_absolute_double_colon_resolves_to_qualified PASSED [ 20%]
tests/unit/compiler/test_tracer.py::TestNamespaceResolution::test_bare_name_resolves_under_caller_namespace_first PASSED [ 20%]
tests/unit/compiler/test_tracer.py::TestNamespaceResolution::test_bare_name_falls_back_to_global PASSED [ 21%]
tests/unit/compiler/test_tracer.py::TestSourceEdges::test_source_refs_recorded_as_file_edges PASSED [ 21%]
tests/unit/compiler/test_tracer.py::TestDeterminism::test_repeated_runs_produce_identical_graph PASSED [ 21%]
tests/unit/compiler/test_tracer.py::TestDeterminism::test_graph_is_frozen PASSED [ 21%]
tests/unit/compiler/test_tracer.py::TestEdgeInvariants::test_edges_lex_sorted_by_caller_kind_line_token_callee PASSED [ 21%]
tests/unit/compiler/test_tracer.py::TestBibleWorkedExample::test_bible_example_emits_tw01_tw02_tw03_tw04 PASSED [ 21%]
tests/unit/compiler/test_tracer.py::TestEdgeClass::test_resolved_edge_requires_callee PASSED [ 21%]
tests/unit/compiler/test_tracer.py::TestEdgeClass::test_unresolved_edge_requires_diagnostic_code PASSED [ 21%]
tests/unit/compiler/test_tracer.py::TestEdgeClass::test_resolved_edge_forbids_diagnostic_code PASSED [ 22%]
tests/unit/compiler/test_tracer.py::TestDependencyGraphInvariants::test_nodes_must_be_lex_sorted PASSED [ 22%]
tests/unit/compiler/test_tracer.py::TestDependencyGraphInvariants::test_pt_must_equal_nodes_minus_seeds PASSED [ 22%]
tests/unit/config/test_loaders.py::TestLoadBase::test_minimal PASSED     [ 22%]
tests/unit/config/test_loaders.py::TestLoadBase::test_optional_fields_default PASSED [ 22%]
tests/unit/config/test_loaders.py::TestLoadBase::test_options_cross_validate_false PASSED [ 22%]
tests/unit/config/test_loaders.py::TestLoadBase::test_procedures_include_hydrated PASSED [ 22%]
tests/unit/config/test_loaders.py::TestLoadBase::test_ve03_on_empty_procs_in_include PASSED [ 23%]
tests/unit/config/test_loaders.py::TestLoadBase::test_ve03_on_empty_procs_in_exclude PASSED [ 23%]
tests/unit/config/test_loaders.py::TestLoadBase::test_stage_def_hydrated PASSED [ 23%]
tests/unit/config/test_loaders.py::TestLoadBase::test_source_path_recorded PASSED [ 23%]
tests/unit/config/test_loaders.py::TestLoadFeature::test_minimal PASSED  [ 23%]
tests/unit/config/test_loaders.py::TestLoadFeature::test_depends_on_hydrated PASSED [ 23%]
tests/unit/config/test_loaders.py::TestLoadFeature::test_metadata_hydrated PASSED [ 23%]
tests/unit/config/test_loaders.py::TestLoadFeature::test_add_step_before_action PASSED [ 23%]
tests/unit/config/test_loaders.py::TestLoadFeature::test_add_step_after_action PASSED [ 24%]
tests/unit/config/test_loaders.py::TestLoadFeature::test_add_stage_after_action PASSED [ 24%]
tests/unit/config/test_loaders.py::TestLoadFeature::test_remove_step_action PASSED [ 24%]
tests/unit/config/test_loaders.py::TestLoadFeature::test_remove_stage_action PASSED [ 24%]
tests/unit/config/test_loaders.py::TestLoadFeature::test_load_from_action PASSED [ 24%]
tests/unit/config/test_loaders.py::TestLoadFeature::test_replace_step_action PASSED [ 24%]
tests/unit/config/test_loaders.py::TestLoadFeature::test_replace_stage_action PASSED [ 24%]
tests/unit/config/test_loaders.py::TestLoadProject::test_minimal PASSED  [ 24%]
tests/unit/config/test_loaders.py::TestLoadProject::test_features_preserved PASSED [ 25%]
tests/unit/config/test_loaders.py::TestLoadProject::test_notes_preserved PASSED [ 25%]
tests/unit/config/test_loaders.py::TestTopoSort::test_no_deps_preserves_order PASSED [ 25%]
tests/unit/config/test_loaders.py::TestTopoSort::test_simple_chain PASSED [ 25%]
tests/unit/config/test_loaders.py::TestTopoSort::test_diamond_dependency PASSED [ 25%]
tests/unit/config/test_loaders.py::TestTopoSort::test_ve22_cycle_detected PASSED [ 25%]
tests/unit/config/test_loaders.py::TestTopoSort::test_ve14_duplicate_name PASSED [ 25%]
tests/unit/config/test_loaders.py::TestTopoSort::test_ve15_missing_prerequisite PASSED [ 25%]
tests/unit/config/test_loaders.py::TestTopoSort::test_stable_sort_within_rank PASSED [ 26%]
tests/unit/config/test_loaders.py::TestTopoSort::test_empty_list PASSED  [ 26%]
tests/unit/config/test_loaders.py::test_load_base_emits_ve03_for_empty_procs_array_in_exclude PASSED [ 26%]
tests/unit/config/test_loaders.py::test_load_flow_action_unmapped_action_raises PASSED [ 26%]
tests/unit/config/test_schema.py::TestBaseSchema::test_minimal_valid_files PASSED [ 26%]
tests/unit/config/test_schema.py::TestBaseSchema::test_minimal_valid_procedures PASSED [ 26%]
tests/unit/config/test_schema.py::TestBaseSchema::test_minimal_valid_stages PASSED [ 26%]
tests/unit/config/test_schema.py::TestBaseSchema::test_missing_domain PASSED [ 26%]
tests/unit/config/test_schema.py::TestBaseSchema::test_no_capability_block PASSED [ 27%]
tests/unit/config/test_schema.py::TestBaseSchema::test_additional_property_rejected PASSED [ 27%]
tests/unit/config/test_schema.py::TestBaseSchema::test_empty_files_include_rejected PASSED [ 27%]
tests/unit/config/test_schema.py::TestBaseSchema::test_path_traversal_rejected PASSED [ 27%]
tests/unit/config/test_schema.py::TestBaseSchema::test_absolute_path_rejected PASSED [ 27%]
tests/unit/config/test_schema.py::TestBaseSchema::test_full_base_valid PASSED [ 27%]
tests/unit/config/test_schema.py::TestBaseSchema::test_only_one_diagnostic_emitted_per_file PASSED [ 27%]
tests/unit/config/test_schema.py::TestFeatureSchema::test_minimal_valid PASSED [ 28%]
tests/unit/config/test_schema.py::TestFeatureSchema::test_missing_name PASSED [ 28%]
tests/unit/config/test_schema.py::TestFeatureSchema::test_full_feature_valid PASSED [ 28%]
tests/unit/config/test_schema.py::TestFeatureSchema::test_invalid_flow_action PASSED [ 28%]
tests/unit/config/test_schema.py::TestProjectSchema::test_minimal_valid PASSED [ 28%]
tests/unit/config/test_schema.py::TestProjectSchema::test_missing_base PASSED [ 28%]
tests/unit/config/test_schema.py::TestProjectSchema::test_base_path_traversal_rejected PASSED [ 28%]
tests/unit/config/test_schema.py::TestProjectSchema::test_full_project_valid PASSED [ 28%]
tests/unit/config/test_schema.py::TestUnknownSchema::test_missing_schema_field PASSED [ 29%]
tests/unit/config/test_schema.py::TestUnknownSchema::test_unknown_schema_id PASSED [ 29%]
tests/unit/config/test_schema.py::TestUnknownSchema::test_non_dict_input PASSED [ 29%]
tests/unit/config/test_schema.py::TestUnknownSchema::test_diagnostic_carries_source_path PASSED [ 29%]
tests/unit/config/test_service.py::TestDirectMode::test_base_only PASSED [ 29%]
tests/unit/config/test_service.py::TestDirectMode::test_base_plus_feature PASSED [ 29%]
tests/unit/config/test_service.py::TestDirectMode::test_no_base_path_emits_ve02 PASSED [ 29%]
tests/unit/config/test_service.py::TestDirectMode::test_missing_file_emits_ve01 PASSED [ 29%]
tests/unit/config/test_service.py::TestDirectMode::test_invalid_json_emits_ve01 PASSED [ 30%]
tests/unit/config/test_service.py::TestDirectMode::test_schema_violation_emits_ve02 PASSED [ 30%]
tests/unit/config/test_service.py::TestDirectMode::test_feature_schema_error_skipped_gracefully PASSED [ 30%]
tests/unit/config/test_service.py::TestProjectMode::test_project_base_only PASSED [ 30%]
tests/unit/config/test_service.py::TestProjectMode::test_project_with_feature PASSED [ 30%]
tests/unit/config/test_service.py::TestProjectMode::test_project_file_missing_emits_ve01 PASSED [ 30%]
tests/unit/config/test_service.py::TestProjectMode::test_project_schema_invalid_emits_ve12 PASSED [ 30%]
tests/unit/config/test_service.py::TestSurfaceFiles::test_literal_proc_file_surfaces PASSED [ 30%]
tests/unit/config/test_service.py::TestSurfaceFiles::test_glob_pattern_not_in_surface PASSED [ 31%]
tests/unit/config/test_service.py::TestSurfaceFiles::test_surface_files_are_lex_sorted PASSED [ 31%]
tests/unit/config/test_service.py::TestSurfaceFiles::test_union_includes_both_base_and_feature_files PASSED [ 31%]
tests/unit/config/test_service.py::TestDeterminism::test_features_topo_sorted PASSED [ 31%]
tests/unit/config/test_service.py::TestDeterminism::test_service_is_stateless PASSED [ 31%]
tests/unit/config/test_service.py::TestDeterminism::test_frozen_dataclass PASSED [ 31%]
tests/unit/config/test_service.py::test_config_service_collects_surface_files_from_all_sections PASSED [ 31%]
tests/unit/core/test_context.py::TestRunConfig::test_construction PASSED [ 32%]
tests/unit/core/test_context.py::TestRunConfig::test_frozen PASSED       [ 32%]
tests/unit/core/test_context.py::TestRunConfig::test_no_mode_field PASSED [ 32%]
tests/unit/core/test_context.py::TestPresentationConfig::test_defaults PASSED [ 32%]
tests/unit/core/test_context.py::TestPresentationConfig::test_explicit PASSED [ 32%]
tests/unit/core/test_context.py::TestPresentationConfig::test_frozen PASSED [ 32%]
tests/unit/core/test_context.py::TestChopperContext::test_bundles_ports PASSED [ 32%]
tests/unit/core/test_context.py::TestChopperContext::test_config_is_run_config PASSED [ 32%]
tests/unit/core/test_context.py::TestChopperContext::test_frozen_bindings PASSED [ 33%]
tests/unit/core/test_context.py::TestChopperContext::test_no_presentation_config_field PASSED [ 33%]
tests/unit/core/test_diagnostics.py::TestRegistry::test_count_matches_spec PASSED [ 33%]
tests/unit/core/test_diagnostics.py::TestRegistry::test_lookup_known_code PASSED [ 33%]
tests/unit/core/test_diagnostics.py::TestRegistry::test_lookup_unknown_raises PASSED [ 33%]
tests/unit/core/test_diagnostics.py::TestRegistry::test_every_family_present PASSED [ 33%]
tests/unit/core/test_diagnostics.py::TestRegistry::test_no_retired_codes PASSED [ 33%]
tests/unit/core/test_diagnostics.py::TestPhase::test_values PASSED       [ 33%]
tests/unit/core/test_diagnostics.py::TestPhase::test_ordering PASSED     [ 34%]
tests/unit/core/test_diagnostics.py::TestDiagnosticBuild::test_basic_construction PASSED [ 34%]
tests/unit/core/test_diagnostics.py::TestDiagnosticBuild::test_with_location PASSED [ 34%]
tests/unit/core/test_diagnostics.py::TestDiagnosticBuild::test_unknown_code_raises PASSED [ 34%]
tests/unit/core/test_diagnostics.py::TestDiagnosticBuild::test_newline_in_message_rejected PASSED [ 34%]
tests/unit/core/test_diagnostics.py::TestDiagnosticBuild::test_default_context_is_empty PASSED [ 34%]
tests/unit/core/test_diagnostics.py::TestDiagnosticBuild::test_provided_context_is_copied PASSED [ 34%]
tests/unit/core/test_diagnostics.py::TestDiagnosticDirectConstruction::test_matching_fields_ok PASSED [ 34%]
tests/unit/core/test_diagnostics.py::TestDiagnosticDirectConstruction::test_mismatched_slug_rejected PASSED [ 35%]
tests/unit/core/test_diagnostics.py::TestDiagnosticDirectConstruction::test_mismatched_severity_rejected PASSED [ 35%]
tests/unit/core/test_diagnostics.py::TestDiagnosticDirectConstruction::test_mismatched_source_rejected PASSED [ 35%]
tests/unit/core/test_diagnostics.py::TestDiagnosticImmutability::test_is_frozen PASSED [ 35%]
tests/unit/core/test_diagnostics.py::TestDiagnosticImmutability::test_hashable PASSED [ 35%]
tests/unit/core/test_diagnostics.py::TestDedupeKey::test_key_excludes_hint_and_context PASSED [ 35%]
tests/unit/core/test_diagnostics.py::TestDedupeKey::test_bucket_differentiates PASSED [ 35%]
tests/unit/core/test_diagnostics.py::TestDedupeKey::test_path_line_differentiates PASSED [ 35%]
tests/unit/core/test_diagnostics.py::TestDiagnosticSummary::test_counts PASSED [ 36%]
tests/unit/core/test_diagnostics.py::TestDiagnosticSummary::test_empty PASSED [ 36%]
tests/unit/core/test_errors.py::test_chopper_error_is_exception PASSED   [ 36%]
tests/unit/core/test_errors.py::test_unknown_code_error_is_chopper_error PASSED [ 36%]
tests/unit/core/test_errors.py::test_programmer_error_is_chopper_error PASSED [ 36%]
tests/unit/core/test_errors.py::test_raise_and_catch_via_base PASSED     [ 36%]
tests/unit/core/test_errors.py::test_error_message_preserved PASSED      [ 36%]
tests/unit/core/test_models.py::TestFileTreatment::test_values PASSED    [ 37%]
tests/unit/core/test_models.py::TestFileTreatment::test_is_str_subclass_for_json PASSED [ 37%]
tests/unit/core/test_models.py::TestFileTreatment::test_members_exhaustive PASSED [ 37%]
tests/unit/core/test_models.py::TestDomainState::test_case_1_first_trim PASSED [ 37%]
tests/unit/core/test_models.py::TestDomainState::test_case_2_retrim PASSED [ 37%]
tests/unit/core/test_models.py::TestDomainState::test_case_3_recovery PASSED [ 37%]
tests/unit/core/test_models.py::TestDomainState::test_case_4_fatal PASSED [ 37%]
tests/unit/core/test_models.py::TestDomainState::test_is_frozen PASSED   [ 37%]
tests/unit/core/test_models.py::TestDomainState::test_equality_by_fields PASSED [ 38%]
tests/unit/core/test_models.py::TestFileStat::test_file PASSED           [ 38%]
tests/unit/core/test_models.py::TestFileStat::test_dir PASSED            [ 38%]
tests/unit/core/test_models.py::TestFileStat::test_is_frozen PASSED      [ 38%]
tests/unit/core/test_models.py::TestProcEntryRef::test_valid PASSED      [ 38%]
tests/unit/core/test_models.py::TestProcEntryRef::test_empty_procs_rejected PASSED [ 38%]
tests/unit/core/test_models.py::TestStageDefinition::test_empty_name_rejected PASSED [ 38%]
tests/unit/core/test_models.py::TestStageDefinition::test_empty_steps_rejected PASSED [ 38%]
tests/unit/core/test_models.py::TestAddStepAction::test_empty_items_rejected PASSED [ 39%]
tests/unit/core/test_models.py::TestProcDecision::test_valid PASSED      [ 39%]
tests/unit/core/test_models.py::TestProcDecision::test_canonical_name_without_double_colon_rejected PASSED [ 39%]
tests/unit/core/test_models.py::TestProcDecision::test_selection_source_without_colon_rejected PASSED [ 39%]
tests/unit/core/test_models.py::TestFileProvenance::test_valid PASSED    [ 39%]
tests/unit/core/test_models.py::TestFileProvenance::test_input_sources_unsorted_rejected PASSED [ 39%]
tests/unit/core/test_models.py::TestFileProvenance::test_vetoed_entries_unsorted_rejected PASSED [ 39%]
tests/unit/core/test_models.py::TestFileProvenance::test_proc_model_on_non_proc_trim_rejected PASSED [ 39%]
tests/unit/core/test_models.py::TestStageSpec::test_empty_name_rejected PASSED [ 40%]
tests/unit/core/test_models.py::TestStageSpec::test_empty_steps_rejected PASSED [ 40%]
tests/unit/core/test_models.py::TestLoadedConfig::test_surface_files_unsorted_rejected PASSED [ 40%]
tests/unit/core/test_models.py::TestLoadedConfig::test_duplicate_feature_names_rejected PASSED [ 40%]
tests/unit/core/test_models.py::TestCompiledManifest::test_file_decisions_unsorted_rejected PASSED [ 40%]
tests/unit/core/test_models.py::TestCompiledManifest::test_proc_decisions_unsorted_rejected PASSED [ 40%]
tests/unit/core/test_models.py::TestCompiledManifest::test_provenance_unsorted_rejected PASSED [ 40%]
tests/unit/core/test_models.py::TestCompiledManifest::test_provenance_keyset_mismatch_rejected PASSED [ 41%]
tests/unit/core/test_models.py::TestCompiledManifest::test_provenance_decision_treatment_drift_rejected PASSED [ 41%]
tests/unit/core/test_models.py::TestEdge::test_resolved_without_callee_rejected PASSED [ 41%]
tests/unit/core/test_models.py::TestEdge::test_resolved_with_diagnostic_code_rejected PASSED [ 41%]
tests/unit/core/test_models.py::TestEdge::test_unresolved_without_diagnostic_code_rejected PASSED [ 41%]
tests/unit/core/test_models.py::TestEdge::test_non_positive_line_rejected PASSED [ 41%]
tests/unit/core/test_models.py::TestDependencyGraph::test_valid PASSED   [ 41%]
tests/unit/core/test_models.py::TestDependencyGraph::test_nodes_unsorted_rejected PASSED [ 41%]
tests/unit/core/test_models.py::TestDependencyGraph::test_nodes_non_unique_rejected PASSED [ 42%]
tests/unit/core/test_models.py::TestDependencyGraph::test_pi_seeds_unsorted_rejected PASSED [ 42%]
tests/unit/core/test_models.py::TestDependencyGraph::test_pi_seeds_not_subset_rejected PASSED [ 42%]
tests/unit/core/test_models.py::TestDependencyGraph::test_pt_mismatch_rejected PASSED [ 42%]
tests/unit/core/test_models.py::TestDependencyGraph::test_reachable_from_includes_mismatch_rejected PASSED [ 42%]
tests/unit/core/test_models.py::TestDependencyGraph::test_edges_unsorted_rejected PASSED [ 42%]
tests/unit/core/test_models.py::TestFileOutcome::test_negative_bytes_in_rejected PASSED [ 42%]
tests/unit/core/test_models.py::TestFileOutcome::test_negative_bytes_out_rejected PASSED [ 42%]
tests/unit/core/test_models.py::TestFileOutcome::test_procs_kept_unsorted_rejected PASSED [ 43%]
tests/unit/core/test_models.py::TestFileOutcome::test_procs_removed_unsorted_rejected PASSED [ 43%]
tests/unit/core/test_models.py::TestFileOutcome::test_remove_with_nonzero_bytes_out_rejected PASSED [ 43%]
tests/unit/core/test_models.py::TestFileOutcome::test_full_copy_with_procs_removed_rejected PASSED [ 43%]
tests/unit/core/test_models.py::TestTrimReport::test_outcomes_unsorted_rejected PASSED [ 43%]
tests/unit/core/test_models.py::TestTrimReport::test_files_copied_mismatch_rejected PASSED [ 43%]
tests/unit/core/test_models.py::TestTrimReport::test_files_trimmed_mismatch_rejected PASSED [ 43%]
tests/unit/core/test_models.py::TestTrimReport::test_files_removed_mismatch_rejected PASSED [ 43%]
tests/unit/core/test_models.py::TestTrimReport::test_procs_kept_total_mismatch_rejected PASSED [ 44%]
tests/unit/core/test_models.py::TestTrimReport::test_procs_removed_total_mismatch_rejected PASSED [ 44%]
tests/unit/core/test_models.py::TestGeneratedArtifact::test_empty_source_stage_rejected PASSED [ 44%]
tests/unit/core/test_models.py::TestAuditArtifact::test_empty_name_rejected PASSED [ 44%]
tests/unit/core/test_models.py::TestAuditArtifact::test_negative_size_rejected PASSED [ 44%]
tests/unit/core/test_models.py::TestAuditArtifact::test_sha256_wrong_length_rejected PASSED [ 44%]
tests/unit/core/test_models.py::TestAuditArtifact::test_sha256_non_hex_rejected PASSED [ 44%]
tests/unit/core/test_models.py::TestAuditManifest::test_empty_run_id_rejected PASSED [ 44%]
tests/unit/core/test_models.py::TestAuditManifest::test_invalid_exit_code_rejected PASSED [ 45%]
tests/unit/core/test_models.py::TestAuditManifest::test_ended_before_started_rejected PASSED [ 45%]
tests/unit/core/test_models.py::TestAuditManifest::test_artifacts_unsorted_rejected PASSED [ 45%]
tests/unit/core/test_models.py::TestAuditManifest::test_artifacts_duplicate_names_rejected PASSED [ 45%]
tests/unit/core/test_models.py::TestRunRecord::test_empty_run_id_rejected PASSED [ 45%]
tests/unit/core/test_models.py::TestRunRecord::test_invalid_exit_code_rejected PASSED [ 45%]
tests/unit/core/test_models.py::TestRunRecord::test_ended_before_started_rejected PASSED [ 45%]
tests/unit/core/test_models.py::TestRunResult::test_invalid_exit_code_rejected PASSED [ 46%]
tests/unit/core/test_models.py::TestProcEntryCanonicalName::test_canonical_name_matches_spec_vector[utils.tcl-helper-utils.tcl::helper] PASSED [ 46%]
tests/unit/core/test_models.py::TestProcEntryCanonicalName::test_canonical_name_matches_spec_vector[utils.tcl-a::helper-utils.tcl::a::helper] PASSED [ 46%]
tests/unit/core/test_models.py::TestProcEntryCanonicalName::test_canonical_name_matches_spec_vector[utils.tcl-a::b::helper-utils.tcl::a::b::helper] PASSED [ 46%]
tests/unit/core/test_models.py::TestProcEntryCanonicalName::test_canonical_name_matches_spec_vector[utils.tcl-abs::x-utils.tcl::abs::x] PASSED [ 46%]
tests/unit/core/test_models.py::TestProcEntryCanonicalName::test_canonical_name_matches_spec_vector[common/helpers.tcl-foo-common/helpers.tcl::foo] PASSED [ 46%]
tests/unit/core/test_models.py::TestProcEntryCanonicalName::test_canonical_name_matches_spec_vector[common/helpers.tcl-ns::foo-common/helpers.tcl::ns::foo] PASSED [ 46%]
tests/unit/core/test_models.py::TestProcEntryCanonicalName::test_canonical_name_matches_spec_vector[sub/dir/f.tcl-p::q::r-sub/dir/f.tcl::p::q::r] PASSED [ 46%]
tests/unit/core/test_models.py::TestProcEntryCanonicalName::test_canonical_name_mismatch_rejected PASSED [ 47%]
tests/unit/core/test_models.py::TestProcEntryLineInvariants::test_valid_spans PASSED [ 47%]
tests/unit/core/test_models.py::TestProcEntryLineInvariants::test_one_line_proc PASSED [ 47%]
tests/unit/core/test_models.py::TestProcEntryLineInvariants::test_empty_multiline_body_allowed PASSED [ 47%]
tests/unit/core/test_models.py::TestProcEntryLineInvariants::test_whitespace_body PASSED [ 47%]
tests/unit/core/test_models.py::TestProcEntryLineInvariants::test_zero_line_rejected PASSED [ 47%]
tests/unit/core/test_models.py::TestProcEntryLineInvariants::test_negative_line_rejected PASSED [ 47%]
tests/unit/core/test_models.py::TestProcEntryLineInvariants::test_start_after_end_rejected PASSED [ 47%]
tests/unit/core/test_models.py::TestProcEntryLineInvariants::test_body_outside_range_rejected PASSED [ 48%]
tests/unit/core/test_models.py::TestProcEntryLineInvariants::test_body_end_outside_range_rejected PASSED [ 48%]
tests/unit/core/test_models.py::TestProcEntryOptionalSpans::test_dpa_both_set PASSED [ 48%]
tests/unit/core/test_models.py::TestProcEntryOptionalSpans::test_dpa_only_start_rejected PASSED [ 48%]
tests/unit/core/test_models.py::TestProcEntryOptionalSpans::test_dpa_inverted_rejected PASSED [ 48%]
tests/unit/core/test_models.py::TestProcEntryOptionalSpans::test_dpa_zero_rejected PASSED [ 48%]
tests/unit/core/test_models.py::TestProcEntryOptionalSpans::test_comment_both_set PASSED [ 48%]
tests/unit/core/test_models.py::TestProcEntryOptionalSpans::test_comment_only_end_rejected PASSED [ 48%]
tests/unit/core/test_models.py::TestProcEntryCallsContract::test_empty_calls_allowed PASSED [ 49%]
tests/unit/core/test_models.py::TestProcEntryCallsContract::test_sorted_unique_calls_accepted PASSED [ 49%]
tests/unit/core/test_models.py::TestProcEntryCallsContract::test_unsorted_calls_rejected PASSED [ 49%]
tests/unit/core/test_models.py::TestProcEntryCallsContract::test_duplicate_calls_rejected PASSED [ 49%]
tests/unit/core/test_models.py::TestParsedFile::test_single_proc PASSED  [ 49%]
tests/unit/core/test_models.py::TestParsedFile::test_procs_sorted_by_start_line PASSED [ 49%]
tests/unit/core/test_models.py::TestParsedFile::test_procs_out_of_order_rejected PASSED [ 49%]
tests/unit/core/test_models.py::TestParsedFile::test_proc_path_mismatch_rejected PASSED [ 50%]
tests/unit/core/test_models.py::TestParsedFile::test_latin1_encoding PASSED [ 50%]
tests/unit/core/test_models.py::TestParseResult::test_empty PASSED       [ 50%]
tests/unit/core/test_models.py::TestParseResult::test_single_file_single_proc PASSED [ 50%]
tests/unit/core/test_models.py::TestParseResult::test_index_missing_proc_rejected PASSED [ 50%]
tests/unit/core/test_models.py::TestParseResult::test_index_extra_key_rejected PASSED [ 50%]
tests/unit/core/test_models.py::TestParseResult::test_duplicate_canonical_across_files_rejected PASSED [ 50%]
tests/unit/core/test_models.py::TestParseResult::test_index_must_be_sorted PASSED [ 50%]
tests/unit/core/test_models.py::TestParseResult::test_sorted_index_accepted PASSED [ 51%]
tests/unit/core/test_models.py::TestParseResult::test_index_entry_refers_to_different_instance_rejected PASSED [ 51%]
tests/unit/core/test_models.py::test_file_outcome_rejects_unsorted_procs PASSED [ 51%]
tests/unit/core/test_models.py::test_file_outcome_rejects_remove_with_bytes_out PASSED [ 51%]
tests/unit/core/test_models.py::test_file_outcome_rejects_full_copy_with_procs_removed PASSED [ 51%]
tests/unit/core/test_models.py::test_file_outcome_rejects_negative_bytes PASSED [ 51%]
tests/unit/core/test_models.py::test_trim_report_rejects_unsorted_outcomes PASSED [ 51%]
tests/unit/core/test_models.py::test_trim_report_rejects_derived_count_drift PASSED [ 51%]
tests/unit/core/test_models.py::test_trim_report_rejects_proc_count_drift PASSED [ 52%]
tests/unit/core/test_models.py::test_trim_report_accepts_consistent_totals PASSED [ 52%]
tests/unit/core/test_protocols.py::test_stub_fs_satisfies_protocol PASSED [ 52%]
tests/unit/core/test_protocols.py::test_stub_sink_satisfies_protocol PASSED [ 52%]
tests/unit/core/test_protocols.py::test_stub_progress_satisfies_protocol PASSED [ 52%]
tests/unit/core/test_protocols.py::test_incomplete_stub_fails_protocol PASSED [ 52%]
tests/unit/core/test_serialization.py::TestPrimitives::test_dict PASSED  [ 52%]
tests/unit/core/test_serialization.py::TestPrimitives::test_list PASSED  [ 52%]
tests/unit/core/test_serialization.py::TestPrimitives::test_none PASSED  [ 53%]
tests/unit/core/test_serialization.py::TestPrimitives::test_trailing_newline PASSED [ 53%]
tests/unit/core/test_serialization.py::TestPathEncoding::test_posix_on_all_platforms PASSED [ 53%]
tests/unit/core/test_serialization.py::TestPathEncoding::test_pure_path_variants PASSED [ 53%]
tests/unit/core/test_serialization.py::TestEnumEncoding::test_str_enum PASSED [ 53%]
tests/unit/core/test_serialization.py::TestEnumEncoding::test_int_enum PASSED [ 53%]
tests/unit/core/test_serialization.py::TestEnumEncoding::test_custom_enum PASSED [ 53%]
tests/unit/core/test_serialization.py::TestEnumEncoding::test_non_str_int_enum_uses_value PASSED [ 53%]
tests/unit/core/test_serialization.py::TestDatetime::test_datetime_iso PASSED [ 54%]
tests/unit/core/test_serialization.py::TestDatetime::test_timedelta_seconds PASSED [ 54%]
tests/unit/core/test_serialization.py::TestCollections::test_tuple_preserves_order PASSED [ 54%]
tests/unit/core/test_serialization.py::TestCollections::test_set_sorted PASSED [ 54%]
tests/unit/core/test_serialization.py::TestCollections::test_frozenset_sorted PASSED [ 54%]
tests/unit/core/test_serialization.py::TestDataclass::test_frozen_dataclass PASSED [ 54%]
tests/unit/core/test_serialization.py::TestDataclass::test_nested_dataclass PASSED [ 54%]
tests/unit/core/test_serialization.py::TestDataclass::test_diagnostic_round_trip PASSED [ 55%]
tests/unit/core/test_serialization.py::TestDeterminism::test_stable_output_across_dict_insertion_orders PASSED [ 55%]
tests/unit/core/test_serialization.py::TestDeterminism::test_sets_stable PASSED [ 55%]
tests/unit/core/test_serialization.py::TestRejectUnsupported::test_unserialisable_raises PASSED [ 55%]
tests/unit/core/test_serialization.py::TestRejectUnsupported::test_heterogeneous_set_is_deterministic PASSED [ 55%]
tests/unit/core/test_serialization.py::test_serialization_encodes_intenum_via_value PASSED [ 55%]
tests/unit/core/test_serialization.py::test_serialization_encodes_timedelta_as_seconds PASSED [ 55%]
tests/unit/generators/test_service.py::test_emit_stage_tcl_preserves_steps_verbatim PASSED [ 55%]
tests/unit/generators/test_service.py::test_emit_stage_tcl_includes_load_from_when_set PASSED [ 56%]
tests/unit/generators/test_service.py::test_stage_output_path_defaults_to_stage_name_tcl PASSED [ 56%]
tests/unit/generators/test_service.py::test_service_writes_one_file_per_stage PASSED [ 56%]
tests/unit/generators/test_service.py::test_service_dry_run_builds_artifacts_but_writes_nothing PASSED [ 56%]
tests/unit/generators/test_service.py::test_service_returns_stages_in_manifest_order PASSED [ 56%]
tests/unit/generators/test_service.py::test_service_no_stages_returns_empty_tuple PASSED [ 56%]
tests/unit/orchestrator/test_domain_state.py::test_case_1_domain_only PASSED [ 56%]
tests/unit/orchestrator/test_domain_state.py::test_case_2_both_present PASSED [ 56%]
tests/unit/orchestrator/test_domain_state.py::test_case_3_backup_only PASSED [ 57%]
tests/unit/orchestrator/test_domain_state.py::test_case_4_emits_ve21_and_returns_state PASSED [ 57%]
tests/unit/orchestrator/test_domain_state.py::test_dry_run_does_not_affect_classification PASSED [ 57%]
tests/unit/orchestrator/test_domain_state.py::test_nested_audit_dir_does_not_leak_into_classification PASSED [ 57%]
tests/unit/orchestrator/test_domain_state.py::test_hand_edited_flag_is_always_false PASSED [ 57%]
tests/unit/orchestrator/test_domain_state.py::test_custom_roots_are_honoured PASSED [ 57%]
tests/unit/orchestrator/test_runner.py::test_runner_case4_exits_with_code_2 PASSED [ 57%]
tests/unit/orchestrator/test_runner.py::test_runner_returns_run_result_with_summary PASSED [ 57%]
tests/unit/orchestrator/test_runner.py::test_has_errors_filters_by_phase PASSED [ 58%]
tests/unit/orchestrator/test_runner.py::test_has_errors_ignores_warnings PASSED [ 58%]
tests/unit/orchestrator/test_runner.py::test_runner_accepts_command_label[validate] PASSED [ 58%]
tests/unit/orchestrator/test_runner.py::test_runner_accepts_command_label[trim] PASSED [ 58%]
tests/unit/orchestrator/test_runner.py::TestP1ConfigGate::test_missing_base_json_aborts_with_exit_1 PASSED [ 58%]
tests/unit/orchestrator/test_runner.py::TestP1ConfigGate::test_base_json_missing_domain_file_emits_ve06_aborts PASSED [ 58%]
tests/unit/orchestrator/test_runner.py::TestP2ParseGate::test_unbalanced_brace_emits_pe02_and_aborts PASSED [ 58%]
tests/unit/orchestrator/test_runner.py::TestStrictMode::test_strict_escalates_warnings_to_exit_1 PASSED [ 58%]
tests/unit/orchestrator/test_runner.py::TestChopperErrorPath::test_chopper_error_yields_exit_3 PASSED [ 59%]
tests/unit/orchestrator/test_runner.py::TestChopperErrorPath::test_audit_exception_is_swallowed PASSED [ 59%]
tests/unit/orchestrator/test_runner.py::TestLiveTrimPath::test_live_trim_completes_and_writes_audit PASSED [ 59%]
tests/unit/orchestrator/test_runner.py::TestP3CompileGate::test_p3_error_aborts_pipeline_with_exit_1 PASSED [ 59%]
tests/unit/orchestrator/test_runner.py::TestP5TrimGate::test_p5_error_aborts_live_trim_with_exit_1 PASSED [ 59%]
tests/unit/orchestrator/test_runner.py::TestP6PostValidateGates::test_p6_error_live_path_aborts_exit_1 PASSED [ 59%]
tests/unit/orchestrator/test_runner.py::TestP6PostValidateGates::test_p6_error_dry_run_aborts_exit_1 PASSED [ 59%]
tests/unit/orchestrator/test_runner.py::test_runner_full_dry_run_happy_path PASSED [ 60%]
tests/unit/orchestrator/test_runner.py::test_runner_writes_audit_bundle_in_dry_run PASSED [ 60%]
tests/unit/parser/test_call_extractor.py::TestBasicCalls::test_single_user_call PASSED [ 60%]
tests/unit/parser/test_call_extractor.py::TestBasicCalls::test_multiple_user_calls_sorted_and_deduped PASSED [ 60%]
tests/unit/parser/test_call_extractor.py::TestBasicCalls::test_namespace_qualified_call PASSED [ 60%]
tests/unit/parser/test_call_extractor.py::TestBasicCalls::test_relative_qualified_call PASSED [ 60%]
tests/unit/parser/test_call_extractor.py::TestBasicCalls::test_call_after_semicolon PASSED [ 60%]
tests/unit/parser/test_call_extractor.py::TestBasicCalls::test_empty_body PASSED [ 60%]
tests/unit/parser/test_call_extractor.py::TestBasicCalls::test_whitespace_only_body PASSED [ 61%]
tests/unit/parser/test_call_extractor.py::TestSuppression::test_tcl_builtins_suppressed PASSED [ 61%]
tests/unit/parser/test_call_extractor.py::TestSuppression::test_dynamic_call_suppressed PASSED [ 61%]
tests/unit/parser/test_call_extractor.py::TestSuppression::test_log_proc_suppresses_first_word PASSED [ 61%]
tests/unit/parser/test_call_extractor.py::TestSuppression::test_log_proc_string_arg_not_a_call PASSED [ 61%]
tests/unit/parser/test_call_extractor.py::TestSuppression::test_log_proc_embedded_bracket_is_real PASSED [ 61%]
tests/unit/parser/test_call_extractor.py::TestSuppression::test_set_proc_name_suppresses_entire_command PASSED [ 61%]
tests/unit/parser/test_call_extractor.py::TestSuppression::test_info_exists_suppressed PASSED [ 61%]
tests/unit/parser/test_call_extractor.py::TestSuppression::test_dpa_second_word_not_extracted PASSED [ 62%]
tests/unit/parser/test_call_extractor.py::TestSuppression::test_set_app_var_suppressed PASSED [ 62%]
tests/unit/parser/test_call_extractor.py::TestBracketCalls::test_embedded_bracket_call PASSED [ 62%]
tests/unit/parser/test_call_extractor.py::TestBracketCalls::test_multiple_bracket_calls PASSED [ 62%]
tests/unit/parser/test_call_extractor.py::TestBracketCalls::test_bracket_call_builtin_suppressed PASSED [ 62%]
tests/unit/parser/test_call_extractor.py::TestBracketCalls::test_bracket_first_word_only PASSED [ 62%]
tests/unit/parser/test_call_extractor.py::TestSourceRefs::test_source_literal_path PASSED [ 62%]
tests/unit/parser/test_call_extractor.py::TestSourceRefs::test_iproc_source_file_flag PASSED [ 62%]
tests/unit/parser/test_call_extractor.py::TestSourceRefs::test_iproc_source_with_optional_flag PASSED [ 63%]
tests/unit/parser/test_call_extractor.py::TestSourceRefs::test_iproc_source_with_use_hooks_flag PASSED [ 63%]
tests/unit/parser/test_call_extractor.py::TestSourceRefs::test_source_with_echo_verbose_flags PASSED [ 63%]
tests/unit/parser/test_call_extractor.py::TestSourceRefs::test_source_dynamic_path_dropped PASSED [ 63%]
tests/unit/parser/test_call_extractor.py::TestSourceRefs::test_source_not_a_call_edge PASSED [ 63%]
tests/unit/parser/test_call_extractor.py::TestSourceRefs::test_multiple_sources_preserve_order PASSED [ 63%]
tests/unit/parser/test_call_extractor.py::TestEDAFlowCommands::test_eda_flow_commands_extracted_not_suppressed PASSED [ 63%]
tests/unit/parser/test_call_extractor.py::TestEDAFlowCommands::test_read_verilog_extracted PASSED [ 64%]
tests/unit/parser/test_call_extractor.py::TestControlFlowBodies::test_calls_inside_if_body PASSED [ 64%]
tests/unit/parser/test_call_extractor.py::TestControlFlowBodies::test_calls_inside_foreach_body PASSED [ 64%]
tests/unit/parser/test_call_extractor.py::TestControlFlowBodies::test_calls_inside_foreach_in_collection PASSED [ 64%]
tests/unit/parser/test_call_extractor.py::TestRealWorldNestedProcCalls::test_add_fm_td_constraints_surfaces_four_user_proc_calls PASSED [ 64%]
tests/unit/parser/test_call_extractor.py::TestRealWorldNestedProcCalls::test_add_fm_td_constraints_suppresses_tcl_builtins PASSED [ 64%]
tests/unit/parser/test_call_extractor.py::TestRealWorldNestedProcCalls::test_calls_inside_catch_body PASSED [ 64%]
tests/unit/parser/test_call_extractor.py::TestDeterminism::test_same_source_same_calls[proc foo {} { a; b; c }\n] PASSED [ 64%]
tests/unit/parser/test_call_extractor.py::TestDeterminism::test_same_source_same_calls[proc foo {} {\n    helper_a\n    helper_b\n}\n] PASSED [ 65%]
tests/unit/parser/test_call_extractor.py::TestDeterminism::test_same_source_same_calls[proc foo {} {\n    iproc_msg -info "[real_call $x]"\n}\n] PASSED [ 65%]
tests/unit/parser/test_call_extractor.py::TestDeterminism::test_calls_sorted_and_dedup PASSED [ 65%]
tests/unit/parser/test_call_extractor.py::TestDirectBodyExtractor::test_empty_body_range PASSED [ 65%]
tests/unit/parser/test_call_extractor.py::TestDirectBodyExtractor::test_only_comments_no_calls PASSED [ 65%]
tests/unit/parser/test_call_extractor.py::TestDirectBodyExtractor::test_direct_classify_skips_dollar PASSED [ 65%]
tests/unit/parser/test_call_extractor.py::TestDirectBodyExtractor::test_direct_source_extraction PASSED [ 65%]
tests/unit/parser/test_call_extractor.py::TestConstants::test_tcl_builtins_has_core PASSED [ 65%]
tests/unit/parser/test_call_extractor.py::TestConstants::test_source_is_a_builtin PASSED [ 66%]
tests/unit/parser/test_call_extractor.py::TestConstants::test_log_proc_names_nonempty PASSED [ 66%]
tests/unit/parser/test_call_extractor.py::TestConstants::test_eda_flow_commands_nonempty PASSED [ 66%]
tests/unit/parser/test_edge_case_fixtures.py::test_edge_case_fixture_parses_without_crashing[parser_backslash_line_continuation.tcl] PASSED [ 66%]
tests/unit/parser/test_edge_case_fixtures.py::test_edge_case_fixture_parses_without_crashing[parser_basic_multiple_procs.tcl] PASSED [ 66%]
tests/unit/parser/test_edge_case_fixtures.py::test_edge_case_fixture_parses_without_crashing[parser_basic_single_proc.tcl] PASSED [ 66%]
tests/unit/parser/test_edge_case_fixtures.py::test_edge_case_fixture_parses_without_crashing[parser_brace_in_string_literal.tcl] PASSED [ 66%]
tests/unit/parser/test_edge_case_fixtures.py::test_edge_case_fixture_parses_without_crashing[parser_call_extraction.tcl] PASSED [ 66%]
tests/unit/parser/test_edge_case_fixtures.py::test_edge_case_fixture_parses_without_crashing[parser_comment_with_braces_ignored.tcl] PASSED [ 67%]
tests/unit/parser/test_edge_case_fixtures.py::test_edge_case_fixture_parses_without_crashing[parser_computed_proc_name_skipped.tcl] PASSED [ 67%]
tests/unit/parser/test_edge_case_fixtures.py::test_edge_case_fixture_parses_without_crashing[parser_duplicate_proc_definition_error.tcl] PASSED [ 67%]
tests/unit/parser/test_edge_case_fixtures.py::test_edge_case_fixture_parses_without_crashing[parser_eda_complex_del_seq_rpt.tcl] PASSED [ 67%]
tests/unit/parser/test_edge_case_fixtures.py::test_edge_case_fixture_parses_without_crashing[parser_eda_complex_get_hier_summary.tcl] PASSED [ 67%]
tests/unit/parser/test_edge_case_fixtures.py::test_edge_case_fixture_parses_without_crashing[parser_empty_file.tcl] PASSED [ 67%]
tests/unit/parser/test_edge_case_fixtures.py::test_edge_case_fixture_parses_without_crashing[parser_empty_proc_body_forms.tcl] PASSED [ 67%]
tests/unit/parser/test_edge_case_fixtures.py::test_edge_case_fixture_parses_without_crashing[parser_encoding_latin1_fallback.tcl] PASSED [ 67%]
tests/unit/parser/test_edge_case_fixtures.py::test_edge_case_fixture_parses_without_crashing[parser_namespace_absolute_override.tcl] PASSED [ 68%]
tests/unit/parser/test_edge_case_fixtures.py::test_edge_case_fixture_parses_without_crashing[parser_namespace_reset_after_block.tcl] PASSED [ 68%]
tests/unit/parser/test_edge_case_fixtures.py::test_edge_case_fixture_parses_without_crashing[parser_nested_namespace_accumulates.tcl] PASSED [ 68%]
tests/unit/parser/test_edge_case_fixtures.py::test_edge_case_fixture_parses_without_crashing[parser_proc_inside_if_block.tcl] PASSED [ 68%]
tests/unit/parser/test_edge_case_fixtures.py::test_every_parser_fixture_is_covered PASSED [ 68%]
tests/unit/parser/test_namespace_tracker.py::TestEmpty::test_initial_state PASSED [ 68%]
tests/unit/parser/test_namespace_tracker.py::TestEmpty::test_empty_source PASSED [ 68%]
tests/unit/parser/test_namespace_tracker.py::TestNamespaceEval::test_single_namespace_eval PASSED [ 69%]
tests/unit/parser/test_namespace_tracker.py::TestNamespaceEval::test_nested_namespace_eval PASSED [ 69%]
tests/unit/parser/test_namespace_tracker.py::TestNamespaceEval::test_sequential_namespace_blocks_reset PASSED [ 69%]
tests/unit/parser/test_namespace_tracker.py::TestNamespaceEval::test_absolute_namespace_stripped PASSED [ 69%]
tests/unit/parser/test_namespace_tracker.py::TestNamespaceEval::test_computed_namespace_name_emits_diagnostic PASSED [ 69%]
tests/unit/parser/test_namespace_tracker.py::TestNamespaceEval::test_computed_namespace_with_brackets PASSED [ 69%]
tests/unit/parser/test_namespace_tracker.py::TestControlFlow::test_control_flow_keyword_pushes_context[if] PASSED [ 69%]
tests/unit/parser/test_namespace_tracker.py::TestControlFlow::test_control_flow_keyword_pushes_context[for] PASSED [ 69%]
tests/unit/parser/test_namespace_tracker.py::TestControlFlow::test_control_flow_keyword_pushes_context[foreach] PASSED [ 70%]
tests/unit/parser/test_namespace_tracker.py::TestControlFlow::test_control_flow_keyword_pushes_context[foreach_in_collection] PASSED [ 70%]
tests/unit/parser/test_namespace_tracker.py::TestControlFlow::test_control_flow_keyword_pushes_context[while] PASSED [ 70%]
tests/unit/parser/test_namespace_tracker.py::TestControlFlow::test_control_flow_keyword_pushes_context[switch] PASSED [ 70%]
tests/unit/parser/test_namespace_tracker.py::TestControlFlow::test_control_flow_keyword_pushes_context[catch] PASSED [ 70%]
tests/unit/parser/test_namespace_tracker.py::TestControlFlow::test_control_flow_keyword_pushes_context[eval] PASSED [ 70%]
tests/unit/parser/test_namespace_tracker.py::TestControlFlow::test_control_flow_pops_after_close PASSED [ 70%]
tests/unit/parser/test_namespace_tracker.py::TestProcBodyMarking::test_mark_proc_body_opening PASSED [ 70%]
tests/unit/parser/test_namespace_tracker.py::TestProcBodyMarking::test_mark_cleared_on_lbrace PASSED [ 71%]
tests/unit/parser/test_namespace_tracker.py::TestOtherContext::test_anonymous_brace_is_other PASSED [ 71%]
tests/unit/parser/test_namespace_tracker.py::TestOtherContext::test_namespace_eval_inside_control_flow_still_pushes_ns PASSED [ 71%]
tests/unit/parser/test_namespace_tracker.py::TestCommandReset::test_newline_resets_pending_opener PASSED [ 71%]
tests/unit/parser/test_namespace_tracker.py::TestCommandReset::test_semicolon_resets_pending_opener PASSED [ 71%]
tests/unit/parser/test_namespace_tracker.py::TestCommandReset::test_comment_breaks_pending_opener PASSED [ 71%]
tests/unit/parser/test_namespace_tracker.py::TestDepthTracking::test_depth_matches_tokenizer PASSED [ 71%]
tests/unit/parser/test_namespace_tracker.py::TestDepthTracking::test_intermediate_depth_queryable PASSED [ 71%]
tests/unit/parser/test_namespace_tracker.py::TestErrorHandling::test_unbalanced_rbrace_raises PASSED [ 72%]
tests/unit/parser/test_namespace_tracker.py::TestErrorHandling::test_file_root_never_popped PASSED [ 72%]
tests/unit/parser/test_proc_extractor.py::TestBasic::test_single_proc_one_line PASSED [ 72%]
tests/unit/parser/test_proc_extractor.py::TestBasic::test_multi_line_proc_body PASSED [ 72%]
tests/unit/parser/test_proc_extractor.py::TestBasic::test_multiple_procs PASSED [ 72%]
tests/unit/parser/test_proc_extractor.py::TestBasic::test_empty_file PASSED [ 72%]
tests/unit/parser/test_proc_extractor.py::TestBasic::test_no_procs_just_code PASSED [ 72%]
tests/unit/parser/test_proc_extractor.py::TestBasic::test_proc_sorted_by_start_line PASSED [ 73%]
tests/unit/parser/test_proc_extractor.py::TestBodyEdgeCases::test_empty_multiline_body PASSED [ 73%]
tests/unit/parser/test_proc_extractor.py::TestBodyEdgeCases::test_whitespace_only_body PASSED [ 73%]
tests/unit/parser/test_proc_extractor.py::TestNamespaceResolution::test_file_root_bare_name PASSED [ 73%]
tests/unit/parser/test_proc_extractor.py::TestNamespaceResolution::test_single_namespace PASSED [ 73%]
tests/unit/parser/test_proc_extractor.py::TestNamespaceResolution::test_nested_namespace PASSED [ 73%]
tests/unit/parser/test_proc_extractor.py::TestNamespaceResolution::test_absolute_at_file_root PASSED [ 73%]
tests/unit/parser/test_proc_extractor.py::TestNamespaceResolution::test_absolute_overrides_namespace PASSED [ 73%]
tests/unit/parser/test_proc_extractor.py::TestNamespaceResolution::test_absolute_overrides_nested_namespace PASSED [ 74%]
tests/unit/parser/test_proc_extractor.py::TestNamespaceResolution::test_subdirectory_path PASSED [ 74%]
tests/unit/parser/test_proc_extractor.py::TestNamespaceResolution::test_subdirectory_with_namespace PASSED [ 74%]
tests/unit/parser/test_proc_extractor.py::TestNamespaceResolution::test_deep_path_and_nested_namespace PASSED [ 74%]
tests/unit/parser/test_proc_extractor.py::TestContextSuppression::test_proc_inside_if_block_skipped PASSED [ 74%]
tests/unit/parser/test_proc_extractor.py::TestContextSuppression::test_proc_inside_namespace_eval_recognised PASSED [ 74%]
tests/unit/parser/test_proc_extractor.py::TestContextSuppression::test_proc_inside_control_flow_skipped[for] PASSED [ 74%]
tests/unit/parser/test_proc_extractor.py::TestContextSuppression::test_proc_inside_control_flow_skipped[foreach] PASSED [ 74%]
tests/unit/parser/test_proc_extractor.py::TestContextSuppression::test_proc_inside_control_flow_skipped[while] PASSED [ 75%]
tests/unit/parser/test_proc_extractor.py::TestContextSuppression::test_proc_inside_control_flow_skipped[catch] PASSED [ 75%]
tests/unit/parser/test_proc_extractor.py::TestContextSuppression::test_nested_proc_not_recognised PASSED [ 75%]
tests/unit/parser/test_proc_extractor.py::TestDiagnostics::test_computed_proc_name_pw01 PASSED [ 75%]
tests/unit/parser/test_proc_extractor.py::TestDiagnostics::test_computed_proc_name_with_bracket PASSED [ 75%]
tests/unit/parser/test_proc_extractor.py::TestDiagnostics::test_duplicate_proc_pe01 PASSED [ 75%]
tests/unit/parser/test_proc_extractor.py::TestDiagnostics::test_non_brace_body_pw03 PASSED [ 75%]
tests/unit/parser/test_proc_extractor.py::TestDiagnostics::test_computed_namespace_pw04_passthrough PASSED [ 75%]
tests/unit/parser/test_proc_extractor.py::TestDiagnostics::test_tokenizer_errors_short_circuit PASSED [ 76%]
tests/unit/parser/test_proc_extractor.py::TestCommentBanner::test_banner_detected PASSED [ 76%]
tests/unit/parser/test_proc_extractor.py::TestCommentBanner::test_no_banner PASSED [ 76%]
tests/unit/parser/test_proc_extractor.py::TestCommentBanner::test_blank_line_breaks_banner PASSED [ 76%]
tests/unit/parser/test_proc_extractor.py::TestCommentBanner::test_non_comment_breaks_banner PASSED [ 76%]
tests/unit/parser/test_proc_extractor.py::TestCommentBanner::test_banner_stops_at_code PASSED [ 76%]
tests/unit/parser/test_proc_extractor.py::TestDPA::test_dpa_attached PASSED [ 76%]
tests/unit/parser/test_proc_extractor.py::TestDPA::test_dpa_multi_line_continuation PASSED [ 76%]
tests/unit/parser/test_proc_extractor.py::TestDPA::test_dpa_with_blank_lines PASSED [ 77%]
tests/unit/parser/test_proc_extractor.py::TestDPA::test_dpa_comment_line_breaks_association PASSED [ 77%]
tests/unit/parser/test_proc_extractor.py::TestDPA::test_dpa_name_mismatch_pw11 PASSED [ 77%]
tests/unit/parser/test_proc_extractor.py::TestDPA::test_dpa_orphan_pi04 PASSED [ 77%]
tests/unit/parser/test_proc_extractor.py::TestDPA::test_dpa_matches_namespaced_proc PASSED [ 77%]
tests/unit/parser/test_proc_extractor.py::TestContinuation::test_proc_split_by_continuation PASSED [ 77%]
tests/unit/parser/test_proc_extractor.py::TestContinuation::test_quoted_args_word PASSED [ 77%]
tests/unit/parser/test_proc_extractor.py::TestDeterminism::test_same_input_same_output[proc foo {} {}\nproc bar {} {}\n] PASSED [ 78%]
tests/unit/parser/test_proc_extractor.py::TestDeterminism::test_same_input_same_output[namespace eval a {\n    proc p {} {}\n}\n] PASSED [ 78%]
tests/unit/parser/test_proc_extractor.py::TestDeterminism::test_same_input_same_output[# banner\nproc foo {} {}\ndefine_proc_attributes foo -info "x"\n] PASSED [ 78%]
tests/unit/parser/test_proc_extractor.py::TestDeterminism::test_diagnostics_sorted PASSED [ 78%]
tests/unit/parser/test_proc_extractor.py::TestProcEntryInvariants::test_calls_is_empty_in_stage_1d PASSED [ 78%]
tests/unit/parser/test_proc_extractor.py::TestProcEntryInvariants::test_dedupe_diag_unique_per_short PASSED [ 78%]
tests/unit/parser/test_service.py::TestParseFile::test_clean_no_procs PASSED [ 78%]
tests/unit/parser/test_service.py::TestParseFile::test_clean_one_proc PASSED [ 78%]
tests/unit/parser/test_service.py::TestParseFile::test_forwards_extractor_diagnostics PASSED [ 79%]
tests/unit/parser/test_service.py::TestParseFile::test_translates_multiple_diagnostic_kinds PASSED [ 79%]
tests/unit/parser/test_service.py::TestParseFile::test_tokenizer_error_emits_pe02_and_returns_empty PASSED [ 79%]
tests/unit/parser/test_service.py::TestParseFile::test_negative_depth_emits_pe02 PASSED [ 79%]
tests/unit/parser/test_service.py::TestParseFile::test_on_diagnostic_none_silent PASSED [ 79%]
tests/unit/parser/test_service.py::TestParseFile::test_pe02_emits_at_first_error_line PASSED [ 79%]
tests/unit/parser/test_service.py::TestParserServiceBasic::test_single_file PASSED [ 79%]
tests/unit/parser/test_service.py::TestParserServiceBasic::test_multiple_files PASSED [ 79%]
tests/unit/parser/test_service.py::TestParserServiceBasic::test_empty_file_list PASSED [ 80%]
tests/unit/parser/test_service.py::TestParserServiceBasic::test_service_is_stateless PASSED [ 80%]
tests/unit/parser/test_service.py::TestDeterminism::test_files_dict_is_lex_sorted PASSED [ 80%]
tests/unit/parser/test_service.py::TestDeterminism::test_index_keys_lex_sorted PASSED [ 80%]
tests/unit/parser/test_service.py::TestDeterminism::test_duplicate_input_paths_deduplicated PASSED [ 80%]
tests/unit/parser/test_service.py::TestEncoding::test_utf8_success PASSED [ 80%]
tests/unit/parser/test_service.py::TestEncoding::test_latin1_fallback_emits_pw02 PASSED [ 80%]
tests/unit/parser/test_service.py::TestEncoding::test_latin1_content_parsed PASSED [ 80%]
tests/unit/parser/test_service.py::TestPathNormalization::test_absolute_path_made_relative PASSED [ 81%]
tests/unit/parser/test_service.py::TestPathNormalization::test_relative_path_preserved PASSED [ 81%]
tests/unit/parser/test_service.py::TestPathNormalization::test_absolute_outside_domain_kept_asis PASSED [ 81%]
tests/unit/parser/test_service.py::TestRealWorldScenarios::test_dpa_with_crlf_and_backslash_continuation PASSED [ 81%]
tests/unit/parser/test_service.py::TestRealWorldScenarios::test_column_zero_proc_body_parses_as_single_proc PASSED [ 81%]
tests/unit/parser/test_service.py::TestRealWorldMessyFormatting::test_mixed_tab_space_indented_body_with_nested_regexp_braces PASSED [ 81%]
tests/unit/parser/test_service.py::TestRealWorldMessyFormatting::test_column_zero_body_with_tcl_code_inside_puts_strings PASSED [ 81%]
tests/unit/parser/test_service.py::TestRealWorldMessyFormatting::test_absolute_outside_domain_kept_asis PASSED [ 82%]
tests/unit/parser/test_service.py::TestDiagnosticForwarding::test_pe01_forwarded PASSED [ 82%]
tests/unit/parser/test_service.py::TestDiagnosticForwarding::test_pw04_forwarded PASSED [ 82%]
tests/unit/parser/test_service.py::TestDiagnosticForwarding::test_pe02_on_unbalanced_braces PASSED [ 82%]
tests/unit/parser/test_service.py::TestDiagnosticForwarding::test_all_diagnostics_carry_file_path PASSED [ 82%]
tests/unit/parser/test_service.py::TestPublicShape::test_service_is_frozen_dataclass PASSED [ 82%]
tests/unit/parser/test_service.py::TestPublicShape::test_parse_file_exported PASSED [ 82%]
tests/unit/parser/test_tokenizer.py::TestEmpty::test_empty_string PASSED [ 82%]
tests/unit/parser/test_tokenizer.py::TestEmpty::test_whitespace_only PASSED [ 83%]
tests/unit/parser/test_tokenizer.py::TestEmpty::test_single_newline PASSED [ 83%]
tests/unit/parser/test_tokenizer.py::TestWords::test_single_word PASSED  [ 83%]
tests/unit/parser/test_tokenizer.py::TestWords::test_two_words_same_line PASSED [ 83%]
tests/unit/parser/test_tokenizer.py::TestWords::test_words_across_lines PASSED [ 83%]
tests/unit/parser/test_tokenizer.py::TestWords::test_semicolon_resets_command_position PASSED [ 83%]
tests/unit/parser/test_tokenizer.py::TestBraces::test_empty_braces PASSED [ 83%]
tests/unit/parser/test_tokenizer.py::TestBraces::test_nested_braces PASSED [ 83%]
tests/unit/parser/test_tokenizer.py::TestBraces::test_proc_skeleton PASSED [ 84%]
tests/unit/parser/test_tokenizer.py::TestBraces::test_escaped_open_brace_not_structural PASSED [ 84%]
tests/unit/parser/test_tokenizer.py::TestBraces::test_escaped_close_brace_not_structural PASSED [ 84%]
tests/unit/parser/test_tokenizer.py::TestBraces::test_double_backslash_brace_is_structural PASSED [ 84%]
tests/unit/parser/test_tokenizer.py::TestBraceErrors::test_unbalanced_close_reports_negative_depth PASSED [ 84%]
tests/unit/parser/test_tokenizer.py::TestBraceErrors::test_unclosed_open_reports_unclosed PASSED [ 84%]
tests/unit/parser/test_tokenizer.py::TestBraceErrors::test_balanced_no_errors PASSED [ 84%]
tests/unit/parser/test_tokenizer.py::TestQuotedWords::test_simple_quoted_word PASSED [ 84%]
tests/unit/parser/test_tokenizer.py::TestQuotedWords::test_brace_inside_quoted_word_is_inert PASSED [ 85%]
tests/unit/parser/test_tokenizer.py::TestQuotedWords::test_escaped_quote_inside_quoted_word PASSED [ 85%]
tests/unit/parser/test_tokenizer.py::TestQuotedWords::test_quote_inside_braces_is_literal PASSED [ 85%]
tests/unit/parser/test_tokenizer.py::TestComments::test_simple_comment PASSED [ 85%]
tests/unit/parser/test_tokenizer.py::TestComments::test_leading_whitespace_comment PASSED [ 85%]
tests/unit/parser/test_tokenizer.py::TestComments::test_braces_in_comment_are_inert PASSED [ 85%]
tests/unit/parser/test_tokenizer.py::TestComments::test_hash_after_word_is_part_of_word PASSED [ 85%]
tests/unit/parser/test_tokenizer.py::TestComments::test_hash_after_semicolon_is_comment PASSED [ 85%]
tests/unit/parser/test_tokenizer.py::TestComments::test_comment_inside_proc_body PASSED [ 86%]
tests/unit/parser/test_tokenizer.py::TestBackslashContinuation::test_continuation_preserves_command PASSED [ 86%]
tests/unit/parser/test_tokenizer.py::TestBackslashContinuation::test_continuation_line_numbers_advance PASSED [ 86%]
tests/unit/parser/test_tokenizer.py::TestBackslashContinuation::test_continuation_brace_depth_unchanged PASSED [ 86%]
tests/unit/parser/test_tokenizer.py::TestBackslashContinuation::test_double_backslash_newline_is_not_continuation PASSED [ 86%]
tests/unit/parser/test_tokenizer.py::TestCommandPosition::test_first_word_on_each_line PASSED [ 86%]
tests/unit/parser/test_tokenizer.py::TestCommandPosition::test_lbrace_at_command_position_flag PASSED [ 86%]
tests/unit/parser/test_tokenizer.py::TestEdgeCases::test_unclosed_quote_reports_error PASSED [ 87%]
tests/unit/parser/test_tokenizer.py::TestEdgeCases::test_multiline_quoted_word PASSED [ 87%]
tests/unit/parser/test_tokenizer.py::TestEdgeCases::test_continuation_at_cmd_pos_preserved PASSED [ 87%]
tests/unit/parser/test_tokenizer.py::TestEdgeCases::test_escaped_backslash_before_newline_not_continuation PASSED [ 87%]
tests/unit/parser/test_tokenizer.py::TestEdgeCases::test_semicolon_inside_braces_still_emits_token PASSED [ 87%]
tests/unit/parser/test_tokenizer.py::TestEdgeCases::test_comment_after_semicolon_inside_braces_activates PASSED [ 87%]
tests/unit/parser/test_tokenizer.py::TestEdgeCases::test_dangling_backslash_at_eof PASSED [ 87%]
tests/unit/parser/test_tokenizer.py::TestEdgeCases::test_escaped_open_brace_in_word_stays_word PASSED [ 87%]
tests/unit/parser/test_tokenizer.py::TestDeterminism::test_same_input_same_output[] PASSED [ 88%]
tests/unit/parser/test_tokenizer.py::TestDeterminism::test_same_input_same_output[proc foo {} { return 1 }] PASSED [ 88%]
tests/unit/parser/test_tokenizer.py::TestDeterminism::test_same_input_same_output[namespace eval ns {\n  proc p {} {}\n}] PASSED [ 88%]
tests/unit/parser/test_tokenizer.py::TestDeterminism::test_same_input_same_output[set x 1; set y 2] PASSED [ 88%]
tests/unit/parser/test_tokenizer.py::TestDeterminism::test_same_input_same_output[# only a comment\n] PASSED [ 88%]
tests/unit/test_package_smoke.py::test_package_version_is_defined PASSED [ 88%]
tests/unit/test_testing_strategy_scenario_count.py::test_scenario_count_matches_roadmap PASSED [ 88%]
tests/unit/trimmer/test_proc_dropper.py::test_no_procs_returns_text_unchanged PASSED [ 88%]
tests/unit/trimmer/test_proc_dropper.py::test_drops_single_proc_from_middle PASSED [ 89%]
tests/unit/trimmer/test_proc_dropper.py::test_drop_preserves_trailing_newline_absence PASSED [ 89%]
tests/unit/trimmer/test_proc_dropper.py::test_drop_all_lines_returns_empty_string PASSED [ 89%]
tests/unit/trimmer/test_proc_dropper.py::test_comment_and_dpa_included_in_span PASSED [ 89%]
tests/unit/trimmer/test_proc_dropper.py::test_dpa_after_proc_still_absorbed PASSED [ 89%]
tests/unit/trimmer/test_proc_dropper.py::test_descending_order_preserves_coords_with_multiple_drops PASSED [ 89%]
tests/unit/trimmer/test_proc_dropper.py::test_overlapping_ranges_merge PASSED [ 89%]
tests/unit/trimmer/test_proc_dropper.py::test_out_of_range_raises_proc_drop_error PASSED [ 89%]
tests/unit/trimmer/test_proc_dropper.py::test_text_without_trailing_newline_round_trip PASSED [ 90%]
tests/unit/trimmer/test_proc_dropper.py::test_empty_text_with_bogus_span_errors PASSED [ 90%]
tests/unit/trimmer/test_proc_dropper.py::test_drop_last_proc_leaves_no_trailing_blank PASSED [ 90%]
tests/unit/trimmer/test_proc_dropper.py::test_real_world_dropping_one_proc_preserves_other_verbatim PASSED [ 90%]
tests/unit/trimmer/test_proc_dropper.py::test_real_world_drop_removes_banner_of_dropped_proc PASSED [ 90%]
tests/unit/trimmer/test_service.py::test_case_1_full_copy_rebuilds_domain PASSED [ 90%]
tests/unit/trimmer/test_service.py::test_case_1_preexisting_dot_chopper_is_not_backed_up PASSED [ 90%]
tests/unit/trimmer/test_service.py::test_case_2_discards_domain_rebuilds_from_backup PASSED [ 91%]
tests/unit/trimmer/test_service.py::test_case_3_rebuilds_from_backup PASSED [ 91%]
tests/unit/trimmer/test_service.py::test_case_4_raises_valueerror PASSED [ 91%]
tests/unit/trimmer/test_service.py::test_proc_trim_drops_non_surviving_procs PASSED [ 91%]
tests/unit/trimmer/test_service.py::test_proc_trim_out_of_range_emits_ve26_and_halts PASSED [ 91%]
tests/unit/trimmer/test_service.py::test_proc_trim_missing_in_parsed_emits_ve24 PASSED [ 91%]
tests/unit/trimmer/test_service.py::test_remove_does_not_write_file_but_records_outcome PASSED [ 91%]
tests/unit/trimmer/test_service.py::test_dry_run_performs_no_writes_but_produces_report PASSED [ 91%]
tests/unit/trimmer/test_service.py::test_generated_treatment_is_skipped_by_trimmer PASSED [ 92%]
tests/unit/trimmer/test_service.py::test_generated_treatment_skipped_in_dry_run PASSED [ 92%]
tests/unit/trimmer/test_service.py::test_report_outcomes_are_lex_sorted_by_path PASSED [ 92%]
tests/unit/trimmer/test_service.py::test_dry_run_plan_reports_all_non_generated_treatments PASSED [ 92%]
tests/unit/trimmer/test_service.py::test_prepare_workspace_oserror_emits_ve23_and_returns_interrupted PASSED [ 92%]
tests/unit/trimmer/test_service.py::test_dispatch_oserror_emits_ve25_and_halts PASSED [ 92%]
tests/unit/trimmer/test_service.py::test_dispatch_receives_generated_raises_valueerror PASSED [ 92%]
tests/unit/trimmer/test_service.py::test_dispatch_unknown_treatment_raises_valueerror PASSED [ 92%]
tests/unit/trimmer/test_service.py::test_plan_only_report_unknown_treatment_raises_valueerror PASSED [ 93%]
tests/unit/validator/test_validator.py::test_validate_pre_emits_vi01_for_empty_base PASSED [ 93%]
tests/unit/validator/test_validator.py::test_validate_pre_skips_vi01_when_files_present PASSED [ 93%]
tests/unit/validator/test_validator.py::test_validate_pre_emits_ve06_when_literal_file_missing PASSED [ 93%]
tests/unit/validator/test_validator.py::test_validate_pre_does_not_emit_ve06_when_file_present PASSED [ 93%]
tests/unit/validator/test_validator.py::test_validate_pre_emits_ve09_for_unbalanced_bracket PASSED [ 93%]
tests/unit/validator/test_validator.py::test_validate_pre_accepts_wellformed_star_glob PASSED [ 93%]
tests/unit/validator/test_validator.py::test_validate_pre_emits_vw03_when_glob_has_no_matches PASSED [ 93%]
tests/unit/validator/test_validator.py::test_validate_pre_skips_vw03_when_exclude_has_no_matches PASSED [ 94%]
tests/unit/validator/test_validator.py::test_validate_pre_emits_vw04_when_feature_domain_differs PASSED [ 94%]
tests/unit/validator/test_validator.py::test_validate_pre_skips_vw04_when_feature_domain_none PASSED [ 94%]
tests/unit/validator/test_validator.py::test_validate_pre_emits_ve17_when_project_domain_mismatch PASSED [ 94%]
tests/unit/validator/test_validator.py::test_validate_pre_ve17_is_case_insensitive PASSED [ 94%]
tests/unit/validator/test_validator.py::test_validate_pre_emits_ve18_for_duplicate_feature_path PASSED [ 94%]
tests/unit/validator/test_validator.py::test_validate_post_emits_ve16_on_brace_imbalance PASSED [ 94%]
tests/unit/validator/test_validator.py::test_validate_post_skips_ve16_when_balanced PASSED [ 94%]
tests/unit/validator/test_validator.py::test_validate_post_ignores_escaped_braces PASSED [ 95%]
tests/unit/validator/test_validator.py::test_validate_post_emits_vw05_for_call_into_removed_proc PASSED [ 95%]
tests/unit/validator/test_validator.py::test_validate_post_emits_vw06_for_source_into_removed_file PASSED [ 95%]
tests/unit/validator/test_validator.py::test_validate_post_ignores_unresolved_edges PASSED [ 95%]
tests/unit/validator/test_validator.py::test_validate_post_emits_vw14_for_missing_step_file PASSED [ 95%]
tests/unit/validator/test_validator.py::test_validate_post_accepts_present_step_file PASSED [ 95%]
tests/unit/validator/test_validator.py::test_validate_post_emits_vw15_for_missing_proc_step PASSED [ 95%]
tests/unit/validator/test_validator.py::test_validate_post_accepts_present_proc_step PASSED [ 96%]
tests/unit/validator/test_validator.py::test_validate_post_emits_vw16_for_source_cmd_missing_target PASSED [ 96%]
tests/unit/validator/test_validator.py::test_validate_post_emits_vw17_for_external_path PASSED [ 96%]
tests/unit/validator/test_validator.py::test_validate_post_vw17_triggers_for_dotdot_path PASSED [ 96%]
tests/integration/test_cli_e2e.py::TestValidateSubcommand::test_validate_happy_path_returns_zero PASSED [ 96%]
tests/integration/test_cli_e2e.py::TestValidateSubcommand::test_validate_with_strict_and_no_warnings_still_zero PASSED [ 96%]
tests/integration/test_cli_e2e.py::TestValidateSubcommand::test_validate_missing_base_fails_exit_1 PASSED [ 96%]
tests/integration/test_cli_e2e.py::TestTrimSubcommand::test_trim_dry_run_returns_zero PASSED [ 96%]
tests/integration/test_cli_e2e.py::TestTrimSubcommand::test_trim_live_writes_backup_and_rebuilt_domain PASSED [ 97%]
tests/integration/test_cli_e2e.py::TestCleanupSubcommand::test_cleanup_without_confirm_refuses_exit_2 PASSED [ 97%]
tests/integration/test_cli_e2e.py::TestCleanupSubcommand::test_cleanup_with_no_backup_returns_zero PASSED [ 97%]
tests/integration/test_cli_e2e.py::TestCleanupSubcommand::test_cleanup_removes_existing_backup PASSED [ 97%]
tests/integration/test_cli_e2e.py::TestGlobalFlags::test_quiet_flag_uses_silent_progress PASSED [ 97%]
tests/integration/test_cli_e2e.py::TestGlobalFlags::test_plain_flag_disables_rich_styling PASSED [ 97%]
tests/integration/test_cli_e2e.py::TestGlobalFlags::test_project_and_base_mutually_exclusive_exits_nonzero PASSED [ 97%]
tests/integration/test_cli_e2e.py::TestGlobalFlags::test_trim_requires_base_or_project PASSED [ 97%]
tests/integration/test_cli_e2e.py::TestRenderDirect::test_render_diagnostics_with_path_and_line PASSED [ 98%]
tests/integration/test_cli_e2e.py::TestRenderDirect::test_render_diagnostics_without_path PASSED [ 98%]
tests/integration/test_cli_e2e.py::TestRenderDirect::test_render_diagnostics_info_level PASSED [ 98%]
tests/integration/test_cli_e2e.py::TestRenderDirect::test_render_diagnostics_defaults_to_stderr PASSED [ 98%]
tests/integration/test_cli_e2e.py::TestRenderDirect::test_render_cleanup_message_default_stream_stdout PASSED [ 98%]
tests/integration/test_runner_localfs_e2e.py::test_runner_localfs_dry_run_mini_domain PASSED [ 98%]
tests/integration/test_smoke.py::test_crash_harness_declares_expected_transition_points PASSED [ 98%]
tests/golden/test_audit_artifacts_golden.py::test_chopper_run_json_shape PASSED [ 98%]
tests/golden/test_audit_artifacts_golden.py::test_compiled_manifest_json_shape PASSED [ 99%]
tests/golden/test_audit_artifacts_golden.py::test_dependency_graph_json_shape PASSED [ 99%]
tests/golden/test_audit_artifacts_golden.py::test_trim_report_json_shape PASSED [ 99%]
tests/golden/test_smoke.py::test_golden_guide_uses_current_paths PASSED  [ 99%]
tests/property/test_determinism.py::test_dump_model_is_idempotent PASSED [ 99%]
tests/property/test_determinism.py::test_dump_model_is_insertion_order_independent PASSED [ 99%]
tests/property/test_determinism.py::test_bfs_visit_is_deterministic_under_input_shuffling PASSED [ 99%]
tests/property/test_smoke.py::test_generated_repo_paths_remain_posix PASSED [100%]

---------- coverage: platform win32, python 3.14.4-final-0 -----------
Name                                       Stmts   Miss Branch BrPart  Cover   Missing
--------------------------------------------------------------------------------------
src\chopper\__init__.py                        1      0      0      0   100%
src\chopper\adapters\__init__.py               7      0      0      0   100%
src\chopper\adapters\fs_local.py              38      0      8      0   100%
src\chopper\adapters\fs_memory.py            140      4     88      5    96%   106, 121->120, 138-139, 166->168, 186
src\chopper\adapters\progress_rich.py         18      0      2      0   100%
src\chopper\adapters\progress_silent.py        4      0      0      0   100%
src\chopper\adapters\sink_collecting.py       21      0      2      0   100%
src\chopper\audit\__init__.py                  3      0      0      0   100%
src\chopper\audit\hashing.py                   5      0      0      0   100%
src\chopper\audit\service.py                  69      7     16      1    88%   80-84, 132-138
src\chopper\audit\sloc.py                     36      1     18      1    96%   62
src\chopper\audit\writers.py                 231      1     68      1    99%   609
src\chopper\cli\__init__.py                    3      0      0      0   100%
src\chopper\cli\commands.py                   63      0     14      0   100%
src\chopper\cli\main.py                       40      0      6      0   100%
src\chopper\cli\render.py                     27      0      6      0   100%
src\chopper\compiler\__init__.py               4      0      0      0   100%
src\chopper\compiler\flow_resolver.py        136      3     54      4    96%   210, 279, 335, 340->exit
src\chopper\compiler\merge_service.py        311      7    134      7    97%   191->190, 402, 417, 462, 612, 822->829, 827-828, 830
src\chopper\compiler\trace_service.py        148      3     64      3    97%   261, 269, 277
src\chopper\config\__init__.py                 3      0      0      0   100%
src\chopper\config\loaders.py                103      1     46      1    99%   108
src\chopper\config\schema.py                  49      1      8      1    96%   78
src\chopper\config\service.py                 91      1     34      1    98%   195
src\chopper\core\__init__.py                   1      0      0      0   100%
src\chopper\core\_diagnostic_registry.py      23      0      0      0   100%
src\chopper\core\context.py                   26      0      0      0   100%
src\chopper\core\diagnostics.py               60      0      8      0   100%
src\chopper\core\errors.py                     4      0      0      0   100%
src\chopper\core\models.py                   454      0    152      0   100%
src\chopper\core\protocols.py                 18      0      0      0   100%
src\chopper\core\serialization.py             30      0     12      0   100%
src\chopper\generators\__init__.py             3      0      0      0   100%
src\chopper\generators\service.py             21      2      4      0    92%   54-55
src\chopper\generators\stage_emitter.py       14      0      2      0   100%
src\chopper\orchestrator\__init__.py           5      0      0      0   100%
src\chopper\orchestrator\domain_state.py      21      0      6      0   100%
src\chopper\orchestrator\gates.py              9      0      4      0   100%
src\chopper\orchestrator\runner.py            98      0     18      0   100%
src\chopper\parser\__init__.py                 1      0      0      0   100%
src\chopper\parser\call_extractor.py          97      7     52      8    90%   394, 396, 408-409, 417, 423->428, 425, 427
src\chopper\parser\namespace_tracker.py      147      0     42      4    98%   144->exit, 230->exit, 312->322, 319->322
src\chopper\parser\proc_extractor.py         272     23    116     24    88%   207->230, 225->230, 305, 308, 323, 325, 331, 333, 336, 348, 366, 372, 385, 398, 400, 404, 406, 409, 412, 414, 422, 446-453, 619, 668
src\chopper\parser\service.py                 83      4     28      3    94%   124->135, 163, 173, 267-271
src\chopper\parser\tokenizer.py              142      6     46      3    95%   225->227, 259-261, 292-294
src\chopper\trimmer\__init__.py                3      0      0      0   100%
src\chopper\trimmer\file_writer.py            38      2      4      2    90%   39->41, 75->78, 102-103
src\chopper\trimmer\proc_dropper.py           55      1     26      1    98%   77
src\chopper\trimmer\service.py               110      0     36      0   100%
src\chopper\validator\__init__.py              3      0      0      0   100%
src\chopper\validator\functions.py           198     17    102     11    90%   131->128, 241, 244-246, 262, 269-270, 274-275, 286-287, 327-332, 392, 405->383, 469, 486->494, 510->exit, 538, 540
--------------------------------------------------------------------------------------
TOTAL                                       3487     91   1226     81    96%

Required test coverage of 78% reached. Total coverage: 96.27%

============================ slowest 10 durations =============================
0.90s call     tests/property/test_determinism.py::test_dump_model_is_idempotent
0.65s call     tests/property/test_smoke.py::test_generated_repo_paths_remain_posix
0.30s call     tests/property/test_determinism.py::test_dump_model_is_insertion_order_independent
0.28s call     tests/property/test_determinism.py::test_bfs_visit_is_deterministic_under_input_shuffling
0.20s setup    tests/golden/test_audit_artifacts_golden.py::test_chopper_run_json_shape
0.11s call     tests/integration/test_runner_localfs_e2e.py::test_runner_localfs_dry_run_mini_domain
0.11s call     tests/unit/audit/test_audit.py::test_render_compiled_manifest_empty_record_is_valid_json
0.10s call     tests/unit/adapters/test_progress_rich.py::TestRichProgressAvailable::test_styled_mode_constructs
0.10s call     tests/integration/test_cli_e2e.py::TestGlobalFlags::test_plain_flag_disables_rich_styling
0.09s call     tests/unit/orchestrator/test_runner.py::TestP2ParseGate::test_unbalanced_brace_emits_pe02_and_aborts
============================ 778 passed in 11.30s =============================
